mode: set
github.com/AntoineGS/tidydots/internal/config/appconfig.go:26.42,28.16 2 1
github.com/AntoineGS/tidydots/internal/config/appconfig.go:28.16,30.3 1 0
github.com/AntoineGS/tidydots/internal/config/appconfig.go:32.2,35.16 3 1
github.com/AntoineGS/tidydots/internal/config/appconfig.go:35.16,36.25 1 1
github.com/AntoineGS/tidydots/internal/config/appconfig.go:36.25,38.4 1 1
github.com/AntoineGS/tidydots/internal/config/appconfig.go:40.3,40.56 1 0
github.com/AntoineGS/tidydots/internal/config/appconfig.go:43.2,44.51 2 1
github.com/AntoineGS/tidydots/internal/config/appconfig.go:44.51,46.3 1 1
github.com/AntoineGS/tidydots/internal/config/appconfig.go:48.2,48.25 1 1
github.com/AntoineGS/tidydots/internal/config/appconfig.go:48.25,50.3 1 1
github.com/AntoineGS/tidydots/internal/config/appconfig.go:53.2,56.58 2 1
github.com/AntoineGS/tidydots/internal/config/appconfig.go:56.58,58.3 1 1
github.com/AntoineGS/tidydots/internal/config/appconfig.go:60.2,60.18 1 1
github.com/AntoineGS/tidydots/internal/config/appconfig.go:64.42,66.16 2 1
github.com/AntoineGS/tidydots/internal/config/appconfig.go:66.16,68.3 1 0
github.com/AntoineGS/tidydots/internal/config/appconfig.go:70.2,71.53 2 1
github.com/AntoineGS/tidydots/internal/config/appconfig.go:71.53,73.3 1 0
github.com/AntoineGS/tidydots/internal/config/appconfig.go:75.2,78.16 3 1
github.com/AntoineGS/tidydots/internal/config/appconfig.go:78.16,80.3 1 0
github.com/AntoineGS/tidydots/internal/config/appconfig.go:83.2,86.72 2 1
github.com/AntoineGS/tidydots/internal/config/appconfig.go:86.72,88.3 1 0
github.com/AntoineGS/tidydots/internal/config/appconfig.go:90.2,90.12 1 1
github.com/AntoineGS/tidydots/internal/config/appconfig.go:94.48,96.2 1 1
github.com/AntoineGS/tidydots/internal/config/appconfig.go:100.29,102.16 2 1
github.com/AntoineGS/tidydots/internal/config/appconfig.go:102.16,104.3 1 0
github.com/AntoineGS/tidydots/internal/config/appconfig.go:106.2,106.57 1 1
github.com/AntoineGS/tidydots/internal/config/config.go:32.41,34.16 2 1
github.com/AntoineGS/tidydots/internal/config/config.go:34.16,36.3 1 1
github.com/AntoineGS/tidydots/internal/config/config.go:38.2,39.51 2 1
github.com/AntoineGS/tidydots/internal/config/config.go:39.51,41.3 1 1
github.com/AntoineGS/tidydots/internal/config/config.go:43.2,43.22 1 1
github.com/AntoineGS/tidydots/internal/config/config.go:43.22,45.3 1 1
github.com/AntoineGS/tidydots/internal/config/config.go:47.2,47.22 1 1
github.com/AntoineGS/tidydots/internal/config/config.go:47.22,49.3 1 1
github.com/AntoineGS/tidydots/internal/config/config.go:51.2,51.18 1 1
github.com/AntoineGS/tidydots/internal/config/config.go:56.57,58.32 1 1
github.com/AntoineGS/tidydots/internal/config/config.go:58.32,59.44 1 1
github.com/AntoineGS/tidydots/internal/config/config.go:59.44,61.59 2 1
github.com/AntoineGS/tidydots/internal/config/config.go:61.59,63.5 1 1
github.com/AntoineGS/tidydots/internal/config/config.go:65.4,65.54 1 1
github.com/AntoineGS/tidydots/internal/config/config.go:65.54,67.5 1 1
github.com/AntoineGS/tidydots/internal/config/config.go:73.79,76.37 2 1
github.com/AntoineGS/tidydots/internal/config/config.go:76.37,77.39 1 1
github.com/AntoineGS/tidydots/internal/config/config.go:77.39,79.4 1 1
github.com/AntoineGS/tidydots/internal/config/config.go:82.2,82.15 1 1
github.com/AntoineGS/tidydots/internal/config/config.go:86.69,91.27 3 1
github.com/AntoineGS/tidydots/internal/config/config.go:91.27,93.3 1 1
github.com/AntoineGS/tidydots/internal/config/config.go:95.2,96.27 2 1
github.com/AntoineGS/tidydots/internal/config/config.go:96.27,98.3 1 1
github.com/AntoineGS/tidydots/internal/config/config.go:100.2,100.15 1 1
github.com/AntoineGS/tidydots/internal/config/config.go:104.75,108.27 3 1
github.com/AntoineGS/tidydots/internal/config/config.go:108.27,109.37 1 1
github.com/AntoineGS/tidydots/internal/config/config.go:109.37,110.24 1 1
github.com/AntoineGS/tidydots/internal/config/config.go:110.24,112.5 1 1
github.com/AntoineGS/tidydots/internal/config/config.go:116.2,117.27 2 1
github.com/AntoineGS/tidydots/internal/config/config.go:117.27,118.37 1 1
github.com/AntoineGS/tidydots/internal/config/config.go:118.37,119.24 1 1
github.com/AntoineGS/tidydots/internal/config/config.go:119.24,121.5 1 1
github.com/AntoineGS/tidydots/internal/config/config.go:125.2,125.15 1 1
github.com/AntoineGS/tidydots/internal/config/config.go:129.75,133.27 3 0
github.com/AntoineGS/tidydots/internal/config/config.go:133.27,134.23 1 0
github.com/AntoineGS/tidydots/internal/config/config.go:134.23,136.4 1 0
github.com/AntoineGS/tidydots/internal/config/config.go:139.2,139.15 1 0
github.com/AntoineGS/tidydots/internal/config/config.go:153.99,154.68 1 1
github.com/AntoineGS/tidydots/internal/config/config.go:154.68,156.3 1 1
github.com/AntoineGS/tidydots/internal/config/config.go:158.2,159.16 2 1
github.com/AntoineGS/tidydots/internal/config/config.go:159.16,162.3 2 0
github.com/AntoineGS/tidydots/internal/config/config.go:164.2,164.38 1 1
github.com/AntoineGS/tidydots/internal/config/config.go:170.64,171.16 1 1
github.com/AntoineGS/tidydots/internal/config/config.go:171.16,173.3 1 1
github.com/AntoineGS/tidydots/internal/config/config.go:176.2,176.35 1 1
github.com/AntoineGS/tidydots/internal/config/config.go:176.35,178.17 2 1
github.com/AntoineGS/tidydots/internal/config/config.go:178.17,180.4 1 1
github.com/AntoineGS/tidydots/internal/config/config.go:181.8,181.24 1 1
github.com/AntoineGS/tidydots/internal/config/config.go:181.24,183.17 2 1
github.com/AntoineGS/tidydots/internal/config/config.go:183.17,185.4 1 1
github.com/AntoineGS/tidydots/internal/config/config.go:189.2,189.34 1 1
github.com/AntoineGS/tidydots/internal/config/config.go:189.34,191.3 1 1
github.com/AntoineGS/tidydots/internal/config/config.go:194.2,196.13 2 1
github.com/AntoineGS/tidydots/internal/config/config.go:200.43,202.16 2 1
github.com/AntoineGS/tidydots/internal/config/config.go:202.16,204.3 1 0
github.com/AntoineGS/tidydots/internal/config/config.go:208.2,208.55 1 1
github.com/AntoineGS/tidydots/internal/config/config.go:208.55,210.3 1 1
github.com/AntoineGS/tidydots/internal/config/config.go:212.2,212.12 1 1
github.com/AntoineGS/tidydots/internal/config/config.go:216.49,221.38 4 1
github.com/AntoineGS/tidydots/internal/config/config.go:221.38,223.3 1 0
github.com/AntoineGS/tidydots/internal/config/config.go:225.2,225.36 1 1
github.com/AntoineGS/tidydots/internal/config/config.go:225.36,227.3 1 0
github.com/AntoineGS/tidydots/internal/config/config.go:229.2,229.25 1 1
github.com/AntoineGS/tidydots/internal/config/entry.go:21.36,21.59 1 1
github.com/AntoineGS/tidydots/internal/config/entry.go:24.42,24.71 1 1
github.com/AntoineGS/tidydots/internal/config/entry.go:28.58,29.15 1 1
github.com/AntoineGS/tidydots/internal/config/entry.go:29.15,31.3 1 1
github.com/AntoineGS/tidydots/internal/config/entry.go:33.2,33.21 1 1
github.com/AntoineGS/tidydots/internal/config/entry.go:33.21,35.3 1 1
github.com/AntoineGS/tidydots/internal/config/entry.go:38.2,38.22 1 1
github.com/AntoineGS/tidydots/internal/config/entry.go:38.22,40.3 1 1
github.com/AntoineGS/tidydots/internal/config/entry.go:43.2,44.25 2 1
github.com/AntoineGS/tidydots/internal/config/entry.go:44.25,46.3 1 1
github.com/AntoineGS/tidydots/internal/config/entry.go:47.2,49.20 2 1
github.com/AntoineGS/tidydots/internal/config/entry.go:76.67,78.9 2 1
github.com/AntoineGS/tidydots/internal/config/entry.go:78.9,80.3 1 0
github.com/AntoineGS/tidydots/internal/config/entry.go:82.2,83.16 2 1
github.com/AntoineGS/tidydots/internal/config/entry.go:83.16,85.3 1 0
github.com/AntoineGS/tidydots/internal/config/entry.go:87.2,88.58 2 1
github.com/AntoineGS/tidydots/internal/config/entry.go:88.58,90.3 1 0
github.com/AntoineGS/tidydots/internal/config/entry.go:92.2,92.40 1 1
github.com/AntoineGS/tidydots/internal/config/entry.go:96.73,98.9 2 1
github.com/AntoineGS/tidydots/internal/config/entry.go:98.9,100.3 1 0
github.com/AntoineGS/tidydots/internal/config/entry.go:102.2,103.16 2 1
github.com/AntoineGS/tidydots/internal/config/entry.go:103.16,105.3 1 0
github.com/AntoineGS/tidydots/internal/config/entry.go:107.2,108.70 2 1
github.com/AntoineGS/tidydots/internal/config/entry.go:108.70,110.3 1 0
github.com/AntoineGS/tidydots/internal/config/entry.go:112.2,112.52 1 1
github.com/AntoineGS/tidydots/internal/config/entry.go:117.82,120.8 2 1
github.com/AntoineGS/tidydots/internal/config/entry.go:120.8,122.3 1 1
github.com/AntoineGS/tidydots/internal/config/entry.go:125.2,126.9 2 1
github.com/AntoineGS/tidydots/internal/config/entry.go:126.9,128.3 1 0
github.com/AntoineGS/tidydots/internal/config/entry.go:130.2,131.36 2 1
github.com/AntoineGS/tidydots/internal/config/entry.go:131.36,132.39 1 1
github.com/AntoineGS/tidydots/internal/config/entry.go:132.39,134.4 1 1
github.com/AntoineGS/tidydots/internal/config/entry.go:137.2,137.36 1 1
github.com/AntoineGS/tidydots/internal/config/entry.go:137.36,139.10 2 1
github.com/AntoineGS/tidydots/internal/config/entry.go:139.10,141.4 1 0
github.com/AntoineGS/tidydots/internal/config/entry.go:143.3,143.31 1 1
github.com/AntoineGS/tidydots/internal/config/entry.go:143.31,144.34 1 1
github.com/AntoineGS/tidydots/internal/config/entry.go:144.34,146.5 1 1
github.com/AntoineGS/tidydots/internal/config/entry.go:150.2,150.16 1 1
github.com/AntoineGS/tidydots/internal/config/entry.go:155.62,164.42 3 1
github.com/AntoineGS/tidydots/internal/config/entry.go:164.42,166.3 1 0
github.com/AntoineGS/tidydots/internal/config/entry.go:169.2,169.25 1 1
github.com/AntoineGS/tidydots/internal/config/entry.go:169.25,171.40 2 1
github.com/AntoineGS/tidydots/internal/config/entry.go:171.40,177.15 2 1
github.com/AntoineGS/tidydots/internal/config/entry.go:178.15,179.41 1 1
github.com/AntoineGS/tidydots/internal/config/entry.go:180.21,181.47 1 1
github.com/AntoineGS/tidydots/internal/config/entry.go:182.12,183.49 1 1
github.com/AntoineGS/tidydots/internal/config/entry.go:186.4,186.18 1 1
github.com/AntoineGS/tidydots/internal/config/entry.go:186.18,188.5 1 0
github.com/AntoineGS/tidydots/internal/config/entry.go:190.4,190.25 1 1
github.com/AntoineGS/tidydots/internal/config/entry.go:194.2,197.12 3 1
github.com/AntoineGS/tidydots/internal/config/entry.go:201.73,202.24 1 1
github.com/AntoineGS/tidydots/internal/config/entry.go:202.24,204.3 1 0
github.com/AntoineGS/tidydots/internal/config/entry.go:206.2,207.49 2 1
github.com/AntoineGS/tidydots/internal/config/entry.go:207.49,209.3 1 1
github.com/AntoineGS/tidydots/internal/config/entry.go:211.2,211.32 1 1
github.com/AntoineGS/tidydots/internal/config/entry.go:215.61,216.24 1 0
github.com/AntoineGS/tidydots/internal/config/entry.go:216.24,218.3 1 0
github.com/AntoineGS/tidydots/internal/config/entry.go:220.2,221.29 2 0
github.com/AntoineGS/tidydots/internal/config/entry.go:221.29,223.3 1 0
github.com/AntoineGS/tidydots/internal/config/entry.go:225.2,225.24 1 0
github.com/AntoineGS/tidydots/internal/config/entry.go:229.73,230.24 1 1
github.com/AntoineGS/tidydots/internal/config/entry.go:230.24,232.3 1 1
github.com/AntoineGS/tidydots/internal/config/entry.go:234.2,235.35 2 1
github.com/AntoineGS/tidydots/internal/config/entry.go:235.35,237.3 1 1
github.com/AntoineGS/tidydots/internal/config/entry.go:239.2,239.30 1 1
github.com/AntoineGS/tidydots/internal/config/entry.go:263.36,265.2 1 1
github.com/AntoineGS/tidydots/internal/config/entry.go:268.36,270.2 1 1
github.com/AntoineGS/tidydots/internal/config/entry.go:273.52,274.41 1 1
github.com/AntoineGS/tidydots/internal/config/entry.go:274.41,276.3 1 1
github.com/AntoineGS/tidydots/internal/config/entry.go:278.2,278.11 1 0
github.com/AntoineGS/tidydots/internal/config/entry.go:282.41,284.2 1 1
github.com/AntoineGS/tidydots/internal/config/errors.go:22.37,24.2 1 0
github.com/AntoineGS/tidydots/internal/config/errors.go:26.37,28.2 1 1
github.com/AntoineGS/tidydots/internal/config/errors.go:31.71,38.2 1 1
github.com/AntoineGS/tidydots/internal/config/validate.go:10.38,12.40 1 0
github.com/AntoineGS/tidydots/internal/config/validate.go:12.40,14.3 1 0
github.com/AntoineGS/tidydots/internal/config/validate.go:17.2,17.34 1 0
github.com/AntoineGS/tidydots/internal/config/validate.go:17.34,19.3 1 0
github.com/AntoineGS/tidydots/internal/config/validate.go:21.2,21.12 1 0
github.com/AntoineGS/tidydots/internal/config/validate.go:25.42,29.22 2 0
github.com/AntoineGS/tidydots/internal/config/validate.go:29.22,31.3 1 0
github.com/AntoineGS/tidydots/internal/config/validate.go:34.2,36.39 2 0
github.com/AntoineGS/tidydots/internal/config/validate.go:36.39,37.21 1 0
github.com/AntoineGS/tidydots/internal/config/validate.go:37.21,40.12 2 0
github.com/AntoineGS/tidydots/internal/config/validate.go:43.3,43.25 1 0
github.com/AntoineGS/tidydots/internal/config/validate.go:43.25,45.4 1 0
github.com/AntoineGS/tidydots/internal/config/validate.go:47.3,51.37 3 0
github.com/AntoineGS/tidydots/internal/config/validate.go:51.37,52.24 1 0
github.com/AntoineGS/tidydots/internal/config/validate.go:52.24,55.13 2 0
github.com/AntoineGS/tidydots/internal/config/validate.go:58.4,58.28 1 0
github.com/AntoineGS/tidydots/internal/config/validate.go:58.28,60.5 1 0
github.com/AntoineGS/tidydots/internal/config/validate.go:62.4,62.31 1 0
github.com/AntoineGS/tidydots/internal/config/validate.go:66.2,66.13 1 0
github.com/AntoineGS/tidydots/internal/config/when.go:9.60,10.35 1 1
github.com/AntoineGS/tidydots/internal/config/when.go:10.35,12.3 1 1
github.com/AntoineGS/tidydots/internal/config/when.go:14.2,14.21 1 1
github.com/AntoineGS/tidydots/internal/config/when.go:14.21,16.3 1 1
github.com/AntoineGS/tidydots/internal/config/when.go:18.2,19.16 2 1
github.com/AntoineGS/tidydots/internal/config/when.go:19.16,21.3 1 1
github.com/AntoineGS/tidydots/internal/config/when.go:23.2,23.44 1 1
github.com/AntoineGS/tidydots/cmd/tidydots/main.go:39.13,55.63 1 0
github.com/AntoineGS/tidydots/cmd/tidydots/main.go:55.63,56.15 1 0
github.com/AntoineGS/tidydots/cmd/tidydots/main.go:56.15,59.25 2 0
github.com/AntoineGS/tidydots/cmd/tidydots/main.go:59.25,62.20 3 0
github.com/AntoineGS/tidydots/cmd/tidydots/main.go:62.20,66.7 3 0
github.com/AntoineGS/tidydots/cmd/tidydots/main.go:68.5,70.9 1 0
github.com/AntoineGS/tidydots/cmd/tidydots/main.go:72.4,72.24 1 0
github.com/AntoineGS/tidydots/cmd/tidydots/main.go:72.24,74.19 2 0
github.com/AntoineGS/tidydots/cmd/tidydots/main.go:74.19,76.6 1 0
github.com/AntoineGS/tidydots/cmd/tidydots/main.go:77.5,77.52 1 0
github.com/AntoineGS/tidydots/cmd/tidydots/main.go:77.52,80.6 2 0
github.com/AntoineGS/tidydots/cmd/tidydots/main.go:82.4,82.14 1 0
github.com/AntoineGS/tidydots/cmd/tidydots/main.go:84.57,85.22 1 0
github.com/AntoineGS/tidydots/cmd/tidydots/main.go:85.22,87.5 1 0
github.com/AntoineGS/tidydots/cmd/tidydots/main.go:88.4,88.24 1 0
github.com/AntoineGS/tidydots/cmd/tidydots/main.go:88.24,90.5 1 0
github.com/AntoineGS/tidydots/cmd/tidydots/main.go:94.2,170.42 21 0
github.com/AntoineGS/tidydots/cmd/tidydots/main.go:170.42,172.3 1 0
github.com/AntoineGS/tidydots/cmd/tidydots/main.go:175.53,179.37 2 1
github.com/AntoineGS/tidydots/cmd/tidydots/main.go:179.37,181.17 2 0
github.com/AntoineGS/tidydots/cmd/tidydots/main.go:181.17,183.4 1 0
github.com/AntoineGS/tidydots/cmd/tidydots/main.go:184.3,184.39 1 0
github.com/AntoineGS/tidydots/cmd/tidydots/main.go:188.2,189.16 2 1
github.com/AntoineGS/tidydots/cmd/tidydots/main.go:189.16,191.3 1 0
github.com/AntoineGS/tidydots/cmd/tidydots/main.go:194.2,195.24 2 1
github.com/AntoineGS/tidydots/cmd/tidydots/main.go:195.24,197.3 1 1
github.com/AntoineGS/tidydots/cmd/tidydots/main.go:198.2,198.19 1 1
github.com/AntoineGS/tidydots/cmd/tidydots/main.go:198.19,200.3 1 1
github.com/AntoineGS/tidydots/cmd/tidydots/main.go:203.2,204.55 2 1
github.com/AntoineGS/tidydots/cmd/tidydots/main.go:204.55,207.3 2 1
github.com/AntoineGS/tidydots/cmd/tidydots/main.go:210.2,214.53 2 1
github.com/AntoineGS/tidydots/cmd/tidydots/main.go:214.53,216.3 1 0
github.com/AntoineGS/tidydots/cmd/tidydots/main.go:218.2,221.12 3 1
github.com/AntoineGS/tidydots/cmd/tidydots/main.go:224.37,226.21 1 1
github.com/AntoineGS/tidydots/cmd/tidydots/main.go:226.21,228.17 2 1
github.com/AntoineGS/tidydots/cmd/tidydots/main.go:228.17,230.4 1 0
github.com/AntoineGS/tidydots/cmd/tidydots/main.go:231.3,231.22 1 1
github.com/AntoineGS/tidydots/cmd/tidydots/main.go:235.2,236.16 2 1
github.com/AntoineGS/tidydots/cmd/tidydots/main.go:236.16,238.3 1 1
github.com/AntoineGS/tidydots/cmd/tidydots/main.go:240.2,240.30 1 0
github.com/AntoineGS/tidydots/cmd/tidydots/main.go:243.71,245.16 2 0
github.com/AntoineGS/tidydots/cmd/tidydots/main.go:245.16,247.3 1 0
github.com/AntoineGS/tidydots/cmd/tidydots/main.go:249.2,251.16 3 0
github.com/AntoineGS/tidydots/cmd/tidydots/main.go:251.16,253.3 1 0
github.com/AntoineGS/tidydots/cmd/tidydots/main.go:255.2,259.22 3 0
github.com/AntoineGS/tidydots/cmd/tidydots/main.go:259.22,260.73 1 0
github.com/AntoineGS/tidydots/cmd/tidydots/main.go:260.73,262.4 1 0
github.com/AntoineGS/tidydots/cmd/tidydots/main.go:263.3,263.33 1 0
github.com/AntoineGS/tidydots/cmd/tidydots/main.go:269.2,269.35 1 0
github.com/AntoineGS/tidydots/cmd/tidydots/main.go:272.48,274.16 2 0
github.com/AntoineGS/tidydots/cmd/tidydots/main.go:274.16,276.3 1 0
github.com/AntoineGS/tidydots/cmd/tidydots/main.go:278.2,289.45 9 0
github.com/AntoineGS/tidydots/cmd/tidydots/main.go:289.45,291.3 1 0
github.com/AntoineGS/tidydots/cmd/tidydots/main.go:293.2,293.17 1 0
github.com/AntoineGS/tidydots/cmd/tidydots/main.go:296.57,298.16 2 0
github.com/AntoineGS/tidydots/cmd/tidydots/main.go:298.16,300.3 1 0
github.com/AntoineGS/tidydots/cmd/tidydots/main.go:303.2,303.23 1 0
github.com/AntoineGS/tidydots/cmd/tidydots/main.go:303.23,305.3 1 0
github.com/AntoineGS/tidydots/cmd/tidydots/main.go:307.2,307.47 1 0
github.com/AntoineGS/tidydots/cmd/tidydots/main.go:310.58,311.17 1 0
github.com/AntoineGS/tidydots/cmd/tidydots/main.go:311.17,313.3 1 0
github.com/AntoineGS/tidydots/cmd/tidydots/main.go:315.2,316.16 2 0
github.com/AntoineGS/tidydots/cmd/tidydots/main.go:316.16,318.3 1 0
github.com/AntoineGS/tidydots/cmd/tidydots/main.go:319.2,321.12 2 0
github.com/AntoineGS/tidydots/cmd/tidydots/main.go:321.12,323.3 1 0
github.com/AntoineGS/tidydots/cmd/tidydots/main.go:325.2,325.35 1 0
github.com/AntoineGS/tidydots/cmd/tidydots/main.go:328.54,330.2 1 0
github.com/AntoineGS/tidydots/cmd/tidydots/main.go:332.57,333.17 1 0
github.com/AntoineGS/tidydots/cmd/tidydots/main.go:333.17,335.3 1 0
github.com/AntoineGS/tidydots/cmd/tidydots/main.go:337.2,338.16 2 0
github.com/AntoineGS/tidydots/cmd/tidydots/main.go:338.16,340.3 1 0
github.com/AntoineGS/tidydots/cmd/tidydots/main.go:341.2,343.12 2 0
github.com/AntoineGS/tidydots/cmd/tidydots/main.go:343.12,345.3 1 0
github.com/AntoineGS/tidydots/cmd/tidydots/main.go:347.2,347.34 1 0
github.com/AntoineGS/tidydots/cmd/tidydots/main.go:350.53,352.2 1 0
github.com/AntoineGS/tidydots/cmd/tidydots/main.go:356.68,364.12 6 0
github.com/AntoineGS/tidydots/cmd/tidydots/main.go:364.12,368.3 3 0
github.com/AntoineGS/tidydots/cmd/tidydots/main.go:370.2,370.16 1 0
github.com/AntoineGS/tidydots/cmd/tidydots/main.go:373.50,375.16 2 0
github.com/AntoineGS/tidydots/cmd/tidydots/main.go:375.16,377.3 1 0
github.com/AntoineGS/tidydots/cmd/tidydots/main.go:378.2,380.32 2 0
github.com/AntoineGS/tidydots/cmd/tidydots/main.go:383.49,385.2 1 0
github.com/AntoineGS/tidydots/cmd/tidydots/main.go:387.58,388.17 1 0
github.com/AntoineGS/tidydots/cmd/tidydots/main.go:388.17,390.3 1 0
github.com/AntoineGS/tidydots/cmd/tidydots/main.go:392.2,393.16 2 0
github.com/AntoineGS/tidydots/cmd/tidydots/main.go:393.16,395.3 1 0
github.com/AntoineGS/tidydots/cmd/tidydots/main.go:397.2,406.30 6 0
github.com/AntoineGS/tidydots/cmd/tidydots/main.go:406.30,408.3 1 0
github.com/AntoineGS/tidydots/cmd/tidydots/main.go:411.2,418.28 3 0
github.com/AntoineGS/tidydots/cmd/tidydots/main.go:418.28,420.3 1 0
github.com/AntoineGS/tidydots/cmd/tidydots/main.go:422.2,422.12 1 0
github.com/AntoineGS/tidydots/cmd/tidydots/main.go:422.12,424.3 1 0
github.com/AntoineGS/tidydots/cmd/tidydots/main.go:427.2,430.19 2 0
github.com/AntoineGS/tidydots/cmd/tidydots/main.go:430.19,432.41 2 0
github.com/AntoineGS/tidydots/cmd/tidydots/main.go:432.41,433.30 1 0
github.com/AntoineGS/tidydots/cmd/tidydots/main.go:433.30,434.25 1 0
github.com/AntoineGS/tidydots/cmd/tidydots/main.go:434.25,436.11 2 0
github.com/AntoineGS/tidydots/cmd/tidydots/main.go:440.3,440.31 1 0
github.com/AntoineGS/tidydots/cmd/tidydots/main.go:443.2,448.28 4 0
github.com/AntoineGS/tidydots/cmd/tidydots/main.go:448.28,449.16 1 0
github.com/AntoineGS/tidydots/cmd/tidydots/main.go:449.16,452.4 2 0
github.com/AntoineGS/tidydots/cmd/tidydots/main.go:452.9,455.4 2 0
github.com/AntoineGS/tidydots/cmd/tidydots/main.go:458.2,460.19 2 0
github.com/AntoineGS/tidydots/cmd/tidydots/main.go:460.19,462.3 1 0
github.com/AntoineGS/tidydots/cmd/tidydots/main.go:463.2,463.12 1 0
github.com/AntoineGS/tidydots/cmd/tidydots/main.go:466.58,468.16 2 0
github.com/AntoineGS/tidydots/cmd/tidydots/main.go:468.16,470.3 1 0
github.com/AntoineGS/tidydots/cmd/tidydots/main.go:473.2,478.30 4 0
github.com/AntoineGS/tidydots/cmd/tidydots/main.go:478.30,481.3 2 0
github.com/AntoineGS/tidydots/cmd/tidydots/main.go:484.2,492.45 3 0
github.com/AntoineGS/tidydots/cmd/tidydots/main.go:492.45,497.18 4 0
github.com/AntoineGS/tidydots/cmd/tidydots/main.go:497.18,500.4 2 0
github.com/AntoineGS/tidydots/cmd/tidydots/main.go:502.3,503.28 2 0
github.com/AntoineGS/tidydots/cmd/tidydots/main.go:503.28,505.4 1 0
github.com/AntoineGS/tidydots/cmd/tidydots/main.go:508.2,508.12 1 0
github.com/AntoineGS/tidydots/cmd/tidydots/main.go:511.72,513.25 2 1
github.com/AntoineGS/tidydots/cmd/tidydots/main.go:513.25,515.3 1 1
github.com/AntoineGS/tidydots/cmd/tidydots/main.go:516.2,516.15 1 1
github.com/AntoineGS/tidydots/cmd/tidydots/main.go:519.56,521.16 2 0
github.com/AntoineGS/tidydots/cmd/tidydots/main.go:521.16,523.3 1 0
github.com/AntoineGS/tidydots/cmd/tidydots/main.go:525.2,529.13 4 0
github.com/AntoineGS/tidydots/cmd/tidydots/main.go:529.13,531.3 1 0
github.com/AntoineGS/tidydots/cmd/tidydots/main.go:533.2,538.49 4 0
github.com/AntoineGS/tidydots/internal/platform/platform.go:39.25,50.21 4 1
github.com/AntoineGS/tidydots/internal/platform/platform.go:50.21,52.3 1 1
github.com/AntoineGS/tidydots/internal/platform/platform.go:54.2,54.23 1 1
github.com/AntoineGS/tidydots/internal/platform/platform.go:54.23,56.3 1 0
github.com/AntoineGS/tidydots/internal/platform/platform.go:59.2,61.10 2 1
github.com/AntoineGS/tidydots/internal/platform/platform.go:66.28,68.16 2 1
github.com/AntoineGS/tidydots/internal/platform/platform.go:68.16,74.3 2 0
github.com/AntoineGS/tidydots/internal/platform/platform.go:76.2,77.29 2 1
github.com/AntoineGS/tidydots/internal/platform/platform.go:77.29,78.37 1 1
github.com/AntoineGS/tidydots/internal/platform/platform.go:78.37,83.4 3 1
github.com/AntoineGS/tidydots/internal/platform/platform.go:86.2,86.11 1 0
github.com/AntoineGS/tidydots/internal/platform/platform.go:89.30,91.16 2 1
github.com/AntoineGS/tidydots/internal/platform/platform.go:91.16,96.3 2 0
github.com/AntoineGS/tidydots/internal/platform/platform.go:98.2,98.17 1 1
github.com/AntoineGS/tidydots/internal/platform/platform.go:101.26,103.16 2 1
github.com/AntoineGS/tidydots/internal/platform/platform.go:103.16,108.3 2 0
github.com/AntoineGS/tidydots/internal/platform/platform.go:110.2,110.19 1 1
github.com/AntoineGS/tidydots/internal/platform/platform.go:113.24,114.31 1 1
github.com/AntoineGS/tidydots/internal/platform/platform.go:114.31,116.3 1 0
github.com/AntoineGS/tidydots/internal/platform/platform.go:119.2,120.57 2 1
github.com/AntoineGS/tidydots/internal/platform/platform.go:120.57,122.3 1 0
github.com/AntoineGS/tidydots/internal/platform/platform.go:124.2,124.16 1 1
github.com/AntoineGS/tidydots/internal/platform/platform.go:132.40,133.25 1 1
github.com/AntoineGS/tidydots/internal/platform/platform.go:133.25,135.3 1 1
github.com/AntoineGS/tidydots/internal/platform/platform.go:137.2,137.32 1 1
github.com/AntoineGS/tidydots/internal/platform/platform.go:137.32,139.3 1 1
github.com/AntoineGS/tidydots/internal/platform/platform.go:141.2,141.40 1 1
github.com/AntoineGS/tidydots/internal/platform/platform.go:141.40,143.3 1 1
github.com/AntoineGS/tidydots/internal/platform/platform.go:145.2,145.24 1 1
github.com/AntoineGS/tidydots/internal/platform/platform.go:145.24,147.3 1 0
github.com/AntoineGS/tidydots/internal/platform/platform.go:149.2,149.20 1 1
github.com/AntoineGS/tidydots/internal/platform/platform.go:149.20,151.3 1 0
github.com/AntoineGS/tidydots/internal/platform/platform.go:153.2,153.14 1 1
github.com/AntoineGS/tidydots/internal/platform/platform.go:157.30,159.22 2 1
github.com/AntoineGS/tidydots/internal/platform/platform.go:159.22,161.3 1 1
github.com/AntoineGS/tidydots/internal/platform/platform.go:163.2,164.16 2 1
github.com/AntoineGS/tidydots/internal/platform/platform.go:164.16,166.3 1 1
github.com/AntoineGS/tidydots/internal/platform/platform.go:168.2,168.32 1 0
github.com/AntoineGS/tidydots/internal/platform/platform.go:168.32,169.95 1 0
github.com/AntoineGS/tidydots/internal/platform/platform.go:169.95,171.4 1 0
github.com/AntoineGS/tidydots/internal/platform/platform.go:174.2,174.14 1 0
github.com/AntoineGS/tidydots/internal/platform/platform.go:178.26,180.16 2 1
github.com/AntoineGS/tidydots/internal/platform/platform.go:180.16,182.3 1 1
github.com/AntoineGS/tidydots/internal/platform/platform.go:184.2,184.32 1 0
github.com/AntoineGS/tidydots/internal/platform/platform.go:184.32,185.43 1 0
github.com/AntoineGS/tidydots/internal/platform/platform.go:185.43,187.4 1 0
github.com/AntoineGS/tidydots/internal/platform/platform.go:190.2,190.14 1 0
github.com/AntoineGS/tidydots/internal/platform/platform.go:193.46,197.16 3 0
github.com/AntoineGS/tidydots/internal/platform/platform.go:197.16,199.3 1 0
github.com/AntoineGS/tidydots/internal/platform/platform.go:201.2,202.19 2 0
github.com/AntoineGS/tidydots/internal/platform/platform.go:202.19,206.3 3 0
github.com/AntoineGS/tidydots/internal/platform/platform.go:210.23,212.16 2 1
github.com/AntoineGS/tidydots/internal/platform/platform.go:212.16,214.3 1 0
github.com/AntoineGS/tidydots/internal/platform/platform.go:216.2,217.79 2 1
github.com/AntoineGS/tidydots/internal/platform/platform.go:221.39,223.2 1 1
github.com/AntoineGS/tidydots/internal/platform/platform.go:226.53,227.14 1 1
github.com/AntoineGS/tidydots/internal/platform/platform.go:227.14,229.3 1 0
github.com/AntoineGS/tidydots/internal/platform/platform.go:231.2,232.22 2 1
github.com/AntoineGS/tidydots/internal/platform/platform.go:232.22,234.3 1 1
github.com/AntoineGS/tidydots/internal/platform/platform.go:236.2,236.11 1 1
github.com/AntoineGS/tidydots/internal/platform/platform.go:240.52,246.2 4 1
github.com/AntoineGS/tidydots/internal/platform/platform.go:249.60,255.2 4 0
github.com/AntoineGS/tidydots/internal/platform/platform.go:258.56,264.2 4 0
github.com/AntoineGS/tidydots/internal/platform/platform.go:267.56,273.2 4 0
github.com/AntoineGS/tidydots/internal/platform/platform.go:276.42,279.2 2 1
github.com/AntoineGS/tidydots/internal/platform/platform.go:293.42,295.16 2 1
github.com/AntoineGS/tidydots/internal/platform/platform.go:295.16,297.3 1 0
github.com/AntoineGS/tidydots/internal/platform/platform.go:299.2,301.57 2 1
github.com/AntoineGS/tidydots/internal/platform/platform.go:301.57,303.22 2 1
github.com/AntoineGS/tidydots/internal/platform/platform.go:303.22,304.12 1 1
github.com/AntoineGS/tidydots/internal/platform/platform.go:307.3,310.59 3 1
github.com/AntoineGS/tidydots/internal/platform/platform.go:310.59,312.4 1 0
github.com/AntoineGS/tidydots/internal/platform/platform.go:315.2,315.15 1 1
github.com/AntoineGS/tidydots/internal/platform/platform.go:320.60,321.31 1 1
github.com/AntoineGS/tidydots/internal/platform/platform.go:321.31,322.56 1 1
github.com/AntoineGS/tidydots/internal/platform/platform.go:322.56,324.4 1 1
github.com/AntoineGS/tidydots/internal/platform/platform.go:327.2,327.14 1 1
github.com/AntoineGS/tidydots/internal/platform/platform.go:333.67,335.19 2 0
github.com/AntoineGS/tidydots/internal/platform/platform.go:335.19,337.3 1 0
github.com/AntoineGS/tidydots/internal/platform/platform.go:339.2,339.50 1 0
github.com/AntoineGS/tidydots/internal/platform/platform.go:339.50,340.39 1 0
github.com/AntoineGS/tidydots/internal/platform/platform.go:340.39,341.12 1 0
github.com/AntoineGS/tidydots/internal/platform/platform.go:344.3,345.58 2 0
github.com/AntoineGS/tidydots/internal/platform/platform.go:345.58,347.4 1 0
github.com/AntoineGS/tidydots/internal/platform/platform.go:350.2,350.14 1 0
github.com/AntoineGS/tidydots/internal/platform/platform.go:375.55,377.30 2 1
github.com/AntoineGS/tidydots/internal/platform/platform.go:377.30,379.3 1 1
github.com/AntoineGS/tidydots/internal/platform/platform.go:381.2,381.25 1 1
github.com/AntoineGS/tidydots/internal/platform/platform.go:381.25,383.3 1 1
github.com/AntoineGS/tidydots/internal/platform/platform.go:386.2,386.52 1 1
github.com/AntoineGS/tidydots/internal/platform/platform.go:386.52,387.50 1 1
github.com/AntoineGS/tidydots/internal/platform/platform.go:387.50,389.4 1 1
github.com/AntoineGS/tidydots/internal/platform/platform.go:392.2,392.13 1 1
github.com/AntoineGS/tidydots/internal/platform/platform.go:398.51,401.11 3 1
github.com/AntoineGS/tidydots/internal/platform/platform.go:401.11,403.3 1 0
github.com/AntoineGS/tidydots/internal/platform/platform.go:411.41,412.34 1 1
github.com/AntoineGS/tidydots/internal/platform/platform.go:412.34,415.44 2 1
github.com/AntoineGS/tidydots/internal/platform/platform.go:415.44,416.45 1 1
github.com/AntoineGS/tidydots/internal/platform/platform.go:416.45,417.13 1 1
github.com/AntoineGS/tidydots/internal/platform/platform.go:420.4,420.50 1 1
github.com/AntoineGS/tidydots/internal/platform/platform.go:420.50,421.59 1 0
github.com/AntoineGS/tidydots/internal/platform/platform.go:421.59,423.6 1 0
github.com/AntoineGS/tidydots/internal/platform/platform.go:424.10,425.32 1 1
github.com/AntoineGS/tidydots/internal/platform/platform.go:425.32,427.6 1 1
github.com/AntoineGS/tidydots/internal/platform/platform.go:431.3,431.38 1 1
github.com/AntoineGS/tidydots/internal/platform/platform.go:434.2,434.32 1 1
github.com/AntoineGS/tidydots/internal/platform/platform.go:439.36,442.2 2 0
github.com/AntoineGS/tidydots/internal/testutil/mock_binary.go:16.99,19.31 2 1
github.com/AntoineGS/tidydots/internal/testutil/mock_binary.go:19.31,21.3 1 0
github.com/AntoineGS/tidydots/internal/testutil/mock_binary.go:23.2,23.65 1 1
github.com/AntoineGS/tidydots/internal/testutil/mock_binary.go:26.99,34.18 5 1
github.com/AntoineGS/tidydots/internal/testutil/mock_binary.go:34.18,36.3 1 1
github.com/AntoineGS/tidydots/internal/testutil/mock_binary.go:38.2,38.18 1 1
github.com/AntoineGS/tidydots/internal/testutil/mock_binary.go:38.18,40.3 1 1
github.com/AntoineGS/tidydots/internal/testutil/mock_binary.go:42.2,44.66 2 1
github.com/AntoineGS/tidydots/internal/testutil/mock_binary.go:44.66,46.3 1 0
github.com/AntoineGS/tidydots/internal/testutil/mock_binary.go:48.2,48.13 1 1
github.com/AntoineGS/tidydots/internal/testutil/mock_binary.go:51.99,58.18 4 0
github.com/AntoineGS/tidydots/internal/testutil/mock_binary.go:58.18,60.3 1 0
github.com/AntoineGS/tidydots/internal/testutil/mock_binary.go:62.2,62.18 1 0
github.com/AntoineGS/tidydots/internal/testutil/mock_binary.go:62.18,64.3 1 0
github.com/AntoineGS/tidydots/internal/testutil/mock_binary.go:66.2,68.66 2 0
github.com/AntoineGS/tidydots/internal/testutil/mock_binary.go:68.66,70.3 1 0
github.com/AntoineGS/tidydots/internal/testutil/mock_binary.go:72.2,72.13 1 0
github.com/AntoineGS/tidydots/internal/testutil/mock_binary.go:77.36,80.31 2 0
github.com/AntoineGS/tidydots/internal/testutil/mock_binary.go:80.31,82.3 1 0
github.com/AntoineGS/tidydots/internal/testutil/mock_binary.go:84.2,88.62 4 0
github.com/AntoineGS/tidydots/internal/testutil/mock_binary.go:88.62,90.3 1 0
github.com/AntoineGS/tidydots/internal/testutil/mock_binary.go:92.2,92.45 1 0
github.com/AntoineGS/tidydots/internal/testutil/mock_binary.go:92.45,94.3 1 0
github.com/AntoineGS/tidydots/internal/testutil/mock_binary.go:99.51,103.2 2 1
github.com/AntoineGS/tidydots/internal/template/context.go:24.60,28.33 2 0
github.com/AntoineGS/tidydots/internal/template/context.go:28.33,29.42 1 0
github.com/AntoineGS/tidydots/internal/template/context.go:29.42,31.4 1 0
github.com/AntoineGS/tidydots/internal/template/context.go:35.2,35.30 1 0
github.com/AntoineGS/tidydots/internal/template/context.go:35.30,37.3 1 0
github.com/AntoineGS/tidydots/internal/template/context.go:39.2,47.3 1 0
github.com/AntoineGS/tidydots/internal/template/engine.go:33.38,50.2 2 1
github.com/AntoineGS/tidydots/internal/template/engine.go:53.69,54.38 1 1
github.com/AntoineGS/tidydots/internal/template/engine.go:54.38,56.3 1 1
github.com/AntoineGS/tidydots/internal/template/engine.go:58.2,59.16 2 1
github.com/AntoineGS/tidydots/internal/template/engine.go:59.16,61.3 1 1
github.com/AntoineGS/tidydots/internal/template/engine.go:63.2,64.50 2 1
github.com/AntoineGS/tidydots/internal/template/engine.go:64.50,66.3 1 1
github.com/AntoineGS/tidydots/internal/template/engine.go:68.2,68.26 1 1
github.com/AntoineGS/tidydots/internal/template/engine.go:72.75,74.16 2 1
github.com/AntoineGS/tidydots/internal/template/engine.go:74.16,76.3 1 1
github.com/AntoineGS/tidydots/internal/template/engine.go:78.2,79.50 2 1
github.com/AntoineGS/tidydots/internal/template/engine.go:79.50,81.3 1 0
github.com/AntoineGS/tidydots/internal/template/engine.go:83.2,83.25 1 1
github.com/AntoineGS/tidydots/internal/template/engine.go:87.43,91.2 1 1
github.com/AntoineGS/tidydots/internal/template/engine.go:94.43,96.2 1 1
github.com/AntoineGS/tidydots/internal/template/engine.go:99.45,101.2 1 1
github.com/AntoineGS/tidydots/internal/template/engine.go:104.43,106.2 1 1
github.com/AntoineGS/tidydots/internal/template/engine.go:109.43,111.2 1 1
github.com/AntoineGS/tidydots/internal/template/engine.go:114.43,116.2 1 1
github.com/AntoineGS/tidydots/internal/template/merge.go:24.59,26.20 1 1
github.com/AntoineGS/tidydots/internal/template/merge.go:26.20,28.3 1 1
github.com/AntoineGS/tidydots/internal/template/merge.go:29.2,29.18 1 1
github.com/AntoineGS/tidydots/internal/template/merge.go:29.18,31.3 1 1
github.com/AntoineGS/tidydots/internal/template/merge.go:32.2,32.20 1 1
github.com/AntoineGS/tidydots/internal/template/merge.go:32.20,34.3 1 1
github.com/AntoineGS/tidydots/internal/template/merge.go:36.2,40.52 4 1
github.com/AntoineGS/tidydots/internal/template/merge.go:44.36,45.13 1 1
github.com/AntoineGS/tidydots/internal/template/merge.go:45.13,47.3 1 1
github.com/AntoineGS/tidydots/internal/template/merge.go:48.2,48.31 1 1
github.com/AntoineGS/tidydots/internal/template/merge.go:54.58,56.26 2 1
github.com/AntoineGS/tidydots/internal/template/merge.go:56.26,58.3 1 1
github.com/AntoineGS/tidydots/internal/template/merge.go:59.2,59.24 1 1
github.com/AntoineGS/tidydots/internal/template/merge.go:59.24,61.3 1 0
github.com/AntoineGS/tidydots/internal/template/merge.go:63.2,67.17 4 1
github.com/AntoineGS/tidydots/internal/template/merge.go:67.17,76.10 7 1
github.com/AntoineGS/tidydots/internal/template/merge.go:77.47,79.53 1 1
github.com/AntoineGS/tidydots/internal/template/merge.go:79.53,82.5 1 1
github.com/AntoineGS/tidydots/internal/template/merge.go:82.10,82.36 1 1
github.com/AntoineGS/tidydots/internal/template/merge.go:82.36,85.5 1 1
github.com/AntoineGS/tidydots/internal/template/merge.go:85.10,85.34 1 1
github.com/AntoineGS/tidydots/internal/template/merge.go:85.34,88.5 1 1
github.com/AntoineGS/tidydots/internal/template/merge.go:88.10,88.35 1 1
github.com/AntoineGS/tidydots/internal/template/merge.go:88.35,91.5 1 0
github.com/AntoineGS/tidydots/internal/template/merge.go:91.10,101.5 2 1
github.com/AntoineGS/tidydots/internal/template/merge.go:103.48,105.28 1 1
github.com/AntoineGS/tidydots/internal/template/merge.go:105.28,107.5 1 0
github.com/AntoineGS/tidydots/internal/template/merge.go:107.10,116.5 2 1
github.com/AntoineGS/tidydots/internal/template/merge.go:118.48,120.27 1 0
github.com/AntoineGS/tidydots/internal/template/merge.go:120.27,131.5 2 0
github.com/AntoineGS/tidydots/internal/template/merge.go:133.48,135.29 1 0
github.com/AntoineGS/tidydots/internal/template/merge.go:135.29,139.5 1 0
github.com/AntoineGS/tidydots/internal/template/merge.go:141.49,143.38 1 1
github.com/AntoineGS/tidydots/internal/template/merge.go:145.49,147.36 1 0
github.com/AntoineGS/tidydots/internal/template/merge.go:149.49,149.49 0 0
github.com/AntoineGS/tidydots/internal/template/merge.go:153.3,153.6 1 1
github.com/AntoineGS/tidydots/internal/template/merge.go:156.2,159.3 1 1
github.com/AntoineGS/tidydots/internal/template/merge.go:162.46,163.22 1 1
github.com/AntoineGS/tidydots/internal/template/merge.go:163.22,165.3 1 1
github.com/AntoineGS/tidydots/internal/template/merge.go:166.2,166.11 1 1
github.com/AntoineGS/tidydots/internal/template/sourcemap.go:21.61,23.2 1 1
github.com/AntoineGS/tidydots/internal/template/sourcemap.go:26.59,29.2 2 1
github.com/AntoineGS/tidydots/internal/template/sourcemap.go:32.41,34.2 1 1
github.com/AntoineGS/tidydots/internal/template/sourcemap.go:45.48,49.29 3 1
github.com/AntoineGS/tidydots/internal/template/sourcemap.go:49.29,51.67 2 1
github.com/AntoineGS/tidydots/internal/template/sourcemap.go:51.67,57.4 3 1
github.com/AntoineGS/tidydots/internal/template/sourcemap.go:57.9,59.4 1 1
github.com/AntoineGS/tidydots/internal/template/sourcemap.go:62.2,62.35 1 1
github.com/AntoineGS/tidydots/internal/template/sourcemap.go:67.60,70.44 2 1
github.com/AntoineGS/tidydots/internal/template/sourcemap.go:70.44,71.34 1 1
github.com/AntoineGS/tidydots/internal/template/sourcemap.go:71.34,73.4 1 1
github.com/AntoineGS/tidydots/internal/template/sourcemap.go:73.9,73.27 1 1
github.com/AntoineGS/tidydots/internal/template/sourcemap.go:73.27,75.4 1 1
github.com/AntoineGS/tidydots/internal/template/sourcemap.go:79.2,80.44 2 1
github.com/AntoineGS/tidydots/internal/template/sourcemap.go:80.44,81.34 1 1
github.com/AntoineGS/tidydots/internal/template/sourcemap.go:81.34,83.9 2 1
github.com/AntoineGS/tidydots/internal/template/sourcemap.go:86.2,86.20 1 1
github.com/AntoineGS/tidydots/internal/template/sourcemap.go:86.20,87.45 1 1
github.com/AntoineGS/tidydots/internal/template/sourcemap.go:87.45,88.34 1 1
github.com/AntoineGS/tidydots/internal/template/sourcemap.go:88.34,90.5 1 0
github.com/AntoineGS/tidydots/internal/template/sourcemap.go:90.10,91.10 1 1
github.com/AntoineGS/tidydots/internal/template/sourcemap.go:99.95,103.38 2 1
github.com/AntoineGS/tidydots/internal/template/sourcemap.go:103.38,105.36 2 1
github.com/AntoineGS/tidydots/internal/template/sourcemap.go:105.36,107.4 1 1
github.com/AntoineGS/tidydots/internal/template/sourcemap.go:108.3,108.30 1 1
github.com/AntoineGS/tidydots/internal/template/sourcemap.go:112.2,116.30 4 1
github.com/AntoineGS/tidydots/internal/template/sourcemap.go:116.30,118.3 1 1
github.com/AntoineGS/tidydots/internal/template/sourcemap.go:119.2,119.54 1 1
github.com/AntoineGS/tidydots/internal/template/sourcemap.go:119.54,120.49 1 1
github.com/AntoineGS/tidydots/internal/template/sourcemap.go:120.49,122.4 1 1
github.com/AntoineGS/tidydots/internal/template/sourcemap.go:123.3,123.12 1 1
github.com/AntoineGS/tidydots/internal/template/sourcemap.go:127.2,129.16 3 1
github.com/AntoineGS/tidydots/internal/template/sourcemap.go:129.16,131.3 1 0
github.com/AntoineGS/tidydots/internal/template/sourcemap.go:134.2,136.49 3 1
github.com/AntoineGS/tidydots/internal/template/sourcemap.go:136.49,138.3 1 0
github.com/AntoineGS/tidydots/internal/template/sourcemap.go:141.2,143.34 2 1
github.com/AntoineGS/tidydots/internal/template/sourcemap.go:154.84,156.49 2 1
github.com/AntoineGS/tidydots/internal/template/sourcemap.go:156.49,158.3 1 1
github.com/AntoineGS/tidydots/internal/template/sourcemap.go:160.2,161.50 2 1
github.com/AntoineGS/tidydots/internal/template/sourcemap.go:161.50,164.36 3 1
github.com/AntoineGS/tidydots/internal/template/sourcemap.go:164.36,166.19 2 1
github.com/AntoineGS/tidydots/internal/template/sourcemap.go:166.19,169.5 2 1
github.com/AntoineGS/tidydots/internal/template/sourcemap.go:171.3,171.34 1 1
github.com/AntoineGS/tidydots/internal/template/sourcemap.go:174.2,174.19 1 1
github.com/AntoineGS/tidydots/internal/template/sourcemap.go:181.55,185.29 3 1
github.com/AntoineGS/tidydots/internal/template/sourcemap.go:185.29,187.36 2 1
github.com/AntoineGS/tidydots/internal/template/sourcemap.go:187.36,189.12 2 1
github.com/AntoineGS/tidydots/internal/template/sourcemap.go:191.3,192.40 2 1
github.com/AntoineGS/tidydots/internal/template/sourcemap.go:192.40,194.4 1 1
github.com/AntoineGS/tidydots/internal/template/sourcemap.go:194.9,196.4 1 1
github.com/AntoineGS/tidydots/internal/template/sourcemap.go:199.2,199.14 1 1
github.com/AntoineGS/tidydots/internal/packages/commands.go:44.58,53.16 7 0
github.com/AntoineGS/tidydots/internal/packages/commands.go:53.16,58.3 2 0
github.com/AntoineGS/tidydots/internal/packages/commands.go:60.2,60.47 1 0
github.com/AntoineGS/tidydots/internal/packages/commands.go:66.59,72.29 4 1
github.com/AntoineGS/tidydots/internal/packages/commands.go:72.29,74.70 2 1
github.com/AntoineGS/tidydots/internal/packages/commands.go:74.70,76.9 2 1
github.com/AntoineGS/tidydots/internal/packages/commands.go:80.2,80.19 1 1
github.com/AntoineGS/tidydots/internal/packages/commands.go:80.19,83.3 2 1
github.com/AntoineGS/tidydots/internal/packages/commands.go:86.2,88.17 3 1
github.com/AntoineGS/tidydots/internal/packages/commands.go:88.17,91.3 2 0
github.com/AntoineGS/tidydots/internal/packages/commands.go:94.2,96.26 3 1
github.com/AntoineGS/tidydots/internal/packages/commands.go:96.26,98.3 1 1
github.com/AntoineGS/tidydots/internal/packages/commands.go:101.2,101.43 1 1
github.com/AntoineGS/tidydots/internal/packages/commands.go:101.43,102.27 1 1
github.com/AntoineGS/tidydots/internal/packages/commands.go:102.27,103.12 1 1
github.com/AntoineGS/tidydots/internal/packages/commands.go:106.3,107.22 2 1
github.com/AntoineGS/tidydots/internal/packages/commands.go:107.22,109.4 1 0
github.com/AntoineGS/tidydots/internal/packages/commands.go:111.3,112.15 2 1
github.com/AntoineGS/tidydots/internal/packages/commands.go:112.15,114.4 1 1
github.com/AntoineGS/tidydots/internal/packages/commands.go:117.2,120.12 2 1
github.com/AntoineGS/tidydots/internal/packages/commands.go:128.48,134.27 4 1
github.com/AntoineGS/tidydots/internal/packages/commands.go:134.27,136.53 1 1
github.com/AntoineGS/tidydots/internal/packages/commands.go:136.53,138.4 1 1
github.com/AntoineGS/tidydots/internal/packages/commands.go:140.3,140.30 1 1
github.com/AntoineGS/tidydots/internal/packages/commands.go:143.2,143.14 1 1
github.com/AntoineGS/tidydots/internal/packages/commands.go:147.57,149.27 2 1
github.com/AntoineGS/tidydots/internal/packages/commands.go:149.27,150.21 1 1
github.com/AntoineGS/tidydots/internal/packages/commands.go:150.21,152.4 1 1
github.com/AntoineGS/tidydots/internal/packages/commands.go:152.9,154.4 1 1
github.com/AntoineGS/tidydots/internal/packages/commands.go:157.2,157.15 1 1
github.com/AntoineGS/tidydots/internal/packages/commands.go:163.86,167.35 2 1
github.com/AntoineGS/tidydots/internal/packages/commands.go:167.35,168.46 1 1
github.com/AntoineGS/tidydots/internal/packages/commands.go:168.46,171.4 2 1
github.com/AntoineGS/tidydots/internal/packages/commands.go:174.2,174.16 1 1
github.com/AntoineGS/tidydots/internal/packages/commands.go:175.19,177.29 2 1
github.com/AntoineGS/tidydots/internal/packages/commands.go:177.29,179.4 1 0
github.com/AntoineGS/tidydots/internal/packages/commands.go:180.3,181.19 2 1
github.com/AntoineGS/tidydots/internal/packages/commands.go:181.19,183.4 1 1
github.com/AntoineGS/tidydots/internal/packages/commands.go:185.3,185.38 1 1
github.com/AntoineGS/tidydots/internal/packages/commands.go:185.38,186.49 1 1
github.com/AntoineGS/tidydots/internal/packages/commands.go:186.49,188.5 1 1
github.com/AntoineGS/tidydots/internal/packages/commands.go:189.9,189.27 1 1
github.com/AntoineGS/tidydots/internal/packages/commands.go:189.27,190.49 1 1
github.com/AntoineGS/tidydots/internal/packages/commands.go:190.49,192.5 1 1
github.com/AntoineGS/tidydots/internal/packages/commands.go:194.3,195.30 2 1
github.com/AntoineGS/tidydots/internal/packages/commands.go:195.30,197.4 1 1
github.com/AntoineGS/tidydots/internal/packages/commands.go:198.3,199.22 2 1
github.com/AntoineGS/tidydots/internal/packages/commands.go:199.22,202.4 2 1
github.com/AntoineGS/tidydots/internal/packages/commands.go:203.3,203.50 1 1
github.com/AntoineGS/tidydots/internal/packages/commands.go:205.25,207.41 2 1
github.com/AntoineGS/tidydots/internal/packages/commands.go:207.41,209.4 1 0
github.com/AntoineGS/tidydots/internal/packages/commands.go:210.3,211.14 2 1
github.com/AntoineGS/tidydots/internal/packages/commands.go:211.14,213.4 1 1
github.com/AntoineGS/tidydots/internal/packages/commands.go:214.3,214.35 1 1
github.com/AntoineGS/tidydots/internal/packages/commands.go:214.35,216.4 1 1
github.com/AntoineGS/tidydots/internal/packages/commands.go:217.3,217.55 1 1
github.com/AntoineGS/tidydots/internal/packages/commands.go:219.20,221.10 2 1
github.com/AntoineGS/tidydots/internal/packages/commands.go:221.10,223.4 1 0
github.com/AntoineGS/tidydots/internal/packages/commands.go:224.3,224.35 1 1
github.com/AntoineGS/tidydots/internal/packages/commands.go:224.35,226.4 1 1
github.com/AntoineGS/tidydots/internal/packages/commands.go:227.3,227.55 1 1
github.com/AntoineGS/tidydots/internal/packages/commands.go:229.17,231.10 2 1
github.com/AntoineGS/tidydots/internal/packages/commands.go:231.10,233.4 1 0
github.com/AntoineGS/tidydots/internal/packages/commands.go:234.3,234.35 1 1
github.com/AntoineGS/tidydots/internal/packages/commands.go:234.35,243.4 2 0
github.com/AntoineGS/tidydots/internal/packages/commands.go:244.3,251.54 2 1
github.com/AntoineGS/tidydots/internal/packages/commands.go:254.2,254.12 1 1
github.com/AntoineGS/tidydots/internal/packages/conversion.go:9.81,12.31 2 1
github.com/AntoineGS/tidydots/internal/packages/conversion.go:12.31,13.46 1 1
github.com/AntoineGS/tidydots/internal/packages/conversion.go:13.46,15.4 1 1
github.com/AntoineGS/tidydots/internal/packages/conversion.go:18.2,18.15 1 1
github.com/AntoineGS/tidydots/internal/packages/conversion.go:23.123,25.33 2 1
github.com/AntoineGS/tidydots/internal/packages/conversion.go:25.33,27.30 1 1
github.com/AntoineGS/tidydots/internal/packages/conversion.go:27.30,34.12 2 0
github.com/AntoineGS/tidydots/internal/packages/conversion.go:37.3,37.42 1 1
github.com/AntoineGS/tidydots/internal/packages/conversion.go:37.42,42.12 2 1
github.com/AntoineGS/tidydots/internal/packages/conversion.go:44.3,44.87 1 1
github.com/AntoineGS/tidydots/internal/packages/conversion.go:47.2,48.28 2 1
github.com/AntoineGS/tidydots/internal/packages/conversion.go:48.28,53.3 1 1
github.com/AntoineGS/tidydots/internal/packages/conversion.go:55.2,55.42 1 1
github.com/AntoineGS/tidydots/internal/packages/conversion.go:62.55,63.24 1 1
github.com/AntoineGS/tidydots/internal/packages/conversion.go:63.24,65.3 1 1
github.com/AntoineGS/tidydots/internal/packages/conversion.go:67.2,76.3 2 1
github.com/AntoineGS/tidydots/internal/packages/conversion.go:82.60,85.27 2 1
github.com/AntoineGS/tidydots/internal/packages/conversion.go:85.27,86.46 1 1
github.com/AntoineGS/tidydots/internal/packages/conversion.go:86.46,88.4 1 1
github.com/AntoineGS/tidydots/internal/packages/conversion.go:91.2,91.15 1 1
github.com/AntoineGS/tidydots/internal/packages/conversion.go:98.70,99.16 1 0
github.com/AntoineGS/tidydots/internal/packages/conversion.go:99.16,101.3 1 0
github.com/AntoineGS/tidydots/internal/packages/conversion.go:103.2,110.3 2 0
github.com/AntoineGS/tidydots/internal/packages/install.go:17.54,21.48 2 1
github.com/AntoineGS/tidydots/internal/packages/install.go:21.48,26.3 4 1
github.com/AntoineGS/tidydots/internal/packages/install.go:29.2,29.63 1 1
github.com/AntoineGS/tidydots/internal/packages/install.go:29.63,35.3 5 1
github.com/AntoineGS/tidydots/internal/packages/install.go:38.2,38.87 1 1
github.com/AntoineGS/tidydots/internal/packages/install.go:38.87,44.3 5 1
github.com/AntoineGS/tidydots/internal/packages/install.go:47.2,47.27 1 1
github.com/AntoineGS/tidydots/internal/packages/install.go:47.27,48.35 1 1
github.com/AntoineGS/tidydots/internal/packages/install.go:48.35,50.38 1 1
github.com/AntoineGS/tidydots/internal/packages/install.go:50.38,51.13 1 0
github.com/AntoineGS/tidydots/internal/packages/install.go:54.4,54.40 1 1
github.com/AntoineGS/tidydots/internal/packages/install.go:54.40,61.5 5 1
github.com/AntoineGS/tidydots/internal/packages/install.go:66.2,66.37 1 1
github.com/AntoineGS/tidydots/internal/packages/install.go:66.37,73.3 5 1
github.com/AntoineGS/tidydots/internal/packages/install.go:76.2,76.41 1 1
github.com/AntoineGS/tidydots/internal/packages/install.go:76.41,83.3 5 1
github.com/AntoineGS/tidydots/internal/packages/install.go:85.2,88.15 3 1
github.com/AntoineGS/tidydots/internal/packages/install.go:95.67,96.37 1 1
github.com/AntoineGS/tidydots/internal/packages/install.go:96.37,97.25 1 1
github.com/AntoineGS/tidydots/internal/packages/install.go:97.25,98.12 1 1
github.com/AntoineGS/tidydots/internal/packages/install.go:101.3,101.37 1 1
github.com/AntoineGS/tidydots/internal/packages/install.go:101.37,102.12 1 0
github.com/AntoineGS/tidydots/internal/packages/install.go:105.3,105.27 1 1
github.com/AntoineGS/tidydots/internal/packages/install.go:105.27,106.12 1 1
github.com/AntoineGS/tidydots/internal/packages/install.go:108.3,108.32 1 1
github.com/AntoineGS/tidydots/internal/packages/install.go:108.32,110.16 2 1
github.com/AntoineGS/tidydots/internal/packages/install.go:110.16,112.5 1 1
github.com/AntoineGS/tidydots/internal/packages/install.go:116.2,116.21 1 1
github.com/AntoineGS/tidydots/internal/packages/install.go:122.66,124.31 2 1
github.com/AntoineGS/tidydots/internal/packages/install.go:124.31,126.3 1 1
github.com/AntoineGS/tidydots/internal/packages/install.go:128.2,128.16 1 1
github.com/AntoineGS/tidydots/internal/packages/install.go:131.89,133.9 2 1
github.com/AntoineGS/tidydots/internal/packages/install.go:133.9,134.17 1 1
github.com/AntoineGS/tidydots/internal/packages/install.go:134.17,136.4 1 0
github.com/AntoineGS/tidydots/internal/packages/install.go:138.3,138.23 1 1
github.com/AntoineGS/tidydots/internal/packages/install.go:138.23,140.4 1 0
github.com/AntoineGS/tidydots/internal/packages/install.go:142.3,142.64 1 1
github.com/AntoineGS/tidydots/internal/packages/install.go:145.2,148.14 3 1
github.com/AntoineGS/tidydots/internal/packages/install.go:148.14,150.3 1 1
github.com/AntoineGS/tidydots/internal/packages/install.go:152.2,156.34 4 0
github.com/AntoineGS/tidydots/internal/packages/install.go:156.34,158.3 1 0
github.com/AntoineGS/tidydots/internal/packages/install.go:160.2,160.51 1 0
github.com/AntoineGS/tidydots/internal/packages/install.go:164.70,167.9 2 1
github.com/AntoineGS/tidydots/internal/packages/install.go:167.9,169.3 1 0
github.com/AntoineGS/tidydots/internal/packages/install.go:172.2,172.40 1 1
github.com/AntoineGS/tidydots/internal/packages/install.go:172.40,174.17 2 0
github.com/AntoineGS/tidydots/internal/packages/install.go:174.17,176.4 1 0
github.com/AntoineGS/tidydots/internal/packages/install.go:177.3,177.51 1 0
github.com/AntoineGS/tidydots/internal/packages/install.go:181.2,182.43 2 1
github.com/AntoineGS/tidydots/internal/packages/install.go:182.43,184.3 1 1
github.com/AntoineGS/tidydots/internal/packages/install.go:186.2,186.71 1 1
github.com/AntoineGS/tidydots/internal/packages/install.go:189.90,191.18 2 1
github.com/AntoineGS/tidydots/internal/packages/install.go:191.18,193.3 1 1
github.com/AntoineGS/tidydots/internal/packages/install.go:194.2,197.10 3 1
github.com/AntoineGS/tidydots/internal/packages/install.go:197.10,201.3 2 1
github.com/AntoineGS/tidydots/internal/packages/install.go:201.8,203.3 1 1
github.com/AntoineGS/tidydots/internal/packages/install.go:205.2,205.14 1 1
github.com/AntoineGS/tidydots/internal/packages/install.go:205.14,207.3 1 1
github.com/AntoineGS/tidydots/internal/packages/install.go:209.2,212.34 3 1
github.com/AntoineGS/tidydots/internal/packages/install.go:212.34,214.3 1 0
github.com/AntoineGS/tidydots/internal/packages/install.go:216.2,216.47 1 1
github.com/AntoineGS/tidydots/internal/packages/install.go:219.70,221.10 2 1
github.com/AntoineGS/tidydots/internal/packages/install.go:221.10,223.3 1 0
github.com/AntoineGS/tidydots/internal/packages/install.go:223.8,225.3 1 1
github.com/AntoineGS/tidydots/internal/packages/install.go:227.2,227.14 1 1
github.com/AntoineGS/tidydots/internal/packages/install.go:227.14,229.3 1 0
github.com/AntoineGS/tidydots/internal/packages/install.go:231.2,234.34 3 1
github.com/AntoineGS/tidydots/internal/packages/install.go:234.34,236.3 1 0
github.com/AntoineGS/tidydots/internal/packages/install.go:238.2,238.48 1 1
github.com/AntoineGS/tidydots/internal/packages/install.go:245.79,247.9 2 1
github.com/AntoineGS/tidydots/internal/packages/install.go:247.9,249.3 1 1
github.com/AntoineGS/tidydots/internal/packages/install.go:251.2,251.14 1 1
github.com/AntoineGS/tidydots/internal/packages/install.go:251.14,253.3 1 1
github.com/AntoineGS/tidydots/internal/packages/install.go:255.2,256.32 2 0
github.com/AntoineGS/tidydots/internal/packages/install.go:256.32,258.3 1 0
github.com/AntoineGS/tidydots/internal/packages/install.go:258.8,260.3 1 0
github.com/AntoineGS/tidydots/internal/packages/install.go:262.2,266.34 4 0
github.com/AntoineGS/tidydots/internal/packages/install.go:266.34,268.3 1 0
github.com/AntoineGS/tidydots/internal/packages/install.go:270.2,270.40 1 0
github.com/AntoineGS/tidydots/internal/packages/install.go:277.67,278.14 1 1
github.com/AntoineGS/tidydots/internal/packages/install.go:278.14,280.3 1 1
github.com/AntoineGS/tidydots/internal/packages/install.go:282.2,283.32 2 0
github.com/AntoineGS/tidydots/internal/packages/install.go:283.32,285.3 1 0
github.com/AntoineGS/tidydots/internal/packages/install.go:285.8,287.3 1 0
github.com/AntoineGS/tidydots/internal/packages/install.go:289.2,293.34 4 0
github.com/AntoineGS/tidydots/internal/packages/install.go:293.34,295.3 1 0
github.com/AntoineGS/tidydots/internal/packages/install.go:297.2,297.45 1 0
github.com/AntoineGS/tidydots/internal/packages/install.go:304.72,305.14 1 1
github.com/AntoineGS/tidydots/internal/packages/install.go:305.14,307.3 1 1
github.com/AntoineGS/tidydots/internal/packages/install.go:310.2,311.16 2 0
github.com/AntoineGS/tidydots/internal/packages/install.go:311.16,313.3 1 0
github.com/AntoineGS/tidydots/internal/packages/install.go:315.2,315.15 1 0
github.com/AntoineGS/tidydots/internal/packages/install.go:315.15,316.46 1 0
github.com/AntoineGS/tidydots/internal/packages/install.go:316.46,319.4 1 0
github.com/AntoineGS/tidydots/internal/packages/install.go:322.2,327.32 3 0
github.com/AntoineGS/tidydots/internal/packages/install.go:327.32,333.3 3 0
github.com/AntoineGS/tidydots/internal/packages/install.go:333.8,335.3 1 0
github.com/AntoineGS/tidydots/internal/packages/install.go:337.2,337.42 1 0
github.com/AntoineGS/tidydots/internal/packages/install.go:337.42,339.3 1 0
github.com/AntoineGS/tidydots/internal/packages/install.go:342.2,342.32 1 0
github.com/AntoineGS/tidydots/internal/packages/install.go:342.32,343.54 1 0
github.com/AntoineGS/tidydots/internal/packages/install.go:343.54,345.4 1 0
github.com/AntoineGS/tidydots/internal/packages/install.go:349.2,352.32 3 0
github.com/AntoineGS/tidydots/internal/packages/install.go:352.32,354.3 1 0
github.com/AntoineGS/tidydots/internal/packages/install.go:354.8,356.3 1 0
github.com/AntoineGS/tidydots/internal/packages/install.go:358.2,362.41 4 0
github.com/AntoineGS/tidydots/internal/packages/install.go:362.41,364.3 1 0
github.com/AntoineGS/tidydots/internal/packages/install.go:366.2,366.34 1 0
github.com/AntoineGS/tidydots/internal/packages/manager.go:30.76,42.2 4 1
github.com/AntoineGS/tidydots/internal/packages/manager.go:45.61,49.2 3 0
github.com/AntoineGS/tidydots/internal/packages/manager.go:51.45,53.57 2 1
github.com/AntoineGS/tidydots/internal/packages/manager.go:53.57,57.3 3 1
github.com/AntoineGS/tidydots/internal/packages/manager.go:60.44,62.39 1 1
github.com/AntoineGS/tidydots/internal/packages/manager.go:62.39,63.48 1 1
github.com/AntoineGS/tidydots/internal/packages/manager.go:63.48,64.25 1 1
github.com/AntoineGS/tidydots/internal/packages/manager.go:64.25,67.5 2 1
github.com/AntoineGS/tidydots/internal/packages/manager.go:72.2,72.76 1 1
github.com/AntoineGS/tidydots/internal/packages/manager.go:72.76,75.3 2 1
github.com/AntoineGS/tidydots/internal/packages/manager.go:78.2,78.32 1 1
github.com/AntoineGS/tidydots/internal/packages/manager.go:78.32,79.62 1 1
github.com/AntoineGS/tidydots/internal/packages/manager.go:79.62,80.25 1 1
github.com/AntoineGS/tidydots/internal/packages/manager.go:80.25,83.5 2 1
github.com/AntoineGS/tidydots/internal/packages/manager.go:85.8,87.75 1 1
github.com/AntoineGS/tidydots/internal/packages/manager.go:87.75,88.25 1 1
github.com/AntoineGS/tidydots/internal/packages/manager.go:88.25,91.5 2 1
github.com/AntoineGS/tidydots/internal/packages/manager.go:98.55,100.2 1 1
github.com/AntoineGS/tidydots/internal/packages/status.go:30.76,32.9 2 0
github.com/AntoineGS/tidydots/internal/packages/status.go:32.9,37.3 2 0
github.com/AntoineGS/tidydots/internal/packages/status.go:40.2,40.24 1 0
github.com/AntoineGS/tidydots/internal/packages/status.go:40.24,42.3 1 0
github.com/AntoineGS/tidydots/internal/packages/status.go:44.2,44.53 1 0
github.com/AntoineGS/tidydots/internal/packages/status.go:48.88,52.23 3 0
github.com/AntoineGS/tidydots/internal/packages/status.go:52.23,54.3 1 0
github.com/AntoineGS/tidydots/internal/packages/status.go:56.2,57.11 2 0
github.com/AntoineGS/tidydots/internal/packages/status.go:57.11,61.3 1 0
github.com/AntoineGS/tidydots/internal/packages/status.go:61.8,65.3 1 0
github.com/AntoineGS/tidydots/internal/packages/status.go:67.2,67.14 1 0
github.com/AntoineGS/tidydots/internal/packages/status.go:71.90,80.16 7 0
github.com/AntoineGS/tidydots/internal/packages/status.go:80.16,89.3 3 0
github.com/AntoineGS/tidydots/internal/packages/status.go:91.2,95.13 2 0
github.com/AntoineGS/tidydots/internal/packages/status.go:100.28,102.2 1 0
github.com/AntoineGS/tidydots/internal/packages/status.go:106.47,107.18 1 1
github.com/AntoineGS/tidydots/internal/packages/status.go:107.18,109.3 1 1
github.com/AntoineGS/tidydots/internal/packages/status.go:111.2,111.44 1 1
github.com/AntoineGS/tidydots/internal/packages/status.go:117.68,119.25 2 1
github.com/AntoineGS/tidydots/internal/packages/status.go:119.25,121.3 1 1
github.com/AntoineGS/tidydots/internal/packages/status.go:124.2,124.37 1 1
github.com/AntoineGS/tidydots/internal/packages/status.go:124.37,125.48 1 1
github.com/AntoineGS/tidydots/internal/packages/status.go:125.48,127.4 1 1
github.com/AntoineGS/tidydots/internal/packages/status.go:128.8,128.26 1 1
github.com/AntoineGS/tidydots/internal/packages/status.go:128.26,129.48 1 0
github.com/AntoineGS/tidydots/internal/packages/status.go:129.48,131.4 1 0
github.com/AntoineGS/tidydots/internal/packages/status.go:134.2,135.19 2 1
github.com/AntoineGS/tidydots/internal/packages/status.go:141.48,143.34 1 1
github.com/AntoineGS/tidydots/internal/packages/status.go:143.34,144.37 1 1
github.com/AntoineGS/tidydots/internal/packages/status.go:144.37,146.4 1 1
github.com/AntoineGS/tidydots/internal/packages/status.go:149.2,149.65 1 1
github.com/AntoineGS/tidydots/internal/packages/status.go:149.65,150.55 1 1
github.com/AntoineGS/tidydots/internal/packages/status.go:150.55,152.4 1 1
github.com/AntoineGS/tidydots/internal/packages/status.go:155.2,155.35 1 1
github.com/AntoineGS/tidydots/internal/packages/status.go:155.35,157.3 1 1
github.com/AntoineGS/tidydots/internal/packages/status.go:159.2,159.32 1 1
github.com/AntoineGS/tidydots/internal/packages/status.go:159.32,161.3 1 1
github.com/AntoineGS/tidydots/internal/packages/status.go:163.2,163.14 1 1
github.com/AntoineGS/tidydots/internal/packages/status.go:170.56,171.34 1 1
github.com/AntoineGS/tidydots/internal/packages/status.go:171.34,172.37 1 1
github.com/AntoineGS/tidydots/internal/packages/status.go:172.37,174.4 1 1
github.com/AntoineGS/tidydots/internal/packages/status.go:178.2,178.65 1 1
github.com/AntoineGS/tidydots/internal/packages/status.go:178.65,179.55 1 1
github.com/AntoineGS/tidydots/internal/packages/status.go:179.55,181.4 1 1
github.com/AntoineGS/tidydots/internal/packages/status.go:184.2,184.35 1 1
github.com/AntoineGS/tidydots/internal/packages/status.go:184.35,186.3 1 1
github.com/AntoineGS/tidydots/internal/packages/status.go:188.2,188.32 1 1
github.com/AntoineGS/tidydots/internal/packages/status.go:188.32,190.3 1 1
github.com/AntoineGS/tidydots/internal/packages/status.go:192.2,192.15 1 1
github.com/AntoineGS/tidydots/internal/packages/status.go:198.54,201.40 2 1
github.com/AntoineGS/tidydots/internal/packages/status.go:201.40,202.24 1 1
github.com/AntoineGS/tidydots/internal/packages/status.go:202.24,204.4 1 1
github.com/AntoineGS/tidydots/internal/packages/status.go:207.2,207.15 1 1
github.com/AntoineGS/tidydots/internal/packages/types.go:85.36,85.59 1 1
github.com/AntoineGS/tidydots/internal/packages/types.go:88.42,88.71 1 1
github.com/AntoineGS/tidydots/internal/packages/types.go:108.56,120.44 3 1
github.com/AntoineGS/tidydots/internal/packages/types.go:120.44,122.3 1 0
github.com/AntoineGS/tidydots/internal/packages/types.go:125.2,133.45 7 1
github.com/AntoineGS/tidydots/internal/packages/types.go:133.45,136.13 2 1
github.com/AntoineGS/tidydots/internal/packages/types.go:137.12,139.52 2 1
github.com/AntoineGS/tidydots/internal/packages/types.go:139.52,141.5 1 0
github.com/AntoineGS/tidydots/internal/packages/types.go:142.4,142.47 1 1
github.com/AntoineGS/tidydots/internal/packages/types.go:144.18,146.58 2 1
github.com/AntoineGS/tidydots/internal/packages/types.go:146.58,148.5 1 0
github.com/AntoineGS/tidydots/internal/packages/types.go:149.4,149.59 1 1
github.com/AntoineGS/tidydots/internal/packages/types.go:151.11,154.53 2 1
github.com/AntoineGS/tidydots/internal/packages/types.go:154.53,156.13 2 1
github.com/AntoineGS/tidydots/internal/packages/types.go:160.4,166.49 3 0
github.com/AntoineGS/tidydots/internal/packages/types.go:166.49,168.5 1 0
github.com/AntoineGS/tidydots/internal/packages/types.go:170.4,170.72 1 0
github.com/AntoineGS/tidydots/internal/packages/types.go:174.2,174.12 1 1
github.com/AntoineGS/tidydots/internal/tui/components/list_field.go:19.59,27.2 1 1
github.com/AntoineGS/tidydots/internal/tui/components/list_field.go:30.29,32.2 1 1
github.com/AntoineGS/tidydots/internal/tui/components/list_field.go:35.28,38.2 2 1
github.com/AntoineGS/tidydots/internal/tui/components/list_field.go:41.38,43.2 1 1
github.com/AntoineGS/tidydots/internal/tui/components/list_field.go:46.38,48.2 1 1
github.com/AntoineGS/tidydots/internal/tui/components/list_field.go:51.37,53.2 1 1
github.com/AntoineGS/tidydots/internal/tui/components/list_field.go:56.40,58.2 1 1
github.com/AntoineGS/tidydots/internal/tui/components/list_field.go:61.37,62.18 1 1
github.com/AntoineGS/tidydots/internal/tui/components/list_field.go:62.18,65.3 2 1
github.com/AntoineGS/tidydots/internal/tui/components/list_field.go:67.2,67.14 1 1
github.com/AntoineGS/tidydots/internal/tui/components/list_field.go:71.39,73.23 2 1
github.com/AntoineGS/tidydots/internal/tui/components/list_field.go:73.23,76.3 2 1
github.com/AntoineGS/tidydots/internal/tui/components/list_field.go:78.2,78.14 1 1
github.com/AntoineGS/tidydots/internal/tui/components/list_field.go:82.36,84.2 1 1
github.com/AntoineGS/tidydots/internal/tui/components/list_field.go:87.39,89.2 1 1
github.com/AntoineGS/tidydots/internal/tui/components/list_field.go:92.37,93.29 1 1
github.com/AntoineGS/tidydots/internal/tui/components/list_field.go:93.29,98.3 3 1
github.com/AntoineGS/tidydots/internal/tui/components/list_field.go:98.8,104.3 4 1
github.com/AntoineGS/tidydots/internal/tui/components/list_field.go:108.36,109.54 1 1
github.com/AntoineGS/tidydots/internal/tui/components/list_field.go:109.54,111.52 2 1
github.com/AntoineGS/tidydots/internal/tui/components/list_field.go:111.52,114.4 1 0
github.com/AntoineGS/tidydots/internal/tui/components/list_field.go:114.9,116.4 1 1
github.com/AntoineGS/tidydots/internal/tui/components/list_field.go:118.2,118.19 1 1
github.com/AntoineGS/tidydots/internal/tui/components/list_field.go:122.34,123.23 1 1
github.com/AntoineGS/tidydots/internal/tui/components/list_field.go:123.23,125.68 1 1
github.com/AntoineGS/tidydots/internal/tui/components/list_field.go:125.68,127.4 1 1
github.com/AntoineGS/tidydots/internal/tui/components/list_field.go:129.2,129.19 1 1
github.com/AntoineGS/tidydots/internal/tui/components/list_field.go:133.37,134.29 1 1
github.com/AntoineGS/tidydots/internal/tui/components/list_field.go:134.29,136.47 2 1
github.com/AntoineGS/tidydots/internal/tui/components/list_field.go:136.47,138.4 1 1
github.com/AntoineGS/tidydots/internal/tui/components/list_field.go:143.49,144.19 1 0
github.com/AntoineGS/tidydots/internal/tui/components/list_field.go:144.19,146.3 1 0
github.com/AntoineGS/tidydots/internal/tui/components/list_field.go:148.2,148.12 1 0
github.com/AntoineGS/tidydots/internal/tui/components/list_field.go:152.49,153.19 1 1
github.com/AntoineGS/tidydots/internal/tui/components/list_field.go:153.19,155.3 1 1
github.com/AntoineGS/tidydots/internal/tui/components/list_field.go:157.2,157.12 1 0
github.com/AntoineGS/tidydots/internal/tui/components/list_field.go:161.43,163.2 1 1
github.com/AntoineGS/tidydots/internal/tui/components/text_field.go:18.63,32.2 6 1
github.com/AntoineGS/tidydots/internal/tui/components/text_field.go:35.95,49.2 6 0
github.com/AntoineGS/tidydots/internal/tui/components/text_field.go:52.29,55.2 2 1
github.com/AntoineGS/tidydots/internal/tui/components/text_field.go:58.28,62.2 3 1
github.com/AntoineGS/tidydots/internal/tui/components/text_field.go:65.38,67.2 1 1
github.com/AntoineGS/tidydots/internal/tui/components/text_field.go:70.38,72.2 1 1
github.com/AntoineGS/tidydots/internal/tui/components/text_field.go:75.37,79.2 3 1
github.com/AntoineGS/tidydots/internal/tui/components/text_field.go:82.36,85.2 2 1
github.com/AntoineGS/tidydots/internal/tui/components/text_field.go:88.36,90.2 1 1
github.com/AntoineGS/tidydots/internal/tui/components/text_field.go:93.44,95.2 1 1
github.com/AntoineGS/tidydots/internal/tui/components/text_field.go:98.49,99.16 1 1
github.com/AntoineGS/tidydots/internal/tui/components/text_field.go:99.16,101.3 1 1
github.com/AntoineGS/tidydots/internal/tui/components/text_field.go:103.2,106.12 3 1
github.com/AntoineGS/tidydots/internal/tui/components/text_field.go:110.48,112.2 1 0
github.com/AntoineGS/tidydots/internal/tui/components/text_field.go:115.40,117.2 1 0
github.com/AntoineGS/tidydots/internal/tui/add.go:13.67,14.22 1 0
github.com/AntoineGS/tidydots/internal/tui/add.go:15.23,16.38 1 0
github.com/AntoineGS/tidydots/internal/tui/add.go:17.20,18.35 1 0
github.com/AntoineGS/tidydots/internal/tui/add.go:19.16,20.14 1 0
github.com/AntoineGS/tidydots/internal/tui/add.go:21.10,25.16 3 0
github.com/AntoineGS/tidydots/internal/tui/add.go:31.37,32.22 1 0
github.com/AntoineGS/tidydots/internal/tui/add.go:33.23,34.33 1 0
github.com/AntoineGS/tidydots/internal/tui/add.go:35.20,36.30 1 0
github.com/AntoineGS/tidydots/internal/tui/add.go:37.16,38.14 1 0
github.com/AntoineGS/tidydots/internal/tui/add.go:39.10,41.51 1 0
github.com/AntoineGS/tidydots/internal/tui/add.go:46.53,48.2 1 0
github.com/AntoineGS/tidydots/internal/tui/add.go:51.58,53.2 1 0
github.com/AntoineGS/tidydots/internal/tui/add.go:56.71,57.17 1 0
github.com/AntoineGS/tidydots/internal/tui/add.go:57.17,61.28 2 0
github.com/AntoineGS/tidydots/internal/tui/add.go:61.28,67.4 1 0
github.com/AntoineGS/tidydots/internal/tui/add.go:67.9,73.4 1 0
github.com/AntoineGS/tidydots/internal/tui/add.go:74.8,80.3 1 0
github.com/AntoineGS/tidydots/internal/tui/add.go:83.2,83.60 1 0
github.com/AntoineGS/tidydots/internal/tui/add.go:83.60,85.3 1 0
github.com/AntoineGS/tidydots/internal/tui/add.go:87.2,89.12 2 0
github.com/AntoineGS/tidydots/internal/tui/add.go:94.80,97.2 1 1
github.com/AntoineGS/tidydots/internal/tui/add.go:99.74,102.2 1 0
github.com/AntoineGS/tidydots/internal/tui/add.go:105.95,106.26 1 0
github.com/AntoineGS/tidydots/internal/tui/add.go:106.26,108.3 1 0
github.com/AntoineGS/tidydots/internal/tui/add.go:110.2,113.25 3 0
github.com/AntoineGS/tidydots/internal/tui/add.go:113.25,114.45 1 0
github.com/AntoineGS/tidydots/internal/tui/add.go:114.45,116.4 1 0
github.com/AntoineGS/tidydots/internal/tui/add.go:116.9,118.4 1 0
github.com/AntoineGS/tidydots/internal/tui/add.go:119.8,121.3 1 0
github.com/AntoineGS/tidydots/internal/tui/add.go:123.2,123.16 1 0
github.com/AntoineGS/tidydots/internal/tui/add.go:123.16,125.3 1 0
github.com/AntoineGS/tidydots/internal/tui/add.go:127.2,127.69 1 0
github.com/AntoineGS/tidydots/internal/tui/app.go:14.93,18.45 3 0
github.com/AntoineGS/tidydots/internal/tui/app.go:18.45,21.3 1 0
github.com/AntoineGS/tidydots/internal/tui/app.go:22.2,22.15 1 0
github.com/AntoineGS/tidydots/internal/tui/app.go:22.15,22.34 1 0
github.com/AntoineGS/tidydots/internal/tui/app.go:24.2,24.51 1 0
github.com/AntoineGS/tidydots/internal/tui/app.go:28.113,34.16 4 0
github.com/AntoineGS/tidydots/internal/tui/app.go:34.16,36.3 1 0
github.com/AntoineGS/tidydots/internal/tui/app.go:39.2,40.9 2 0
github.com/AntoineGS/tidydots/internal/tui/app.go:40.9,42.3 1 0
github.com/AntoineGS/tidydots/internal/tui/app.go:44.2,44.78 1 0
github.com/AntoineGS/tidydots/internal/tui/app.go:44.78,46.3 1 0
github.com/AntoineGS/tidydots/internal/tui/app.go:48.2,48.12 1 0
github.com/AntoineGS/tidydots/internal/tui/app.go:52.118,58.2 4 0
github.com/AntoineGS/tidydots/internal/tui/app.go:60.33,64.30 3 0
github.com/AntoineGS/tidydots/internal/tui/app.go:64.30,65.16 1 0
github.com/AntoineGS/tidydots/internal/tui/app.go:65.16,67.4 1 0
github.com/AntoineGS/tidydots/internal/tui/app.go:67.9,69.4 1 0
github.com/AntoineGS/tidydots/internal/tui/app.go:72.2,74.19 2 0
github.com/AntoineGS/tidydots/internal/tui/app.go:74.19,76.3 1 0
github.com/AntoineGS/tidydots/internal/tui/app.go:78.2,78.15 1 0
github.com/AntoineGS/tidydots/internal/tui/app.go:82.24,84.16 2 0
github.com/AntoineGS/tidydots/internal/tui/app.go:84.16,86.3 1 0
github.com/AntoineGS/tidydots/internal/tui/app.go:88.2,88.51 1 0
github.com/AntoineGS/tidydots/internal/tui/autocomplete.go:13.66,14.17 1 1
github.com/AntoineGS/tidydots/internal/tui/autocomplete.go:14.17,16.3 1 1
github.com/AntoineGS/tidydots/internal/tui/autocomplete.go:19.2,22.71 2 1
github.com/AntoineGS/tidydots/internal/tui/autocomplete.go:22.71,24.3 1 0
github.com/AntoineGS/tidydots/internal/tui/autocomplete.go:27.2,31.91 3 1
github.com/AntoineGS/tidydots/internal/tui/autocomplete.go:31.91,34.3 2 1
github.com/AntoineGS/tidydots/internal/tui/autocomplete.go:37.2,38.16 2 1
github.com/AntoineGS/tidydots/internal/tui/autocomplete.go:38.16,40.3 1 0
github.com/AntoineGS/tidydots/internal/tui/autocomplete.go:42.2,44.32 2 1
github.com/AntoineGS/tidydots/internal/tui/autocomplete.go:44.32,48.70 2 1
github.com/AntoineGS/tidydots/internal/tui/autocomplete.go:48.70,49.12 1 1
github.com/AntoineGS/tidydots/internal/tui/autocomplete.go:53.3,53.89 1 1
github.com/AntoineGS/tidydots/internal/tui/autocomplete.go:53.89,54.12 1 1
github.com/AntoineGS/tidydots/internal/tui/autocomplete.go:58.3,59.48 2 1
github.com/AntoineGS/tidydots/internal/tui/autocomplete.go:63.2,65.39 2 1
github.com/AntoineGS/tidydots/internal/tui/autocomplete.go:65.39,67.3 1 0
github.com/AntoineGS/tidydots/internal/tui/autocomplete.go:69.2,69.20 1 1
github.com/AntoineGS/tidydots/internal/tui/autocomplete.go:73.73,77.105 2 1
github.com/AntoineGS/tidydots/internal/tui/autocomplete.go:77.105,79.3 1 1
github.com/AntoineGS/tidydots/internal/tui/autocomplete.go:79.8,82.19 2 1
github.com/AntoineGS/tidydots/internal/tui/autocomplete.go:82.19,84.4 1 1
github.com/AntoineGS/tidydots/internal/tui/autocomplete.go:84.9,86.4 1 0
github.com/AntoineGS/tidydots/internal/tui/autocomplete.go:89.2,90.11 2 1
github.com/AntoineGS/tidydots/internal/tui/autocomplete.go:90.11,92.3 1 1
github.com/AntoineGS/tidydots/internal/tui/autocomplete.go:94.2,94.15 1 1
github.com/AntoineGS/tidydots/internal/tui/autocomplete.go:98.37,99.35 1 1
github.com/AntoineGS/tidydots/internal/tui/autocomplete.go:99.35,101.17 2 1
github.com/AntoineGS/tidydots/internal/tui/autocomplete.go:101.17,103.4 1 0
github.com/AntoineGS/tidydots/internal/tui/autocomplete.go:105.3,105.39 1 1
github.com/AntoineGS/tidydots/internal/tui/autocomplete.go:108.2,108.17 1 1
github.com/AntoineGS/tidydots/internal/tui/autocomplete.go:108.17,110.17 2 1
github.com/AntoineGS/tidydots/internal/tui/autocomplete.go:110.17,112.4 1 0
github.com/AntoineGS/tidydots/internal/tui/autocomplete.go:114.3,114.14 1 1
github.com/AntoineGS/tidydots/internal/tui/autocomplete.go:117.2,117.13 1 1
github.com/AntoineGS/tidydots/internal/tui/batch_operations.go:32.46,41.37 2 0
github.com/AntoineGS/tidydots/internal/tui/batch_operations.go:41.37,42.50 1 0
github.com/AntoineGS/tidydots/internal/tui/batch_operations.go:42.50,44.37 2 0
github.com/AntoineGS/tidydots/internal/tui/batch_operations.go:44.37,54.5 1 0
github.com/AntoineGS/tidydots/internal/tui/batch_operations.go:59.2,59.40 1 0
github.com/AntoineGS/tidydots/internal/tui/batch_operations.go:59.40,61.71 2 0
github.com/AntoineGS/tidydots/internal/tui/batch_operations.go:61.71,62.12 1 0
github.com/AntoineGS/tidydots/internal/tui/batch_operations.go:66.3,66.29 1 0
github.com/AntoineGS/tidydots/internal/tui/batch_operations.go:66.29,67.12 1 0
github.com/AntoineGS/tidydots/internal/tui/batch_operations.go:70.3,71.65 1 0
github.com/AntoineGS/tidydots/internal/tui/batch_operations.go:71.65,82.4 2 0
github.com/AntoineGS/tidydots/internal/tui/batch_operations.go:86.2,86.24 1 0
github.com/AntoineGS/tidydots/internal/tui/batch_operations.go:86.24,91.30 4 0
github.com/AntoineGS/tidydots/internal/tui/batch_operations.go:91.30,105.15 4 0
github.com/AntoineGS/tidydots/internal/tui/batch_operations.go:105.15,107.5 1 0
github.com/AntoineGS/tidydots/internal/tui/batch_operations.go:107.10,109.5 1 0
github.com/AntoineGS/tidydots/internal/tui/batch_operations.go:116.3,120.4 1 0
github.com/AntoineGS/tidydots/internal/tui/batch_operations.go:126.46,130.37 2 0
github.com/AntoineGS/tidydots/internal/tui/batch_operations.go:130.37,131.50 1 0
github.com/AntoineGS/tidydots/internal/tui/batch_operations.go:131.50,135.85 2 0
github.com/AntoineGS/tidydots/internal/tui/batch_operations.go:135.85,144.5 2 0
github.com/AntoineGS/tidydots/internal/tui/batch_operations.go:149.2,149.24 1 0
github.com/AntoineGS/tidydots/internal/tui/batch_operations.go:149.24,150.25 1 0
github.com/AntoineGS/tidydots/internal/tui/batch_operations.go:150.25,156.4 1 0
github.com/AntoineGS/tidydots/internal/tui/batch_operations.go:162.2,162.24 1 0
github.com/AntoineGS/tidydots/internal/tui/batch_operations.go:162.24,166.3 1 0
github.com/AntoineGS/tidydots/internal/tui/batch_operations.go:176.45,188.37 3 0
github.com/AntoineGS/tidydots/internal/tui/batch_operations.go:188.37,189.50 1 0
github.com/AntoineGS/tidydots/internal/tui/batch_operations.go:189.50,193.22 3 0
github.com/AntoineGS/tidydots/internal/tui/batch_operations.go:193.22,200.5 1 0
github.com/AntoineGS/tidydots/internal/tui/batch_operations.go:205.2,205.40 1 0
github.com/AntoineGS/tidydots/internal/tui/batch_operations.go:205.40,207.71 2 0
github.com/AntoineGS/tidydots/internal/tui/batch_operations.go:207.71,208.12 1 0
github.com/AntoineGS/tidydots/internal/tui/batch_operations.go:212.3,212.29 1 0
github.com/AntoineGS/tidydots/internal/tui/batch_operations.go:212.29,213.12 1 0
github.com/AntoineGS/tidydots/internal/tui/batch_operations.go:216.3,217.65 1 0
github.com/AntoineGS/tidydots/internal/tui/batch_operations.go:217.65,223.24 4 0
github.com/AntoineGS/tidydots/internal/tui/batch_operations.go:223.24,224.13 1 0
github.com/AntoineGS/tidydots/internal/tui/batch_operations.go:228.4,229.70 2 0
github.com/AntoineGS/tidydots/internal/tui/batch_operations.go:229.70,230.45 1 0
github.com/AntoineGS/tidydots/internal/tui/batch_operations.go:230.45,232.11 2 0
github.com/AntoineGS/tidydots/internal/tui/batch_operations.go:236.4,236.25 1 0
github.com/AntoineGS/tidydots/internal/tui/batch_operations.go:236.25,243.5 1 0
github.com/AntoineGS/tidydots/internal/tui/batch_operations.go:249.2,249.46 1 0
github.com/AntoineGS/tidydots/internal/tui/batch_operations.go:249.46,251.3 1 0
github.com/AntoineGS/tidydots/internal/tui/batch_operations.go:254.2,254.24 1 0
github.com/AntoineGS/tidydots/internal/tui/batch_operations.go:254.24,262.30 5 0
github.com/AntoineGS/tidydots/internal/tui/batch_operations.go:262.30,264.57 1 0
github.com/AntoineGS/tidydots/internal/tui/batch_operations.go:264.57,265.13 1 0
github.com/AntoineGS/tidydots/internal/tui/batch_operations.go:268.4,269.24 2 0
github.com/AntoineGS/tidydots/internal/tui/batch_operations.go:269.24,271.40 1 0
github.com/AntoineGS/tidydots/internal/tui/batch_operations.go:271.40,274.71 2 0
github.com/AntoineGS/tidydots/internal/tui/batch_operations.go:274.71,276.7 1 0
github.com/AntoineGS/tidydots/internal/tui/batch_operations.go:278.10,281.19 2 0
github.com/AntoineGS/tidydots/internal/tui/batch_operations.go:281.19,283.6 1 0
github.com/AntoineGS/tidydots/internal/tui/batch_operations.go:286.4,288.15 3 0
github.com/AntoineGS/tidydots/internal/tui/batch_operations.go:288.15,291.5 2 0
github.com/AntoineGS/tidydots/internal/tui/batch_operations.go:291.10,294.5 2 0
github.com/AntoineGS/tidydots/internal/tui/batch_operations.go:296.4,300.6 1 0
github.com/AntoineGS/tidydots/internal/tui/batch_operations.go:303.3,307.4 1 0
github.com/AntoineGS/tidydots/internal/tui/batch_operations.go:312.41,318.2 2 0
github.com/AntoineGS/tidydots/internal/tui/diff_picker.go:12.70,13.57 1 0
github.com/AntoineGS/tidydots/internal/tui/diff_picker.go:13.57,15.3 1 0
github.com/AntoineGS/tidydots/internal/tui/diff_picker.go:17.2,17.9 1 0
github.com/AntoineGS/tidydots/internal/tui/diff_picker.go:18.47,22.16 4 0
github.com/AntoineGS/tidydots/internal/tui/diff_picker.go:24.43,25.29 1 0
github.com/AntoineGS/tidydots/internal/tui/diff_picker.go:25.29,27.4 1 0
github.com/AntoineGS/tidydots/internal/tui/diff_picker.go:28.3,28.16 1 0
github.com/AntoineGS/tidydots/internal/tui/diff_picker.go:30.45,31.52 1 0
github.com/AntoineGS/tidydots/internal/tui/diff_picker.go:31.52,33.4 1 0
github.com/AntoineGS/tidydots/internal/tui/diff_picker.go:34.3,34.16 1 0
github.com/AntoineGS/tidydots/internal/tui/diff_picker.go:36.47,37.77 1 0
github.com/AntoineGS/tidydots/internal/tui/diff_picker.go:37.77,43.4 5 0
github.com/AntoineGS/tidydots/internal/tui/diff_picker.go:44.3,44.16 1 0
github.com/AntoineGS/tidydots/internal/tui/diff_picker.go:47.2,47.15 1 0
github.com/AntoineGS/tidydots/internal/tui/diff_picker.go:51.40,57.39 4 0
github.com/AntoineGS/tidydots/internal/tui/diff_picker.go:57.39,59.30 2 0
github.com/AntoineGS/tidydots/internal/tui/diff_picker.go:59.30,61.4 1 0
github.com/AntoineGS/tidydots/internal/tui/diff_picker.go:63.3,64.30 2 0
github.com/AntoineGS/tidydots/internal/tui/diff_picker.go:64.30,66.4 1 0
github.com/AntoineGS/tidydots/internal/tui/diff_picker.go:68.3,68.62 1 0
github.com/AntoineGS/tidydots/internal/tui/diff_picker.go:71.2,77.19 3 0
github.com/AntoineGS/tidydots/internal/tui/editor_launch.go:29.62,38.23 6 0
github.com/AntoineGS/tidydots/internal/tui/editor_launch.go:38.23,40.3 1 0
github.com/AntoineGS/tidydots/internal/tui/editor_launch.go:43.2,48.29 5 0
github.com/AntoineGS/tidydots/internal/tui/editor_launch.go:48.29,51.50 2 0
[...]
github.com/AntoineGS/tidydots/internal/manager/restore.go:372.85,374.7 1 0
github.com/AntoineGS/tidydots/internal/manager/restore.go:377.6,377.33 1 1
github.com/AntoineGS/tidydots/internal/manager/restore.go:377.33,378.54 1 1
github.com/AntoineGS/tidydots/internal/manager/restore.go:378.54,382.8 1 1
github.com/AntoineGS/tidydots/internal/manager/restore.go:384.7,384.50 1 1
github.com/AntoineGS/tidydots/internal/manager/restore.go:384.50,388.8 1 0
github.com/AntoineGS/tidydots/internal/manager/restore.go:394.3,394.50 1 1
github.com/AntoineGS/tidydots/internal/manager/restore.go:394.50,399.17 2 1
github.com/AntoineGS/tidydots/internal/manager/restore.go:399.17,400.22 1 1
github.com/AntoineGS/tidydots/internal/manager/restore.go:400.22,402.38 2 0
github.com/AntoineGS/tidydots/internal/manager/restore.go:402.38,404.7 1 0
github.com/AntoineGS/tidydots/internal/manager/restore.go:405.11,406.56 1 1
github.com/AntoineGS/tidydots/internal/manager/restore.go:406.56,407.56 1 0
github.com/AntoineGS/tidydots/internal/manager/restore.go:407.56,409.8 1 0
github.com/AntoineGS/tidydots/internal/manager/restore.go:411.7,411.48 1 0
github.com/AntoineGS/tidydots/internal/manager/restore.go:411.48,413.8 1 0
github.com/AntoineGS/tidydots/internal/manager/restore.go:419.3,419.27 1 1
github.com/AntoineGS/tidydots/internal/manager/restore.go:419.27,420.16 1 1
github.com/AntoineGS/tidydots/internal/manager/restore.go:420.16,422.13 2 0
github.com/AntoineGS/tidydots/internal/manager/restore.go:425.4,425.85 1 1
github.com/AntoineGS/tidydots/internal/manager/restore.go:428.3,428.49 1 1
github.com/AntoineGS/tidydots/internal/manager/restore.go:428.49,431.17 2 0
github.com/AntoineGS/tidydots/internal/manager/restore.go:431.17,432.22 1 0
github.com/AntoineGS/tidydots/internal/manager/restore.go:432.22,434.38 2 0
github.com/AntoineGS/tidydots/internal/manager/restore.go:434.38,436.7 1 0
github.com/AntoineGS/tidydots/internal/manager/restore.go:437.11,438.47 1 0
github.com/AntoineGS/tidydots/internal/manager/restore.go:438.47,440.7 1 0
github.com/AntoineGS/tidydots/internal/manager/restore.go:445.3,449.16 2 1
github.com/AntoineGS/tidydots/internal/manager/restore.go:449.16,450.80 1 1
github.com/AntoineGS/tidydots/internal/manager/restore.go:450.80,452.5 1 0
github.com/AntoineGS/tidydots/internal/manager/restore.go:456.2,456.12 1 1
github.com/AntoineGS/tidydots/internal/manager/restore.go:461.40,462.22 1 1
github.com/AntoineGS/tidydots/internal/manager/restore.go:462.22,464.3 1 1
github.com/AntoineGS/tidydots/internal/manager/restore.go:466.2,467.75 2 1
github.com/AntoineGS/tidydots/internal/manager/restore.go:467.75,468.26 1 1
github.com/AntoineGS/tidydots/internal/manager/restore.go:468.26,470.4 1 0
github.com/AntoineGS/tidydots/internal/manager/restore.go:471.3,471.50 1 1
github.com/AntoineGS/tidydots/internal/manager/restore.go:471.50,474.4 2 1
github.com/AntoineGS/tidydots/internal/manager/restore.go:475.3,475.13 1 1
github.com/AntoineGS/tidydots/internal/manager/restore.go:478.2,478.14 1 1
github.com/AntoineGS/tidydots/internal/manager/template_restore.go:18.101,21.66 1 1
github.com/AntoineGS/tidydots/internal/manager/template_restore.go:21.66,23.3 1 0
github.com/AntoineGS/tidydots/internal/manager/template_restore.go:26.2,26.25 1 1
github.com/AntoineGS/tidydots/internal/manager/template_restore.go:26.25,28.3 1 0
github.com/AntoineGS/tidydots/internal/manager/template_restore.go:30.2,30.42 1 1
github.com/AntoineGS/tidydots/internal/manager/template_restore.go:35.67,36.87 1 1
github.com/AntoineGS/tidydots/internal/manager/template_restore.go:36.87,37.17 1 1
github.com/AntoineGS/tidydots/internal/manager/template_restore.go:37.17,39.4 1 0
github.com/AntoineGS/tidydots/internal/manager/template_restore.go:41.3,41.16 1 1
github.com/AntoineGS/tidydots/internal/manager/template_restore.go:41.16,43.4 1 1
github.com/AntoineGS/tidydots/internal/manager/template_restore.go:46.3,46.69 1 1
github.com/AntoineGS/tidydots/internal/manager/template_restore.go:46.69,48.4 1 1
github.com/AntoineGS/tidydots/internal/manager/template_restore.go:50.3,50.37 1 1
github.com/AntoineGS/tidydots/internal/manager/template_restore.go:50.37,52.4 1 1
github.com/AntoineGS/tidydots/internal/manager/template_restore.go:54.3,55.20 2 1
github.com/AntoineGS/tidydots/internal/manager/template_restore.go:55.20,57.4 1 0
github.com/AntoineGS/tidydots/internal/manager/template_restore.go:59.3,59.48 1 1
github.com/AntoineGS/tidydots/internal/manager/template_restore.go:67.76,70.16 2 1
github.com/AntoineGS/tidydots/internal/manager/template_restore.go:70.16,72.3 1 0
github.com/AntoineGS/tidydots/internal/manager/template_restore.go:75.2,81.43 3 1
github.com/AntoineGS/tidydots/internal/manager/template_restore.go:81.43,83.23 2 1
github.com/AntoineGS/tidydots/internal/manager/template_restore.go:83.23,85.4 1 0
github.com/AntoineGS/tidydots/internal/manager/template_restore.go:85.9,85.89 1 1
github.com/AntoineGS/tidydots/internal/manager/template_restore.go:85.89,90.4 2 1
github.com/AntoineGS/tidydots/internal/manager/template_restore.go:94.2,95.22 2 1
github.com/AntoineGS/tidydots/internal/manager/template_restore.go:95.22,97.3 1 0
github.com/AntoineGS/tidydots/internal/manager/template_restore.go:99.2,103.14 2 1
github.com/AntoineGS/tidydots/internal/manager/template_restore.go:103.14,105.3 1 1
github.com/AntoineGS/tidydots/internal/manager/template_restore.go:108.2,110.43 2 1
github.com/AntoineGS/tidydots/internal/manager/template_restore.go:110.43,112.23 2 1
github.com/AntoineGS/tidydots/internal/manager/template_restore.go:112.23,114.4 1 0
github.com/AntoineGS/tidydots/internal/manager/template_restore.go:116.3,116.20 1 1
github.com/AntoineGS/tidydots/internal/manager/template_restore.go:116.20,121.35 3 1
github.com/AntoineGS/tidydots/internal/manager/template_restore.go:121.35,123.23 2 1
github.com/AntoineGS/tidydots/internal/manager/template_restore.go:123.23,128.6 2 0
github.com/AntoineGS/tidydots/internal/manager/template_restore.go:128.11,130.6 1 1
github.com/AntoineGS/tidydots/internal/manager/template_restore.go:131.10,133.5 1 0
github.com/AntoineGS/tidydots/internal/manager/template_restore.go:135.4,138.31 3 1
github.com/AntoineGS/tidydots/internal/manager/template_restore.go:138.31,140.104 2 1
github.com/AntoineGS/tidydots/internal/manager/template_restore.go:140.104,144.6 1 0
github.com/AntoineGS/tidydots/internal/manager/template_restore.go:145.5,147.49 1 1
github.com/AntoineGS/tidydots/internal/manager/template_restore.go:150.4,150.46 1 1
github.com/AntoineGS/tidydots/internal/manager/template_restore.go:151.9,151.41 1 1
github.com/AntoineGS/tidydots/internal/manager/template_restore.go:151.41,157.69 3 1
github.com/AntoineGS/tidydots/internal/manager/template_restore.go:157.69,160.5 1 0
github.com/AntoineGS/tidydots/internal/manager/template_restore.go:165.2,165.87 1 1
github.com/AntoineGS/tidydots/internal/manager/template_restore.go:165.87,167.3 1 0
github.com/AntoineGS/tidydots/internal/manager/template_restore.go:169.2,169.105 1 1
github.com/AntoineGS/tidydots/internal/manager/template_restore.go:169.105,171.3 1 0
github.com/AntoineGS/tidydots/internal/manager/template_restore.go:174.2,174.25 1 1
github.com/AntoineGS/tidydots/internal/manager/template_restore.go:174.25,175.118 1 1
github.com/AntoineGS/tidydots/internal/manager/template_restore.go:175.118,179.4 1 0
github.com/AntoineGS/tidydots/internal/manager/template_restore.go:183.2,183.56 1 1
github.com/AntoineGS/tidydots/internal/manager/template_restore.go:188.78,194.2 4 1
github.com/AntoineGS/tidydots/internal/manager/template_restore.go:200.75,202.28 1 1
github.com/AntoineGS/tidydots/internal/manager/template_restore.go:202.28,204.39 2 1
github.com/AntoineGS/tidydots/internal/manager/template_restore.go:204.39,206.4 1 1
github.com/AntoineGS/tidydots/internal/manager/template_restore.go:210.2,210.55 1 1
github.com/AntoineGS/tidydots/internal/manager/template_restore.go:210.55,213.16 2 1
github.com/AntoineGS/tidydots/internal/manager/template_restore.go:213.16,214.49 1 1
github.com/AntoineGS/tidydots/internal/manager/template_restore.go:214.49,216.5 1 0
github.com/AntoineGS/tidydots/internal/manager/template_restore.go:220.2,224.15 2 1
github.com/AntoineGS/tidydots/internal/manager/template_restore.go:224.15,226.3 1 1
github.com/AntoineGS/tidydots/internal/manager/template_restore.go:228.2,228.12 1 0
github.com/AntoineGS/tidydots/internal/manager/template_walker.go:20.82,21.25 1 1
github.com/AntoineGS/tidydots/internal/manager/template_walker.go:21.25,23.3 1 1
github.com/AntoineGS/tidydots/internal/manager/template_walker.go:25.2,25.34 1 1
github.com/AntoineGS/tidydots/internal/manager/template_walker.go:25.34,27.3 1 1
github.com/AntoineGS/tidydots/internal/manager/template_walker.go:29.2,29.87 1 1
github.com/AntoineGS/tidydots/internal/manager/template_walker.go:29.87,30.17 1 1
github.com/AntoineGS/tidydots/internal/manager/template_walker.go:30.17,32.4 1 0
github.com/AntoineGS/tidydots/internal/manager/template_walker.go:34.3,34.16 1 1
github.com/AntoineGS/tidydots/internal/manager/template_walker.go:34.16,36.4 1 1
github.com/AntoineGS/tidydots/internal/manager/template_walker.go:38.3,38.69 1 1
github.com/AntoineGS/tidydots/internal/manager/template_walker.go:38.69,40.4 1 1
github.com/AntoineGS/tidydots/internal/manager/template_walker.go:42.3,42.37 1 1
github.com/AntoineGS/tidydots/internal/manager/template_walker.go:42.37,44.4 1 1
github.com/AntoineGS/tidydots/internal/manager/template_walker.go:46.3,47.20 2 1
github.com/AntoineGS/tidydots/internal/manager/template_walker.go:47.20,49.4 1 0
github.com/AntoineGS/tidydots/internal/manager/template_walker.go:51.3,52.23 2 1
github.com/AntoineGS/tidydots/internal/manager/template_walker.go:52.23,54.4 1 0
github.com/AntoineGS/tidydots/internal/manager/template_walker.go:56.3,56.35 1 1
github.com/AntoineGS/tidydots/internal/preview/reverse.go:42.24,48.48 4 1
github.com/AntoineGS/tidydots/internal/preview/reverse.go:48.48,50.3 1 1
github.com/AntoineGS/tidydots/internal/preview/reverse.go:52.2,54.51 2 1
github.com/AntoineGS/tidydots/internal/preview/reverse.go:60.116,64.29 3 1
github.com/AntoineGS/tidydots/internal/preview/reverse.go:64.29,66.3 1 1
github.com/AntoineGS/tidydots/internal/preview/reverse.go:68.2,68.46 1 1
github.com/AntoineGS/tidydots/internal/preview/reverse.go:68.46,68.62 1 1
github.com/AntoineGS/tidydots/internal/preview/reverse.go:71.2,72.22 2 1
github.com/AntoineGS/tidydots/internal/preview/reverse.go:72.22,75.3 2 1
github.com/AntoineGS/tidydots/internal/preview/reverse.go:77.2,77.30 1 1
github.com/AntoineGS/tidydots/internal/preview/reverse.go:77.30,79.3 1 1
github.com/AntoineGS/tidydots/internal/preview/reverse.go:81.2,81.26 1 1
github.com/AntoineGS/tidydots/internal/preview/reverse.go:86.123,89.39 2 1
github.com/AntoineGS/tidydots/internal/preview/reverse.go:89.39,91.49 2 1
github.com/AntoineGS/tidydots/internal/preview/reverse.go:91.49,92.12 1 1
github.com/AntoineGS/tidydots/internal/preview/reverse.go:95.3,96.34 2 1
github.com/AntoineGS/tidydots/internal/preview/reverse.go:96.34,98.4 1 1
github.com/AntoineGS/tidydots/internal/preview/reverse.go:101.2,101.12 1 1
github.com/AntoineGS/tidydots/internal/preview/reverse.go:107.95,111.50 3 1
github.com/AntoineGS/tidydots/internal/preview/reverse.go:111.50,113.3 1 0
github.com/AntoineGS/tidydots/internal/preview/reverse.go:115.2,115.29 1 1
github.com/AntoineGS/tidydots/internal/preview/reverse.go:115.29,119.3 3 1
github.com/AntoineGS/tidydots/internal/preview/reverse.go:121.2,121.26 1 1
github.com/AntoineGS/tidydots/internal/preview/reverse.go:126.82,129.32 2 1
github.com/AntoineGS/tidydots/internal/preview/reverse.go:129.32,131.3 1 1
github.com/AntoineGS/tidydots/internal/preview/reverse.go:131.8,131.64 1 1
github.com/AntoineGS/tidydots/internal/preview/reverse.go:131.64,133.3 1 1
github.com/AntoineGS/tidydots/internal/preview/reverse.go:133.8,135.3 1 0
github.com/AntoineGS/tidydots/internal/preview/reverse.go:137.2,137.43 1 1
github.com/AntoineGS/tidydots/internal/preview/reverse.go:141.31,142.12 1 1
github.com/AntoineGS/tidydots/internal/preview/reverse.go:142.12,144.3 1 0
github.com/AntoineGS/tidydots/internal/preview/reverse.go:145.2,145.12 1 1
github.com/AntoineGS/tidydots/internal/preview/reverse.go:145.12,147.3 1 0
github.com/AntoineGS/tidydots/internal/preview/reverse.go:149.2,149.10 1 1
github.com/AntoineGS/tidydots/internal/preview/watcher.go:40.61,46.2 1 1
github.com/AntoineGS/tidydots/internal/preview/watcher.go:50.79,61.27 4 1
github.com/AntoineGS/tidydots/internal/preview/watcher.go:61.27,63.3 1 1
github.com/AntoineGS/tidydots/internal/preview/watcher.go:64.2,64.31 1 1
github.com/AntoineGS/tidydots/internal/preview/watcher.go:64.31,66.3 1 1
github.com/AntoineGS/tidydots/internal/preview/watcher.go:67.2,67.30 1 1
github.com/AntoineGS/tidydots/internal/preview/watcher.go:67.30,69.3 1 1
github.com/AntoineGS/tidydots/internal/preview/watcher.go:71.2,72.16 2 1
github.com/AntoineGS/tidydots/internal/preview/watcher.go:72.16,75.3 2 0
github.com/AntoineGS/tidydots/internal/preview/watcher.go:76.2,76.44 1 1
github.com/AntoineGS/tidydots/internal/preview/watcher.go:81.53,83.16 2 1
github.com/AntoineGS/tidydots/internal/preview/watcher.go:83.16,85.3 1 1
github.com/AntoineGS/tidydots/internal/preview/watcher.go:87.2,88.16 2 1
github.com/AntoineGS/tidydots/internal/preview/watcher.go:88.16,90.3 1 1
github.com/AntoineGS/tidydots/internal/preview/watcher.go:92.2,93.92 2 1
github.com/AntoineGS/tidydots/internal/preview/watcher.go:93.92,95.3 1 0
github.com/AntoineGS/tidydots/internal/preview/watcher.go:97.2,102.12 4 1
github.com/AntoineGS/tidydots/internal/preview/watcher.go:108.61,110.16 2 1
github.com/AntoineGS/tidydots/internal/preview/watcher.go:110.16,112.3 1 1
github.com/AntoineGS/tidydots/internal/preview/watcher.go:114.2,115.92 2 1
github.com/AntoineGS/tidydots/internal/preview/watcher.go:115.92,117.3 1 0
github.com/AntoineGS/tidydots/internal/preview/watcher.go:119.2,124.12 4 1
github.com/AntoineGS/tidydots/internal/preview/watcher.go:137.76,141.21 3 1
github.com/AntoineGS/tidydots/internal/preview/watcher.go:141.21,142.10 1 1
github.com/AntoineGS/tidydots/internal/preview/watcher.go:143.21,144.10 1 0
github.com/AntoineGS/tidydots/internal/preview/watcher.go:145.11,145.11 0 1
github.com/AntoineGS/tidydots/internal/preview/watcher.go:148.3,149.63 2 1
github.com/AntoineGS/tidydots/internal/preview/watcher.go:149.63,150.12 1 1
github.com/AntoineGS/tidydots/internal/preview/watcher.go:153.3,153.10 1 1
github.com/AntoineGS/tidydots/internal/preview/watcher.go:154.32,155.74 1 1
github.com/AntoineGS/tidydots/internal/preview/watcher.go:156.26,157.63 1 1
github.com/AntoineGS/tidydots/internal/preview/watcher.go:161.2,161.38 1 1
github.com/AntoineGS/tidydots/internal/preview/watcher.go:161.38,163.3 1 0
github.com/AntoineGS/tidydots/internal/preview/watcher.go:169.83,170.48 1 1
github.com/AntoineGS/tidydots/internal/preview/watcher.go:170.48,172.3 1 0
github.com/AntoineGS/tidydots/internal/preview/watcher.go:174.2,178.16 4 1
github.com/AntoineGS/tidydots/internal/preview/watcher.go:178.16,180.3 1 0
github.com/AntoineGS/tidydots/internal/preview/watcher.go:182.2,184.39 2 1
github.com/AntoineGS/tidydots/internal/preview/watcher.go:189.70,197.16 3 1
github.com/AntoineGS/tidydots/internal/preview/watcher.go:197.16,200.3 2 0
github.com/AntoineGS/tidydots/internal/preview/watcher.go:201.2,201.44 1 1
github.com/AntoineGS/tidydots/internal/preview/watcher.go:207.68,209.16 2 1
github.com/AntoineGS/tidydots/internal/preview/watcher.go:209.16,211.3 1 0
github.com/AntoineGS/tidydots/internal/preview/watcher.go:213.2,213.19 1 1
github.com/AntoineGS/tidydots/internal/preview/watcher.go:213.19,214.33 1 1
github.com/AntoineGS/tidydots/internal/preview/watcher.go:214.33,216.4 1 1
github.com/AntoineGS/tidydots/internal/preview/watcher.go:218.3,218.29 1 1
github.com/AntoineGS/tidydots/internal/preview/watcher.go:221.2,223.82 2 1
github.com/AntoineGS/tidydots/internal/preview/watcher.go:223.82,224.21 1 1
github.com/AntoineGS/tidydots/internal/preview/watcher.go:224.21,226.4 1 0
github.com/AntoineGS/tidydots/internal/preview/watcher.go:228.3,228.16 1 1
github.com/AntoineGS/tidydots/internal/preview/watcher.go:228.16,230.4 1 1
github.com/AntoineGS/tidydots/internal/preview/watcher.go:232.3,232.29 1 1
github.com/AntoineGS/tidydots/internal/preview/watcher.go:232.29,234.4 1 1
github.com/AntoineGS/tidydots/internal/preview/watcher.go:236.3,236.13 1 1
github.com/AntoineGS/tidydots/internal/preview/watcher.go:238.2,238.16 1 1
github.com/AntoineGS/tidydots/internal/preview/watcher.go:238.16,240.3 1 0
github.com/AntoineGS/tidydots/internal/preview/watcher.go:242.2,242.23 1 1
github.com/AntoineGS/tidydots/internal/preview/watcher.go:246.52,250.30 3 1
github.com/AntoineGS/tidydots/internal/preview/watcher.go:250.30,252.17 2 1
github.com/AntoineGS/tidydots/internal/preview/watcher.go:252.17,255.4 2 1
github.com/AntoineGS/tidydots/internal/preview/watcher.go:258.2,258.13 1 1
github.com/AntoineGS/tidydots/internal/preview/watcher.go:263.54,264.22 1 1
github.com/AntoineGS/tidydots/internal/preview/watcher.go:264.22,268.3 2 1
github.com/AntoineGS/tidydots/internal/preview/watcher.go:274.65,276.2 1 1
github.com/AntoineGS/tidydots/internal/preview/watcher.go:283.91,285.16 2 1
github.com/AntoineGS/tidydots/internal/preview/watcher.go:285.16,287.3 1 0
github.com/AntoineGS/tidydots/internal/preview/watcher.go:289.2,289.25 1 1
github.com/AntoineGS/tidydots/internal/preview/watcher.go:289.25,291.3 1 1
github.com/AntoineGS/tidydots/internal/preview/watcher.go:294.2,295.30 2 1
github.com/AntoineGS/tidydots/internal/preview/watcher.go:295.30,297.3 1 1
github.com/AntoineGS/tidydots/internal/preview/watcher.go:300.2,300.30 1 1
github.com/AntoineGS/tidydots/internal/preview/watcher.go:300.30,302.3 1 1
github.com/AntoineGS/tidydots/internal/preview/watcher.go:305.2,305.41 1 1
github.com/AntoineGS/tidydots/internal/preview/watcher.go:305.41,307.3 1 1
github.com/AntoineGS/tidydots/internal/preview/watcher.go:309.2,310.16 2 1
github.com/AntoineGS/tidydots/internal/preview/watcher.go:310.16,312.3 1 0
github.com/AntoineGS/tidydots/internal/preview/watcher.go:313.2,313.15 1 1
github.com/AntoineGS/tidydots/internal/preview/watcher.go:313.15,313.40 1 1
github.com/AntoineGS/tidydots/internal/preview/watcher.go:315.2,315.50 1 1
github.com/AntoineGS/tidydots/internal/preview/watcher.go:315.50,316.50 1 1
github.com/AntoineGS/tidydots/internal/preview/watcher.go:316.50,318.4 1 0
github.com/AntoineGS/tidydots/internal/preview/watcher.go:321.2,321.49 1 1
github.com/AntoineGS/tidydots/internal/preview/watcher.go:325.114,328.6 2 1
github.com/AntoineGS/tidydots/internal/preview/watcher.go:328.6,329.10 1 1
github.com/AntoineGS/tidydots/internal/preview/watcher.go:330.21,331.33 1 1
github.com/AntoineGS/tidydots/internal/preview/watcher.go:331.33,333.5 1 1
github.com/AntoineGS/tidydots/internal/preview/watcher.go:335.4,335.14 1 1
github.com/AntoineGS/tidydots/internal/preview/watcher.go:337.40,338.11 1 1
github.com/AntoineGS/tidydots/internal/preview/watcher.go:338.11,340.5 1 0
github.com/AntoineGS/tidydots/internal/preview/watcher.go:342.4,342.45 1 1
github.com/AntoineGS/tidydots/internal/preview/watcher.go:344.43,345.11 1 0
github.com/AntoineGS/tidydots/internal/preview/watcher.go:345.11,347.5 1 0
github.com/AntoineGS/tidydots/internal/preview/watcher.go:349.4,349.80 1 0
github.com/AntoineGS/tidydots/internal/preview/watcher.go:355.113,356.32 1 1
github.com/AntoineGS/tidydots/internal/preview/watcher.go:356.32,358.3 1 0
github.com/AntoineGS/tidydots/internal/preview/watcher.go:360.2,360.66 1 1
github.com/AntoineGS/tidydots/internal/preview/watcher.go:360.66,362.3 1 1
github.com/AntoineGS/tidydots/internal/preview/watcher.go:364.2,365.48 2 1
github.com/AntoineGS/tidydots/internal/preview/watcher.go:365.48,367.3 1 1
github.com/AntoineGS/tidydots/internal/preview/watcher.go:367.8,368.63 1 1
github.com/AntoineGS/tidydots/internal/preview/watcher.go:368.63,370.4 1 1
