mode: set
github.com/AntoineGS/dot-manager/cmd/dot-manager/main.go:24.13,99.42 16 0
github.com/AntoineGS/dot-manager/cmd/dot-manager/main.go:99.42,101.3 1 0
github.com/AntoineGS/dot-manager/cmd/dot-manager/main.go:104.55,108.37 2 1
github.com/AntoineGS/dot-manager/cmd/dot-manager/main.go:108.37,110.17 2 0
github.com/AntoineGS/dot-manager/cmd/dot-manager/main.go:110.17,112.4 1 0
github.com/AntoineGS/dot-manager/cmd/dot-manager/main.go:113.3,113.39 1 0
github.com/AntoineGS/dot-manager/cmd/dot-manager/main.go:117.2,118.16 2 1
github.com/AntoineGS/dot-manager/cmd/dot-manager/main.go:118.16,120.3 1 0
github.com/AntoineGS/dot-manager/cmd/dot-manager/main.go:123.2,124.24 2 1
github.com/AntoineGS/dot-manager/cmd/dot-manager/main.go:124.24,126.3 1 1
github.com/AntoineGS/dot-manager/cmd/dot-manager/main.go:127.2,127.19 1 1
github.com/AntoineGS/dot-manager/cmd/dot-manager/main.go:127.19,129.3 1 1
github.com/AntoineGS/dot-manager/cmd/dot-manager/main.go:132.2,133.55 2 1
github.com/AntoineGS/dot-manager/cmd/dot-manager/main.go:133.55,136.3 2 1
github.com/AntoineGS/dot-manager/cmd/dot-manager/main.go:139.2,143.53 2 1
github.com/AntoineGS/dot-manager/cmd/dot-manager/main.go:143.53,145.3 1 0
github.com/AntoineGS/dot-manager/cmd/dot-manager/main.go:147.2,150.12 3 1
github.com/AntoineGS/dot-manager/cmd/dot-manager/main.go:153.37,155.21 1 1
github.com/AntoineGS/dot-manager/cmd/dot-manager/main.go:155.21,157.17 2 1
github.com/AntoineGS/dot-manager/cmd/dot-manager/main.go:157.17,159.4 1 0
github.com/AntoineGS/dot-manager/cmd/dot-manager/main.go:160.3,160.22 1 1
github.com/AntoineGS/dot-manager/cmd/dot-manager/main.go:164.2,165.16 2 1
github.com/AntoineGS/dot-manager/cmd/dot-manager/main.go:165.16,167.3 1 1
github.com/AntoineGS/dot-manager/cmd/dot-manager/main.go:169.2,169.30 1 0
github.com/AntoineGS/dot-manager/cmd/dot-manager/main.go:172.71,174.16 2 0
github.com/AntoineGS/dot-manager/cmd/dot-manager/main.go:174.16,176.3 1 0
github.com/AntoineGS/dot-manager/cmd/dot-manager/main.go:178.2,180.16 3 0
github.com/AntoineGS/dot-manager/cmd/dot-manager/main.go:180.16,182.3 1 0
github.com/AntoineGS/dot-manager/cmd/dot-manager/main.go:185.2,185.51 1 0
github.com/AntoineGS/dot-manager/cmd/dot-manager/main.go:185.51,187.3 1 0
github.com/AntoineGS/dot-manager/cmd/dot-manager/main.go:187.8,187.44 1 0
github.com/AntoineGS/dot-manager/cmd/dot-manager/main.go:187.44,190.3 1 0
github.com/AntoineGS/dot-manager/cmd/dot-manager/main.go:192.2,194.22 2 0
github.com/AntoineGS/dot-manager/cmd/dot-manager/main.go:194.22,195.73 1 0
github.com/AntoineGS/dot-manager/cmd/dot-manager/main.go:195.73,197.4 1 0
github.com/AntoineGS/dot-manager/cmd/dot-manager/main.go:198.3,198.33 1 0
github.com/AntoineGS/dot-manager/cmd/dot-manager/main.go:202.2,204.35 2 0
github.com/AntoineGS/dot-manager/cmd/dot-manager/main.go:207.48,209.16 2 0
github.com/AntoineGS/dot-manager/cmd/dot-manager/main.go:209.16,211.3 1 0
github.com/AntoineGS/dot-manager/cmd/dot-manager/main.go:213.2,220.17 6 0
github.com/AntoineGS/dot-manager/cmd/dot-manager/main.go:223.62,225.16 2 0
github.com/AntoineGS/dot-manager/cmd/dot-manager/main.go:225.16,227.3 1 0
github.com/AntoineGS/dot-manager/cmd/dot-manager/main.go:230.2,230.23 1 0
github.com/AntoineGS/dot-manager/cmd/dot-manager/main.go:230.23,232.3 1 0
github.com/AntoineGS/dot-manager/cmd/dot-manager/main.go:234.2,234.47 1 0
github.com/AntoineGS/dot-manager/cmd/dot-manager/main.go:237.58,238.17 1 0
github.com/AntoineGS/dot-manager/cmd/dot-manager/main.go:238.17,240.3 1 0
github.com/AntoineGS/dot-manager/cmd/dot-manager/main.go:242.2,243.16 2 0
github.com/AntoineGS/dot-manager/cmd/dot-manager/main.go:243.16,245.3 1 0
github.com/AntoineGS/dot-manager/cmd/dot-manager/main.go:247.2,247.12 1 0
github.com/AntoineGS/dot-manager/cmd/dot-manager/main.go:247.12,249.3 1 0
github.com/AntoineGS/dot-manager/cmd/dot-manager/main.go:251.2,251.22 1 0
github.com/AntoineGS/dot-manager/cmd/dot-manager/main.go:254.57,255.17 1 0
github.com/AntoineGS/dot-manager/cmd/dot-manager/main.go:255.17,257.3 1 0
github.com/AntoineGS/dot-manager/cmd/dot-manager/main.go:259.2,260.16 2 0
github.com/AntoineGS/dot-manager/cmd/dot-manager/main.go:260.16,262.3 1 0
github.com/AntoineGS/dot-manager/cmd/dot-manager/main.go:264.2,264.12 1 0
github.com/AntoineGS/dot-manager/cmd/dot-manager/main.go:264.12,266.3 1 0
github.com/AntoineGS/dot-manager/cmd/dot-manager/main.go:268.2,268.21 1 0
github.com/AntoineGS/dot-manager/cmd/dot-manager/main.go:271.55,273.16 2 0
github.com/AntoineGS/dot-manager/cmd/dot-manager/main.go:273.16,275.3 1 0
github.com/AntoineGS/dot-manager/cmd/dot-manager/main.go:277.2,277.19 1 0
github.com/AntoineGS/dot-manager/cmd/dot-manager/main.go:280.58,281.17 1 0
github.com/AntoineGS/dot-manager/cmd/dot-manager/main.go:281.17,283.3 1 0
github.com/AntoineGS/dot-manager/cmd/dot-manager/main.go:285.2,286.16 2 0
github.com/AntoineGS/dot-manager/cmd/dot-manager/main.go:286.16,288.3 1 0
github.com/AntoineGS/dot-manager/cmd/dot-manager/main.go:290.2,303.30 5 0
github.com/AntoineGS/dot-manager/cmd/dot-manager/main.go:303.30,305.3 1 0
github.com/AntoineGS/dot-manager/cmd/dot-manager/main.go:308.2,315.28 3 0
github.com/AntoineGS/dot-manager/cmd/dot-manager/main.go:315.28,317.3 1 0
github.com/AntoineGS/dot-manager/cmd/dot-manager/main.go:319.2,319.12 1 0
github.com/AntoineGS/dot-manager/cmd/dot-manager/main.go:319.12,321.3 1 0
github.com/AntoineGS/dot-manager/cmd/dot-manager/main.go:324.2,327.19 2 0
github.com/AntoineGS/dot-manager/cmd/dot-manager/main.go:327.19,329.41 2 0
github.com/AntoineGS/dot-manager/cmd/dot-manager/main.go:329.41,330.30 1 0
github.com/AntoineGS/dot-manager/cmd/dot-manager/main.go:330.30,331.25 1 0
github.com/AntoineGS/dot-manager/cmd/dot-manager/main.go:331.25,333.11 2 0
github.com/AntoineGS/dot-manager/cmd/dot-manager/main.go:337.3,337.31 1 0
github.com/AntoineGS/dot-manager/cmd/dot-manager/main.go:340.2,345.28 4 0
github.com/AntoineGS/dot-manager/cmd/dot-manager/main.go:345.28,346.16 1 0
github.com/AntoineGS/dot-manager/cmd/dot-manager/main.go:346.16,349.4 2 0
github.com/AntoineGS/dot-manager/cmd/dot-manager/main.go:349.9,352.4 2 0
github.com/AntoineGS/dot-manager/cmd/dot-manager/main.go:355.2,357.19 2 0
github.com/AntoineGS/dot-manager/cmd/dot-manager/main.go:357.19,359.3 1 0
github.com/AntoineGS/dot-manager/cmd/dot-manager/main.go:360.2,360.12 1 0
github.com/AntoineGS/dot-manager/cmd/dot-manager/main.go:363.63,365.16 2 0
github.com/AntoineGS/dot-manager/cmd/dot-manager/main.go:365.16,367.3 1 0
github.com/AntoineGS/dot-manager/cmd/dot-manager/main.go:370.2,379.30 3 0
github.com/AntoineGS/dot-manager/cmd/dot-manager/main.go:379.30,382.3 2 0
github.com/AntoineGS/dot-manager/cmd/dot-manager/main.go:385.2,393.45 3 0
github.com/AntoineGS/dot-manager/cmd/dot-manager/main.go:393.45,398.18 4 0
github.com/AntoineGS/dot-manager/cmd/dot-manager/main.go:398.18,401.4 2 0
github.com/AntoineGS/dot-manager/cmd/dot-manager/main.go:403.3,404.28 2 0
github.com/AntoineGS/dot-manager/cmd/dot-manager/main.go:404.28,406.4 1 0
github.com/AntoineGS/dot-manager/cmd/dot-manager/main.go:409.2,409.12 1 0
github.com/AntoineGS/dot-manager/cmd/dot-manager/main.go:412.72,414.25 2 1
github.com/AntoineGS/dot-manager/cmd/dot-manager/main.go:414.25,416.3 1 1
github.com/AntoineGS/dot-manager/cmd/dot-manager/main.go:417.2,417.15 1 1
github.com/AntoineGS/dot-manager/internal/platform/platform.go:30.25,38.21 2 1
github.com/AntoineGS/dot-manager/internal/platform/platform.go:38.21,41.3 2 1
github.com/AntoineGS/dot-manager/internal/platform/platform.go:43.2,43.23 1 1
github.com/AntoineGS/dot-manager/internal/platform/platform.go:43.23,45.3 1 0
github.com/AntoineGS/dot-manager/internal/platform/platform.go:47.2,47.10 1 1
github.com/AntoineGS/dot-manager/internal/platform/platform.go:52.28,54.16 2 1
github.com/AntoineGS/dot-manager/internal/platform/platform.go:54.16,57.3 2 0
github.com/AntoineGS/dot-manager/internal/platform/platform.go:59.2,60.29 2 1
github.com/AntoineGS/dot-manager/internal/platform/platform.go:60.29,61.37 1 1
github.com/AntoineGS/dot-manager/internal/platform/platform.go:61.37,65.4 3 1
github.com/AntoineGS/dot-manager/internal/platform/platform.go:68.2,68.11 1 0
github.com/AntoineGS/dot-manager/internal/platform/platform.go:71.30,73.16 2 1
github.com/AntoineGS/dot-manager/internal/platform/platform.go:73.16,76.3 2 0
github.com/AntoineGS/dot-manager/internal/platform/platform.go:77.2,77.17 1 1
github.com/AntoineGS/dot-manager/internal/platform/platform.go:80.26,82.16 2 1
github.com/AntoineGS/dot-manager/internal/platform/platform.go:82.16,85.3 2 0
github.com/AntoineGS/dot-manager/internal/platform/platform.go:86.2,86.19 1 1
github.com/AntoineGS/dot-manager/internal/platform/platform.go:89.24,90.31 1 1
github.com/AntoineGS/dot-manager/internal/platform/platform.go:90.31,92.3 1 0
github.com/AntoineGS/dot-manager/internal/platform/platform.go:95.2,96.57 2 1
github.com/AntoineGS/dot-manager/internal/platform/platform.go:96.57,98.3 1 0
github.com/AntoineGS/dot-manager/internal/platform/platform.go:100.2,100.16 1 1
github.com/AntoineGS/dot-manager/internal/platform/platform.go:103.46,106.16 3 0
github.com/AntoineGS/dot-manager/internal/platform/platform.go:106.16,108.3 1 0
github.com/AntoineGS/dot-manager/internal/platform/platform.go:110.2,111.19 2 0
github.com/AntoineGS/dot-manager/internal/platform/platform.go:111.19,115.3 3 0
github.com/AntoineGS/dot-manager/internal/platform/platform.go:118.38,120.38 1 1
github.com/AntoineGS/dot-manager/internal/platform/platform.go:120.38,121.40 1 1
github.com/AntoineGS/dot-manager/internal/platform/platform.go:121.40,123.4 1 1
github.com/AntoineGS/dot-manager/internal/platform/platform.go:125.2,125.13 1 1
github.com/AntoineGS/dot-manager/internal/platform/platform.go:128.37,129.38 1 1
github.com/AntoineGS/dot-manager/internal/platform/platform.go:129.38,130.40 1 1
github.com/AntoineGS/dot-manager/internal/platform/platform.go:130.40,132.4 1 1
github.com/AntoineGS/dot-manager/internal/platform/platform.go:134.2,134.12 1 1
github.com/AntoineGS/dot-manager/internal/platform/platform.go:138.52,142.2 3 1
github.com/AntoineGS/dot-manager/internal/platform/platform.go:145.60,149.2 3 0
github.com/AntoineGS/dot-manager/internal/platform/platform.go:152.56,156.2 3 0
github.com/AntoineGS/dot-manager/internal/platform/platform.go:159.56,163.2 3 0
github.com/AntoineGS/dot-manager/internal/platform/platform.go:166.42,169.2 2 0
github.com/AntoineGS/dot-manager/internal/platform/platform.go:182.41,184.43 2 0
github.com/AntoineGS/dot-manager/internal/platform/platform.go:184.43,185.30 1 0
github.com/AntoineGS/dot-manager/internal/platform/platform.go:185.30,187.4 1 0
github.com/AntoineGS/dot-manager/internal/platform/platform.go:189.2,189.18 1 0
github.com/AntoineGS/dot-manager/internal/packages/errors.go:24.39,26.2 1 1
github.com/AntoineGS/dot-manager/internal/packages/errors.go:28.39,30.2 1 1
github.com/AntoineGS/dot-manager/internal/packages/errors.go:33.79,39.2 1 1
github.com/AntoineGS/dot-manager/internal/packages/packages.go:86.84,96.2 4 1
github.com/AntoineGS/dot-manager/internal/packages/packages.go:98.45,99.57 1 1
github.com/AntoineGS/dot-manager/internal/packages/packages.go:99.57,101.3 1 1
github.com/AntoineGS/dot-manager/internal/packages/packages.go:104.44,106.39 1 1
github.com/AntoineGS/dot-manager/internal/packages/packages.go:106.39,107.48 1 1
github.com/AntoineGS/dot-manager/internal/packages/packages.go:107.48,108.25 1 1
github.com/AntoineGS/dot-manager/internal/packages/packages.go:108.25,111.5 2 1
github.com/AntoineGS/dot-manager/internal/packages/packages.go:116.2,116.76 1 1
github.com/AntoineGS/dot-manager/internal/packages/packages.go:116.76,119.3 2 1
github.com/AntoineGS/dot-manager/internal/packages/packages.go:122.2,122.23 1 1
github.com/AntoineGS/dot-manager/internal/packages/packages.go:122.23,123.62 1 1
github.com/AntoineGS/dot-manager/internal/packages/packages.go:123.62,124.25 1 1
github.com/AntoineGS/dot-manager/internal/packages/packages.go:124.25,127.5 2 1
github.com/AntoineGS/dot-manager/internal/packages/packages.go:129.8,131.75 1 1
github.com/AntoineGS/dot-manager/internal/packages/packages.go:131.75,132.25 1 1
github.com/AntoineGS/dot-manager/internal/packages/packages.go:132.25,135.5 2 1
github.com/AntoineGS/dot-manager/internal/packages/packages.go:142.55,143.40 1 1
github.com/AntoineGS/dot-manager/internal/packages/packages.go:143.40,144.23 1 1
github.com/AntoineGS/dot-manager/internal/packages/packages.go:144.23,146.4 1 1
github.com/AntoineGS/dot-manager/internal/packages/packages.go:148.2,148.14 1 1
github.com/AntoineGS/dot-manager/internal/packages/packages.go:166.54,170.27 2 1
github.com/AntoineGS/dot-manager/internal/packages/packages.go:170.27,171.35 1 1
github.com/AntoineGS/dot-manager/internal/packages/packages.go:171.35,172.44 1 1
github.com/AntoineGS/dot-manager/internal/packages/packages.go:172.44,178.5 5 1
github.com/AntoineGS/dot-manager/internal/packages/packages.go:183.2,183.37 1 1
github.com/AntoineGS/dot-manager/internal/packages/packages.go:183.37,189.3 5 1
github.com/AntoineGS/dot-manager/internal/packages/packages.go:192.2,192.41 1 1
github.com/AntoineGS/dot-manager/internal/packages/packages.go:192.41,198.3 5 1
github.com/AntoineGS/dot-manager/internal/packages/packages.go:200.2,202.15 3 1
github.com/AntoineGS/dot-manager/internal/packages/packages.go:205.89,208.13 2 1
github.com/AntoineGS/dot-manager/internal/packages/packages.go:209.14,210.69 1 1
github.com/AntoineGS/dot-manager/internal/packages/packages.go:211.11,212.58 1 1
github.com/AntoineGS/dot-manager/internal/packages/packages.go:213.12,214.59 1 0
github.com/AntoineGS/dot-manager/internal/packages/packages.go:215.11,216.66 1 0
github.com/AntoineGS/dot-manager/internal/packages/packages.go:217.11,218.62 1 0
github.com/AntoineGS/dot-manager/internal/packages/packages.go:219.12,220.49 1 0
github.com/AntoineGS/dot-manager/internal/packages/packages.go:221.14,222.112 1 1
github.com/AntoineGS/dot-manager/internal/packages/packages.go:223.13,224.50 1 0
github.com/AntoineGS/dot-manager/internal/packages/packages.go:225.13,226.56 1 0
github.com/AntoineGS/dot-manager/internal/packages/packages.go:227.10,228.64 1 0
github.com/AntoineGS/dot-manager/internal/packages/packages.go:231.2,231.14 1 1
github.com/AntoineGS/dot-manager/internal/packages/packages.go:231.14,233.3 1 1
github.com/AntoineGS/dot-manager/internal/packages/packages.go:235.2,239.34 4 0
github.com/AntoineGS/dot-manager/internal/packages/packages.go:239.34,241.3 1 0
github.com/AntoineGS/dot-manager/internal/packages/packages.go:243.2,243.51 1 0
github.com/AntoineGS/dot-manager/internal/packages/packages.go:250.67,251.14 1 1
github.com/AntoineGS/dot-manager/internal/packages/packages.go:251.14,253.3 1 1
github.com/AntoineGS/dot-manager/internal/packages/packages.go:255.2,256.31 2 0
github.com/AntoineGS/dot-manager/internal/packages/packages.go:256.31,258.3 1 0
github.com/AntoineGS/dot-manager/internal/packages/packages.go:258.8,260.3 1 0
github.com/AntoineGS/dot-manager/internal/packages/packages.go:262.2,266.34 4 0
github.com/AntoineGS/dot-manager/internal/packages/packages.go:266.34,268.3 1 0
github.com/AntoineGS/dot-manager/internal/packages/packages.go:270.2,270.45 1 0
github.com/AntoineGS/dot-manager/internal/packages/packages.go:277.72,278.14 1 1
github.com/AntoineGS/dot-manager/internal/packages/packages.go:278.14,280.3 1 1
github.com/AntoineGS/dot-manager/internal/packages/packages.go:283.2,284.16 2 0
github.com/AntoineGS/dot-manager/internal/packages/packages.go:284.16,286.3 1 0
github.com/AntoineGS/dot-manager/internal/packages/packages.go:287.2,293.31 5 0
github.com/AntoineGS/dot-manager/internal/packages/packages.go:293.31,299.3 3 0
github.com/AntoineGS/dot-manager/internal/packages/packages.go:299.8,301.3 1 0
github.com/AntoineGS/dot-manager/internal/packages/packages.go:303.2,303.42 1 0
github.com/AntoineGS/dot-manager/internal/packages/packages.go:303.42,305.3 1 0
github.com/AntoineGS/dot-manager/internal/packages/packages.go:308.2,308.31 1 0
github.com/AntoineGS/dot-manager/internal/packages/packages.go:308.31,310.3 1 0
github.com/AntoineGS/dot-manager/internal/packages/packages.go:313.2,316.31 3 0
github.com/AntoineGS/dot-manager/internal/packages/packages.go:316.31,318.3 1 0
github.com/AntoineGS/dot-manager/internal/packages/packages.go:318.8,320.3 1 0
github.com/AntoineGS/dot-manager/internal/packages/packages.go:322.2,326.41 4 0
github.com/AntoineGS/dot-manager/internal/packages/packages.go:326.41,328.3 1 0
github.com/AntoineGS/dot-manager/internal/packages/packages.go:330.2,330.34 1 0
github.com/AntoineGS/dot-manager/internal/packages/packages.go:336.66,338.31 2 1
github.com/AntoineGS/dot-manager/internal/packages/packages.go:338.31,340.3 1 1
github.com/AntoineGS/dot-manager/internal/packages/packages.go:341.2,341.16 1 1
github.com/AntoineGS/dot-manager/internal/packages/packages.go:347.78,349.31 2 1
github.com/AntoineGS/dot-manager/internal/packages/packages.go:349.31,350.46 1 1
github.com/AntoineGS/dot-manager/internal/packages/packages.go:350.46,352.4 1 1
github.com/AntoineGS/dot-manager/internal/packages/packages.go:354.2,354.15 1 1
github.com/AntoineGS/dot-manager/internal/packages/packages.go:360.48,362.34 1 1
github.com/AntoineGS/dot-manager/internal/packages/packages.go:362.34,363.37 1 1
github.com/AntoineGS/dot-manager/internal/packages/packages.go:363.37,365.4 1 1
github.com/AntoineGS/dot-manager/internal/packages/packages.go:368.2,368.35 1 1
github.com/AntoineGS/dot-manager/internal/packages/packages.go:368.35,370.3 1 1
github.com/AntoineGS/dot-manager/internal/packages/packages.go:372.2,372.32 1 1
github.com/AntoineGS/dot-manager/internal/packages/packages.go:372.32,374.3 1 1
github.com/AntoineGS/dot-manager/internal/packages/packages.go:375.2,375.14 1 1
github.com/AntoineGS/dot-manager/internal/packages/packages.go:381.54,383.40 2 1
github.com/AntoineGS/dot-manager/internal/packages/packages.go:383.40,384.24 1 1
github.com/AntoineGS/dot-manager/internal/packages/packages.go:384.24,386.4 1 1
github.com/AntoineGS/dot-manager/internal/packages/packages.go:388.2,388.15 1 1
github.com/AntoineGS/dot-manager/internal/packages/packages.go:395.56,396.34 1 1
github.com/AntoineGS/dot-manager/internal/packages/packages.go:396.34,397.37 1 1
github.com/AntoineGS/dot-manager/internal/packages/packages.go:397.37,399.4 1 1
github.com/AntoineGS/dot-manager/internal/packages/packages.go:401.2,401.35 1 1
github.com/AntoineGS/dot-manager/internal/packages/packages.go:401.35,403.3 1 1
github.com/AntoineGS/dot-manager/internal/packages/packages.go:404.2,404.32 1 1
github.com/AntoineGS/dot-manager/internal/packages/packages.go:404.32,406.3 1 1
github.com/AntoineGS/dot-manager/internal/packages/packages.go:407.2,407.15 1 1
github.com/AntoineGS/dot-manager/internal/packages/packages.go:413.55,416.33 2 0
github.com/AntoineGS/dot-manager/internal/packages/packages.go:417.25,418.46 1 0
github.com/AntoineGS/dot-manager/internal/packages/packages.go:419.11,420.44 1 0
github.com/AntoineGS/dot-manager/internal/packages/packages.go:421.11,422.43 1 0
github.com/AntoineGS/dot-manager/internal/packages/packages.go:423.12,424.46 1 0
github.com/AntoineGS/dot-manager/internal/packages/packages.go:425.14,426.56 1 0
github.com/AntoineGS/dot-manager/internal/packages/packages.go:427.13,428.47 1 0
github.com/AntoineGS/dot-manager/internal/packages/packages.go:429.13,430.63 1 0
github.com/AntoineGS/dot-manager/internal/packages/packages.go:431.10,433.15 1 0
github.com/AntoineGS/dot-manager/internal/packages/packages.go:437.2,440.19 4 0
github.com/AntoineGS/dot-manager/internal/packages/packages.go:447.41,448.22 1 1
github.com/AntoineGS/dot-manager/internal/packages/packages.go:448.22,450.3 1 1
github.com/AntoineGS/dot-manager/internal/packages/packages.go:452.2,453.39 2 1
github.com/AntoineGS/dot-manager/internal/packages/packages.go:453.39,455.3 1 1
github.com/AntoineGS/dot-manager/internal/packages/packages.go:457.2,458.34 2 1
github.com/AntoineGS/dot-manager/internal/packages/packages.go:458.34,463.3 1 1
github.com/AntoineGS/dot-manager/internal/packages/packages.go:465.2,472.3 1 1
github.com/AntoineGS/dot-manager/internal/packages/packages.go:478.52,480.28 2 1
github.com/AntoineGS/dot-manager/internal/packages/packages.go:480.28,481.38 1 1
github.com/AntoineGS/dot-manager/internal/packages/packages.go:481.38,483.4 1 1
github.com/AntoineGS/dot-manager/internal/packages/packages.go:485.2,485.15 1 1
github.com/AntoineGS/dot-manager/internal/config/appconfig.go:25.42,27.16 2 1
github.com/AntoineGS/dot-manager/internal/config/appconfig.go:27.16,29.3 1 0
github.com/AntoineGS/dot-manager/internal/config/appconfig.go:31.2,34.16 3 1
github.com/AntoineGS/dot-manager/internal/config/appconfig.go:34.16,35.25 1 1
github.com/AntoineGS/dot-manager/internal/config/appconfig.go:35.25,37.4 1 1
github.com/AntoineGS/dot-manager/internal/config/appconfig.go:38.3,38.56 1 0
github.com/AntoineGS/dot-manager/internal/config/appconfig.go:41.2,42.51 2 1
github.com/AntoineGS/dot-manager/internal/config/appconfig.go:42.51,44.3 1 1
github.com/AntoineGS/dot-manager/internal/config/appconfig.go:46.2,46.25 1 1
github.com/AntoineGS/dot-manager/internal/config/appconfig.go:46.25,48.3 1 1
github.com/AntoineGS/dot-manager/internal/config/appconfig.go:51.2,51.55 1 1
github.com/AntoineGS/dot-manager/internal/config/appconfig.go:51.55,53.3 1 1
github.com/AntoineGS/dot-manager/internal/config/appconfig.go:56.2,56.58 1 1
github.com/AntoineGS/dot-manager/internal/config/appconfig.go:56.58,58.3 1 1
github.com/AntoineGS/dot-manager/internal/config/appconfig.go:60.2,60.18 1 1
github.com/AntoineGS/dot-manager/internal/config/appconfig.go:64.42,66.16 2 1
github.com/AntoineGS/dot-manager/internal/config/appconfig.go:66.16,68.3 1 0
github.com/AntoineGS/dot-manager/internal/config/appconfig.go:70.2,71.53 2 1
github.com/AntoineGS/dot-manager/internal/config/appconfig.go:71.53,73.3 1 0
github.com/AntoineGS/dot-manager/internal/config/appconfig.go:75.2,78.16 3 1
github.com/AntoineGS/dot-manager/internal/config/appconfig.go:78.16,80.3 1 0
github.com/AntoineGS/dot-manager/internal/config/appconfig.go:83.2,86.72 2 1
github.com/AntoineGS/dot-manager/internal/config/appconfig.go:86.72,88.3 1 0
github.com/AntoineGS/dot-manager/internal/config/appconfig.go:90.2,90.12 1 1
github.com/AntoineGS/dot-manager/internal/config/appconfig.go:94.48,96.2 1 1
github.com/AntoineGS/dot-manager/internal/config/appconfig.go:100.29,102.16 2 1
github.com/AntoineGS/dot-manager/internal/config/appconfig.go:102.16,104.3 1 0
github.com/AntoineGS/dot-manager/internal/config/appconfig.go:105.2,105.57 1 1
github.com/AntoineGS/dot-manager/internal/config/config.go:53.41,55.16 2 1
github.com/AntoineGS/dot-manager/internal/config/config.go:55.16,57.3 1 1
github.com/AntoineGS/dot-manager/internal/config/config.go:59.2,60.51 2 1
github.com/AntoineGS/dot-manager/internal/config/config.go:60.51,62.3 1 1
github.com/AntoineGS/dot-manager/internal/config/config.go:64.2,64.22 1 1
github.com/AntoineGS/dot-manager/internal/config/config.go:64.22,66.3 1 1
github.com/AntoineGS/dot-manager/internal/config/config.go:68.2,68.42 1 1
github.com/AntoineGS/dot-manager/internal/config/config.go:68.42,70.3 1 1
github.com/AntoineGS/dot-manager/internal/config/config.go:72.2,72.18 1 1
github.com/AntoineGS/dot-manager/internal/config/config.go:75.57,79.27 2 1
github.com/AntoineGS/dot-manager/internal/config/config.go:79.27,81.42 2 1
github.com/AntoineGS/dot-manager/internal/config/config.go:81.42,83.4 1 1
github.com/AntoineGS/dot-manager/internal/config/config.go:84.3,84.37 1 1
github.com/AntoineGS/dot-manager/internal/config/config.go:84.37,86.4 1 1
github.com/AntoineGS/dot-manager/internal/config/config.go:90.2,90.32 1 1
github.com/AntoineGS/dot-manager/internal/config/config.go:90.32,91.44 1 1
github.com/AntoineGS/dot-manager/internal/config/config.go:91.44,93.59 2 1
github.com/AntoineGS/dot-manager/internal/config/config.go:93.59,95.5 1 1
github.com/AntoineGS/dot-manager/internal/config/config.go:96.4,96.54 1 1
github.com/AntoineGS/dot-manager/internal/config/config.go:96.54,98.5 1 1
github.com/AntoineGS/dot-manager/internal/config/config.go:104.45,106.30 2 1
github.com/AntoineGS/dot-manager/internal/config/config.go:106.30,107.19 1 1
github.com/AntoineGS/dot-manager/internal/config/config.go:107.19,109.4 1 1
github.com/AntoineGS/dot-manager/internal/config/config.go:111.2,111.15 1 1
github.com/AntoineGS/dot-manager/internal/config/config.go:115.71,117.30 2 1
github.com/AntoineGS/dot-manager/internal/config/config.go:117.30,118.53 1 1
github.com/AntoineGS/dot-manager/internal/config/config.go:118.53,120.4 1 1
github.com/AntoineGS/dot-manager/internal/config/config.go:122.2,122.15 1 1
github.com/AntoineGS/dot-manager/internal/config/config.go:126.42,128.30 2 1
github.com/AntoineGS/dot-manager/internal/config/config.go:128.30,129.16 1 1
github.com/AntoineGS/dot-manager/internal/config/config.go:129.16,131.4 1 1
github.com/AntoineGS/dot-manager/internal/config/config.go:133.2,133.15 1 1
github.com/AntoineGS/dot-manager/internal/config/config.go:137.68,139.30 2 1
github.com/AntoineGS/dot-manager/internal/config/config.go:139.30,140.50 1 1
github.com/AntoineGS/dot-manager/internal/config/config.go:140.50,142.4 1 1
github.com/AntoineGS/dot-manager/internal/config/config.go:144.2,144.15 1 1
github.com/AntoineGS/dot-manager/internal/config/config.go:148.46,150.30 2 1
github.com/AntoineGS/dot-manager/internal/config/config.go:150.30,151.21 1 1
github.com/AntoineGS/dot-manager/internal/config/config.go:151.21,153.4 1 1
github.com/AntoineGS/dot-manager/internal/config/config.go:155.2,155.15 1 1
github.com/AntoineGS/dot-manager/internal/config/config.go:159.72,161.30 2 1
github.com/AntoineGS/dot-manager/internal/config/config.go:161.30,162.55 1 1
github.com/AntoineGS/dot-manager/internal/config/config.go:162.55,164.4 1 1
github.com/AntoineGS/dot-manager/internal/config/config.go:166.2,166.15 1 1
github.com/AntoineGS/dot-manager/internal/config/config.go:170.76,172.37 2 1
github.com/AntoineGS/dot-manager/internal/config/config.go:172.37,173.39 1 1
github.com/AntoineGS/dot-manager/internal/config/config.go:173.39,175.4 1 1
github.com/AntoineGS/dot-manager/internal/config/config.go:177.2,177.15 1 1
github.com/AntoineGS/dot-manager/internal/config/config.go:181.66,184.27 3 1
github.com/AntoineGS/dot-manager/internal/config/config.go:184.27,186.3 1 1
github.com/AntoineGS/dot-manager/internal/config/config.go:187.2,187.15 1 1
github.com/AntoineGS/dot-manager/internal/config/config.go:191.72,194.27 3 1
github.com/AntoineGS/dot-manager/internal/config/config.go:194.27,195.37 1 1
github.com/AntoineGS/dot-manager/internal/config/config.go:195.37,196.24 1 1
github.com/AntoineGS/dot-manager/internal/config/config.go:196.24,198.5 1 1
github.com/AntoineGS/dot-manager/internal/config/config.go:201.2,201.15 1 1
github.com/AntoineGS/dot-manager/internal/config/config.go:205.69,208.27 3 1
github.com/AntoineGS/dot-manager/internal/config/config.go:208.27,209.37 1 1
github.com/AntoineGS/dot-manager/internal/config/config.go:209.37,210.21 1 1
github.com/AntoineGS/dot-manager/internal/config/config.go:210.21,212.5 1 1
github.com/AntoineGS/dot-manager/internal/config/config.go:215.2,215.15 1 1
github.com/AntoineGS/dot-manager/internal/config/config.go:219.40,222.28 3 0
github.com/AntoineGS/dot-manager/internal/config/config.go:222.28,224.3 1 0
github.com/AntoineGS/dot-manager/internal/config/config.go:225.2,225.15 1 0
github.com/AntoineGS/dot-manager/internal/config/config.go:229.50,232.28 3 0
github.com/AntoineGS/dot-manager/internal/config/config.go:232.28,234.3 1 0
github.com/AntoineGS/dot-manager/internal/config/config.go:235.2,235.15 1 0
github.com/AntoineGS/dot-manager/internal/config/config.go:238.64,239.16 1 1
github.com/AntoineGS/dot-manager/internal/config/config.go:239.16,241.3 1 1
github.com/AntoineGS/dot-manager/internal/config/config.go:244.2,244.35 1 1
github.com/AntoineGS/dot-manager/internal/config/config.go:244.35,246.17 2 1
github.com/AntoineGS/dot-manager/internal/config/config.go:246.17,248.4 1 1
github.com/AntoineGS/dot-manager/internal/config/config.go:249.8,249.24 1 1
github.com/AntoineGS/dot-manager/internal/config/config.go:249.24,251.17 2 1
github.com/AntoineGS/dot-manager/internal/config/config.go:251.17,253.4 1 1
github.com/AntoineGS/dot-manager/internal/config/config.go:257.2,257.34 1 1
github.com/AntoineGS/dot-manager/internal/config/config.go:257.34,259.3 1 1
github.com/AntoineGS/dot-manager/internal/config/config.go:262.2,264.13 2 1
github.com/AntoineGS/dot-manager/internal/config/config.go:267.36,269.2 1 1
github.com/AntoineGS/dot-manager/internal/config/config.go:271.52,272.41 1 1
github.com/AntoineGS/dot-manager/internal/config/config.go:272.41,274.3 1 1
github.com/AntoineGS/dot-manager/internal/config/config.go:275.2,275.11 1 1
github.com/AntoineGS/dot-manager/internal/config/config.go:279.43,281.16 2 1
github.com/AntoineGS/dot-manager/internal/config/config.go:281.16,283.3 1 0
github.com/AntoineGS/dot-manager/internal/config/config.go:287.2,287.55 1 1
github.com/AntoineGS/dot-manager/internal/config/config.go:287.55,289.3 1 1
github.com/AntoineGS/dot-manager/internal/config/config.go:291.2,291.12 1 1
github.com/AntoineGS/dot-manager/internal/config/entry.go:35.33,37.2 1 1
github.com/AntoineGS/dot-manager/internal/config/entry.go:40.30,42.2 1 1
github.com/AntoineGS/dot-manager/internal/config/entry.go:46.34,48.2 1 1
github.com/AntoineGS/dot-manager/internal/config/entry.go:51.35,53.2 1 1
github.com/AntoineGS/dot-manager/internal/config/entry.go:56.33,58.2 1 1
github.com/AntoineGS/dot-manager/internal/config/entry.go:61.49,62.41 1 0
github.com/AntoineGS/dot-manager/internal/config/entry.go:62.41,64.3 1 0
github.com/AntoineGS/dot-manager/internal/config/entry.go:65.2,65.11 1 0
github.com/AntoineGS/dot-manager/internal/config/entry.go:69.39,76.2 1 0
github.com/AntoineGS/dot-manager/internal/config/entry.go:79.45,80.22 1 0
github.com/AntoineGS/dot-manager/internal/config/entry.go:80.22,86.3 1 0
github.com/AntoineGS/dot-manager/internal/config/entry.go:87.2,94.3 1 0
github.com/AntoineGS/dot-manager/internal/config/entry.go:98.53,106.2 1 0
github.com/AntoineGS/dot-manager/internal/config/entry.go:109.48,111.64 2 0
github.com/AntoineGS/dot-manager/internal/config/entry.go:111.64,117.3 1 0
github.com/AntoineGS/dot-manager/internal/config/entry.go:118.2,123.3 1 0
github.com/AntoineGS/dot-manager/internal/config/entry.go:154.36,156.2 1 1
github.com/AntoineGS/dot-manager/internal/config/entry.go:159.33,161.2 1 1
github.com/AntoineGS/dot-manager/internal/config/entry.go:164.36,166.2 1 1
github.com/AntoineGS/dot-manager/internal/config/entry.go:169.52,170.41 1 1
github.com/AntoineGS/dot-manager/internal/config/entry.go:170.41,172.3 1 1
github.com/AntoineGS/dot-manager/internal/config/entry.go:173.2,173.11 1 0
github.com/AntoineGS/dot-manager/internal/config/entry.go:177.41,179.2 1 1
github.com/AntoineGS/dot-manager/internal/config/errors.go:21.43,22.24 1 1
github.com/AntoineGS/dot-manager/internal/config/errors.go:22.24,24.3 1 1
github.com/AntoineGS/dot-manager/internal/config/errors.go:25.2,26.31 2 1
github.com/AntoineGS/dot-manager/internal/config/errors.go:26.31,28.3 1 1
github.com/AntoineGS/dot-manager/internal/config/errors.go:29.2,29.71 1 1
github.com/AntoineGS/dot-manager/internal/config/errors.go:32.43,33.16 1 1
github.com/AntoineGS/dot-manager/internal/config/errors.go:33.16,35.3 1 1
github.com/AntoineGS/dot-manager/internal/config/errors.go:38.45,40.2 1 1
github.com/AntoineGS/dot-manager/internal/config/errors.go:50.37,52.2 1 0
github.com/AntoineGS/dot-manager/internal/config/errors.go:54.37,56.2 1 1
github.com/AntoineGS/dot-manager/internal/config/errors.go:59.71,66.2 1 1
github.com/AntoineGS/dot-manager/internal/config/filter.go:24.51,26.39 1 1
github.com/AntoineGS/dot-manager/internal/config/filter.go:26.39,28.38 2 1
github.com/AntoineGS/dot-manager/internal/config/filter.go:28.38,30.4 1 1
github.com/AntoineGS/dot-manager/internal/config/filter.go:34.2,34.39 1 1
github.com/AntoineGS/dot-manager/internal/config/filter.go:34.39,36.37 2 1
github.com/AntoineGS/dot-manager/internal/config/filter.go:36.37,38.4 1 1
github.com/AntoineGS/dot-manager/internal/config/filter.go:41.2,41.13 1 1
github.com/AntoineGS/dot-manager/internal/config/filter.go:44.60,45.14 1 1
github.com/AntoineGS/dot-manager/internal/config/filter.go:46.12,47.16 1 1
github.com/AntoineGS/dot-manager/internal/config/filter.go:48.16,49.20 1 1
github.com/AntoineGS/dot-manager/internal/config/filter.go:50.18,51.22 1 1
github.com/AntoineGS/dot-manager/internal/config/filter.go:52.14,53.18 1 1
github.com/AntoineGS/dot-manager/internal/config/filter.go:54.10,55.12 1 1
github.com/AntoineGS/dot-manager/internal/config/filter.go:59.49,61.16 2 1
github.com/AntoineGS/dot-manager/internal/config/filter.go:61.16,63.3 1 1
github.com/AntoineGS/dot-manager/internal/config/filter.go:64.2,64.30 1 1
github.com/AntoineGS/dot-manager/internal/config/filter.go:69.64,70.23 1 1
github.com/AntoineGS/dot-manager/internal/config/filter.go:70.23,72.3 1 1
github.com/AntoineGS/dot-manager/internal/config/filter.go:73.2,73.28 1 1
github.com/AntoineGS/dot-manager/internal/config/filter.go:73.28,74.21 1 1
github.com/AntoineGS/dot-manager/internal/config/filter.go:74.21,76.4 1 1
github.com/AntoineGS/dot-manager/internal/config/filter.go:78.2,78.14 1 1
github.com/AntoineGS/dot-manager/internal/config/validate.go:15.41,16.19 1 0
github.com/AntoineGS/dot-manager/internal/config/validate.go:16.19,18.3 1 0
github.com/AntoineGS/dot-manager/internal/config/validate.go:19.2,19.62 1 0
github.com/AntoineGS/dot-manager/internal/config/validate.go:24.38,26.40 1 1
github.com/AntoineGS/dot-manager/internal/config/validate.go:26.40,28.3 1 0
github.com/AntoineGS/dot-manager/internal/config/validate.go:31.2,31.34 1 1
github.com/AntoineGS/dot-manager/internal/config/validate.go:31.34,33.3 1 0
github.com/AntoineGS/dot-manager/internal/config/validate.go:35.2,35.12 1 1
github.com/AntoineGS/dot-manager/internal/config/validate.go:39.36,41.37 1 1
github.com/AntoineGS/dot-manager/internal/config/validate.go:41.37,47.3 1 0
github.com/AntoineGS/dot-manager/internal/config/validate.go:49.2,54.23 4 1
github.com/AntoineGS/dot-manager/internal/config/validate.go:54.23,59.3 1 1
github.com/AntoineGS/dot-manager/internal/config/validate.go:62.2,62.40 1 1
github.com/AntoineGS/dot-manager/internal/config/validate.go:62.40,67.3 1 1
github.com/AntoineGS/dot-manager/internal/config/validate.go:70.2,70.14 1 1
github.com/AntoineGS/dot-manager/internal/config/validate.go:70.14,71.49 1 0
github.com/AntoineGS/dot-manager/internal/config/validate.go:71.49,73.4 1 0
github.com/AntoineGS/dot-manager/internal/config/validate.go:77.2,77.11 1 1
github.com/AntoineGS/dot-manager/internal/config/validate.go:77.11,78.46 1 1
github.com/AntoineGS/dot-manager/internal/config/validate.go:78.46,80.4 1 1
github.com/AntoineGS/dot-manager/internal/config/validate.go:84.2,84.16 1 1
github.com/AntoineGS/dot-manager/internal/config/validate.go:84.16,85.50 1 0
github.com/AntoineGS/dot-manager/internal/config/validate.go:85.50,87.4 1 0
github.com/AntoineGS/dot-manager/internal/config/validate.go:90.2,90.12 1 1
github.com/AntoineGS/dot-manager/internal/config/validate.go:93.43,95.39 1 0
github.com/AntoineGS/dot-manager/internal/config/validate.go:95.39,101.3 1 0
github.com/AntoineGS/dot-manager/internal/config/validate.go:103.2,103.47 1 0
github.com/AntoineGS/dot-manager/internal/config/validate.go:103.47,109.3 1 0
github.com/AntoineGS/dot-manager/internal/config/validate.go:112.2,112.25 1 0
github.com/AntoineGS/dot-manager/internal/config/validate.go:112.25,118.3 1 0
github.com/AntoineGS/dot-manager/internal/config/validate.go:121.2,121.36 1 0
github.com/AntoineGS/dot-manager/internal/config/validate.go:121.36,122.38 1 0
github.com/AntoineGS/dot-manager/internal/config/validate.go:122.38,128.4 1 0
github.com/AntoineGS/dot-manager/internal/config/validate.go:129.3,129.46 1 0
github.com/AntoineGS/dot-manager/internal/config/validate.go:129.46,135.4 1 0
github.com/AntoineGS/dot-manager/internal/config/validate.go:138.2,138.12 1 0
github.com/AntoineGS/dot-manager/internal/config/validate.go:141.40,144.45 1 1
github.com/AntoineGS/dot-manager/internal/config/validate.go:144.45,150.3 1 0
github.com/AntoineGS/dot-manager/internal/config/validate.go:153.2,153.25 1 1
github.com/AntoineGS/dot-manager/internal/config/validate.go:153.25,159.3 1 1
github.com/AntoineGS/dot-manager/internal/config/validate.go:162.2,162.36 1 1
github.com/AntoineGS/dot-manager/internal/config/validate.go:162.36,163.38 1 1
github.com/AntoineGS/dot-manager/internal/config/validate.go:163.38,169.4 1 1
github.com/AntoineGS/dot-manager/internal/config/validate.go:170.3,170.46 1 1
github.com/AntoineGS/dot-manager/internal/config/validate.go:170.46,176.4 1 0
github.com/AntoineGS/dot-manager/internal/config/validate.go:179.2,179.12 1 1
github.com/AntoineGS/dot-manager/internal/config/validate.go:182.44,190.43 5 0
github.com/AntoineGS/dot-manager/internal/config/validate.go:190.43,196.3 1 0
github.com/AntoineGS/dot-manager/internal/config/validate.go:198.2,198.12 1 0
github.com/AntoineGS/dot-manager/internal/config/validate.go:202.47,206.25 3 0
github.com/AntoineGS/dot-manager/internal/config/validate.go:206.25,208.28 1 0
github.com/AntoineGS/dot-manager/internal/config/validate.go:208.28,213.12 2 0
github.com/AntoineGS/dot-manager/internal/config/validate.go:215.3,217.52 2 0
github.com/AntoineGS/dot-manager/internal/config/validate.go:217.52,219.4 1 0
github.com/AntoineGS/dot-manager/internal/config/validate.go:222.2,222.15 1 0
github.com/AntoineGS/dot-manager/internal/config/validate.go:226.42,230.22 2 0
github.com/AntoineGS/dot-manager/internal/config/validate.go:230.22,232.3 1 0
github.com/AntoineGS/dot-manager/internal/config/validate.go:235.2,238.15 3 0
github.com/AntoineGS/dot-manager/internal/tui/add.go:13.67,14.22 1 0
github.com/AntoineGS/dot-manager/internal/tui/add.go:15.23,16.38 1 0
github.com/AntoineGS/dot-manager/internal/tui/add.go:17.20,18.35 1 0
github.com/AntoineGS/dot-manager/internal/tui/add.go:19.10,22.16 2 0
github.com/AntoineGS/dot-manager/internal/tui/add.go:28.37,29.22 1 0
github.com/AntoineGS/dot-manager/internal/tui/add.go:30.23,31.33 1 0
github.com/AntoineGS/dot-manager/internal/tui/add.go:32.20,33.30 1 0
github.com/AntoineGS/dot-manager/internal/tui/add.go:34.10,36.51 1 0
github.com/AntoineGS/dot-manager/internal/tui/add.go:42.51,43.50 1 0
github.com/AntoineGS/dot-manager/internal/tui/add.go:43.50,45.3 1 0
github.com/AntoineGS/dot-manager/internal/tui/add.go:47.2,52.21 3 0
github.com/AntoineGS/dot-manager/internal/tui/add.go:52.21,54.3 1 0
github.com/AntoineGS/dot-manager/internal/tui/add.go:56.2,63.44 5 0
github.com/AntoineGS/dot-manager/internal/tui/add.go:63.44,64.26 1 0
github.com/AntoineGS/dot-manager/internal/tui/add.go:64.26,66.36 2 0
github.com/AntoineGS/dot-manager/internal/tui/add.go:66.36,67.28 1 0
github.com/AntoineGS/dot-manager/internal/tui/add.go:67.28,69.11 2 0
github.com/AntoineGS/dot-manager/internal/tui/add.go:72.4,72.9 1 0
github.com/AntoineGS/dot-manager/internal/tui/add.go:76.2,76.30 1 0
github.com/AntoineGS/dot-manager/internal/tui/add.go:76.30,78.3 1 0
github.com/AntoineGS/dot-manager/internal/tui/add.go:80.2,80.54 1 0
github.com/AntoineGS/dot-manager/internal/tui/add.go:84.53,86.2 1 0
github.com/AntoineGS/dot-manager/internal/tui/add.go:89.58,91.2 1 0
github.com/AntoineGS/dot-manager/internal/tui/add.go:94.71,95.17 1 0
github.com/AntoineGS/dot-manager/internal/tui/add.go:95.17,99.28 2 0
github.com/AntoineGS/dot-manager/internal/tui/add.go:99.28,105.4 1 0
github.com/AntoineGS/dot-manager/internal/tui/add.go:105.9,111.4 1 0
github.com/AntoineGS/dot-manager/internal/tui/add.go:112.8,118.3 1 0
github.com/AntoineGS/dot-manager/internal/tui/add.go:121.2,121.60 1 0
github.com/AntoineGS/dot-manager/internal/tui/add.go:121.60,123.3 1 0
github.com/AntoineGS/dot-manager/internal/tui/add.go:125.2,126.12 2 0
github.com/AntoineGS/dot-manager/internal/tui/add.go:131.65,134.2 1 0
github.com/AntoineGS/dot-manager/internal/tui/add.go:136.71,139.2 1 0
github.com/AntoineGS/dot-manager/internal/tui/add.go:141.87,144.2 1 0
github.com/AntoineGS/dot-manager/internal/tui/add.go:146.81,149.2 1 0
github.com/AntoineGS/dot-manager/internal/tui/add.go:153.95,154.26 1 0
github.com/AntoineGS/dot-manager/internal/tui/add.go:154.26,156.3 1 0
github.com/AntoineGS/dot-manager/internal/tui/add.go:158.2,160.25 2 0
github.com/AntoineGS/dot-manager/internal/tui/add.go:160.25,162.3 1 0
github.com/AntoineGS/dot-manager/internal/tui/add.go:163.2,163.59 1 0
github.com/AntoineGS/dot-manager/internal/tui/app.go:14.93,19.2 3 0
github.com/AntoineGS/dot-manager/internal/tui/app.go:22.113,27.16 4 0
github.com/AntoineGS/dot-manager/internal/tui/app.go:27.16,29.3 1 0
github.com/AntoineGS/dot-manager/internal/tui/app.go:32.2,33.78 2 0
github.com/AntoineGS/dot-manager/internal/tui/app.go:33.78,35.3 1 0
github.com/AntoineGS/dot-manager/internal/tui/app.go:37.2,37.12 1 0
github.com/AntoineGS/dot-manager/internal/tui/app.go:41.118,46.2 4 0
github.com/AntoineGS/dot-manager/internal/tui/app.go:48.33,52.30 3 0
github.com/AntoineGS/dot-manager/internal/tui/app.go:52.30,53.16 1 0
github.com/AntoineGS/dot-manager/internal/tui/app.go:53.16,55.4 1 0
github.com/AntoineGS/dot-manager/internal/tui/app.go:55.9,57.4 1 0
github.com/AntoineGS/dot-manager/internal/tui/app.go:60.2,61.19 2 0
github.com/AntoineGS/dot-manager/internal/tui/app.go:61.19,63.3 1 0
github.com/AntoineGS/dot-manager/internal/tui/app.go:64.2,64.15 1 0
github.com/AntoineGS/dot-manager/internal/tui/app.go:68.24,71.2 2 0
github.com/AntoineGS/dot-manager/internal/tui/autocomplete.go:13.66,14.17 1 1
github.com/AntoineGS/dot-manager/internal/tui/autocomplete.go:14.17,16.3 1 1
github.com/AntoineGS/dot-manager/internal/tui/autocomplete.go:19.2,22.71 2 1
github.com/AntoineGS/dot-manager/internal/tui/autocomplete.go:22.71,24.3 1 0
github.com/AntoineGS/dot-manager/internal/tui/autocomplete.go:27.2,31.91 3 1
github.com/AntoineGS/dot-manager/internal/tui/autocomplete.go:31.91,34.3 2 1
github.com/AntoineGS/dot-manager/internal/tui/autocomplete.go:37.2,38.16 2 1
github.com/AntoineGS/dot-manager/internal/tui/autocomplete.go:38.16,40.3 1 0
github.com/AntoineGS/dot-manager/internal/tui/autocomplete.go:42.2,43.32 2 1
github.com/AntoineGS/dot-manager/internal/tui/autocomplete.go:43.32,47.70 2 1
github.com/AntoineGS/dot-manager/internal/tui/autocomplete.go:47.70,48.12 1 1
github.com/AntoineGS/dot-manager/internal/tui/autocomplete.go:52.3,52.89 1 1
github.com/AntoineGS/dot-manager/internal/tui/autocomplete.go:52.89,53.12 1 1
github.com/AntoineGS/dot-manager/internal/tui/autocomplete.go:57.3,58.48 2 1
github.com/AntoineGS/dot-manager/internal/tui/autocomplete.go:62.2,63.39 2 1
github.com/AntoineGS/dot-manager/internal/tui/autocomplete.go:63.39,65.3 1 0
github.com/AntoineGS/dot-manager/internal/tui/autocomplete.go:66.2,66.20 1 1
github.com/AntoineGS/dot-manager/internal/tui/autocomplete.go:70.73,74.105 2 1
github.com/AntoineGS/dot-manager/internal/tui/autocomplete.go:74.105,76.3 1 1
github.com/AntoineGS/dot-manager/internal/tui/autocomplete.go:76.8,79.19 2 1
github.com/AntoineGS/dot-manager/internal/tui/autocomplete.go:79.19,81.4 1 1
github.com/AntoineGS/dot-manager/internal/tui/autocomplete.go:81.9,83.4 1 0
github.com/AntoineGS/dot-manager/internal/tui/autocomplete.go:86.2,87.11 2 1
github.com/AntoineGS/dot-manager/internal/tui/autocomplete.go:87.11,89.3 1 1
github.com/AntoineGS/dot-manager/internal/tui/autocomplete.go:91.2,91.15 1 1
github.com/AntoineGS/dot-manager/internal/tui/autocomplete.go:95.37,96.35 1 1
github.com/AntoineGS/dot-manager/internal/tui/autocomplete.go:96.35,98.17 2 1
github.com/AntoineGS/dot-manager/internal/tui/autocomplete.go:98.17,100.4 1 0
github.com/AntoineGS/dot-manager/internal/tui/autocomplete.go:101.3,101.39 1 1
github.com/AntoineGS/dot-manager/internal/tui/autocomplete.go:103.2,103.17 1 1
github.com/AntoineGS/dot-manager/internal/tui/autocomplete.go:103.17,105.17 2 1
github.com/AntoineGS/dot-manager/internal/tui/autocomplete.go:105.17,107.4 1 0
github.com/AntoineGS/dot-manager/internal/tui/autocomplete.go:108.3,108.14 1 1
github.com/AntoineGS/dot-manager/internal/tui/autocomplete.go:110.2,110.13 1 1
github.com/AntoineGS/dot-manager/internal/tui/confirm.go:13.67,14.22 1 0
github.com/AntoineGS/dot-manager/internal/tui/confirm.go:15.25,20.39 4 0
github.com/AntoineGS/dot-manager/internal/tui/confirm.go:20.39,25.35 3 0
github.com/AntoineGS/dot-manager/internal/tui/confirm.go:25.35,26.21 1 0
github.com/AntoineGS/dot-manager/internal/tui/confirm.go:26.21,28.6 1 0
github.com/AntoineGS/dot-manager/internal/tui/confirm.go:31.4,31.35 1 0
github.com/AntoineGS/dot-manager/internal/tui/confirm.go:31.35,32.30 1 0
github.com/AntoineGS/dot-manager/internal/tui/confirm.go:32.30,34.6 1 0
github.com/AntoineGS/dot-manager/internal/tui/confirm.go:38.4,38.36 1 0
github.com/AntoineGS/dot-manager/internal/tui/confirm.go:41.3,41.31 1 0
github.com/AntoineGS/dot-manager/internal/tui/confirm.go:42.23,43.39 1 0
github.com/AntoineGS/dot-manager/internal/tui/confirm.go:43.39,45.4 1 0
github.com/AntoineGS/dot-manager/internal/tui/confirm.go:45.9,47.4 1 0
github.com/AntoineGS/dot-manager/internal/tui/confirm.go:49.2,49.15 1 0
github.com/AntoineGS/dot-manager/internal/tui/confirm.go:52.37,57.21 3 1
github.com/AntoineGS/dot-manager/internal/tui/confirm.go:58.25,59.16 1 0
github.com/AntoineGS/dot-manager/internal/tui/confirm.go:61.2,66.14 4 1
github.com/AntoineGS/dot-manager/internal/tui/confirm.go:66.14,69.3 2 0
github.com/AntoineGS/dot-manager/internal/tui/confirm.go:72.2,72.38 1 1
github.com/AntoineGS/dot-manager/internal/tui/confirm.go:72.38,75.34 2 0
github.com/AntoineGS/dot-manager/internal/tui/confirm.go:75.34,76.20 1 0
github.com/AntoineGS/dot-manager/internal/tui/confirm.go:76.20,78.5 1 0
github.com/AntoineGS/dot-manager/internal/tui/confirm.go:81.3,87.34 5 0
github.com/AntoineGS/dot-manager/internal/tui/confirm.go:87.34,88.20 1 0
github.com/AntoineGS/dot-manager/internal/tui/confirm.go:88.20,90.20 2 0
github.com/AntoineGS/dot-manager/internal/tui/confirm.go:90.20,95.6 4 0
github.com/AntoineGS/dot-manager/internal/tui/confirm.go:98.3,98.17 1 0
github.com/AntoineGS/dot-manager/internal/tui/confirm.go:98.17,101.4 2 0
github.com/AntoineGS/dot-manager/internal/tui/confirm.go:102.8,105.29 2 1
github.com/AntoineGS/dot-manager/internal/tui/confirm.go:105.29,106.18 1 1
github.com/AntoineGS/dot-manager/internal/tui/confirm.go:106.18,108.5 1 1
github.com/AntoineGS/dot-manager/internal/tui/confirm.go:112.3,118.32 5 1
github.com/AntoineGS/dot-manager/internal/tui/confirm.go:118.32,119.21 1 1
github.com/AntoineGS/dot-manager/internal/tui/confirm.go:119.21,121.20 2 1
github.com/AntoineGS/dot-manager/internal/tui/confirm.go:121.20,125.6 3 1
github.com/AntoineGS/dot-manager/internal/tui/confirm.go:128.3,128.17 1 1
github.com/AntoineGS/dot-manager/internal/tui/confirm.go:128.17,131.4 2 0
github.com/AntoineGS/dot-manager/internal/tui/confirm.go:135.2,148.37 6 1
github.com/AntoineGS/dot-manager/internal/tui/confirm.go:151.41,153.24 1 0
github.com/AntoineGS/dot-manager/internal/tui/confirm.go:153.24,156.32 2 0
github.com/AntoineGS/dot-manager/internal/tui/confirm.go:156.32,157.22 1 0
github.com/AntoineGS/dot-manager/internal/tui/confirm.go:157.22,158.13 1 0
github.com/AntoineGS/dot-manager/internal/tui/confirm.go:161.4,167.6 2 0
github.com/AntoineGS/dot-manager/internal/tui/confirm.go:170.3,173.4 1 0
github.com/AntoineGS/dot-manager/internal/tui/confirm.go:177.45,178.53 1 0
github.com/AntoineGS/dot-manager/internal/tui/confirm.go:178.53,180.3 1 0
github.com/AntoineGS/dot-manager/internal/tui/confirm.go:182.2,185.14 2 0
github.com/AntoineGS/dot-manager/internal/tui/confirm.go:185.14,186.25 1 0
github.com/AntoineGS/dot-manager/internal/tui/confirm.go:186.25,192.4 1 0
github.com/AntoineGS/dot-manager/internal/tui/confirm.go:196.2,197.16 2 0
github.com/AntoineGS/dot-manager/internal/tui/confirm.go:197.16,198.25 1 0
github.com/AntoineGS/dot-manager/internal/tui/confirm.go:198.25,204.4 1 0
github.com/AntoineGS/dot-manager/internal/tui/confirm.go:209.2,209.54 1 0
github.com/AntoineGS/dot-manager/internal/tui/confirm.go:209.54,210.17 1 0
github.com/AntoineGS/dot-manager/internal/tui/confirm.go:210.17,217.4 1 0
github.com/AntoineGS/dot-manager/internal/tui/confirm.go:218.3,222.4 1 0
github.com/AntoineGS/dot-manager/internal/tui/confirm.go:226.63,227.30 1 0
github.com/AntoineGS/dot-manager/internal/tui/confirm.go:227.30,229.3 1 0
github.com/AntoineGS/dot-manager/internal/tui/confirm.go:232.2,232.63 1 0
github.com/AntoineGS/dot-manager/internal/tui/confirm.go:232.63,233.21 1 0
github.com/AntoineGS/dot-manager/internal/tui/confirm.go:234.17,235.71 1 0
github.com/AntoineGS/dot-manager/internal/tui/confirm.go:236.14,237.60 1 0
github.com/AntoineGS/dot-manager/internal/tui/confirm.go:238.15,239.61 1 0
github.com/AntoineGS/dot-manager/internal/tui/confirm.go:240.14,241.68 1 0
github.com/AntoineGS/dot-manager/internal/tui/confirm.go:242.14,243.64 1 0
github.com/AntoineGS/dot-manager/internal/tui/confirm.go:244.15,245.51 1 0
github.com/AntoineGS/dot-manager/internal/tui/confirm.go:246.17,247.114 1 0
github.com/AntoineGS/dot-manager/internal/tui/confirm.go:248.16,249.52 1 0
github.com/AntoineGS/dot-manager/internal/tui/confirm.go:250.16,251.58 1 0
github.com/AntoineGS/dot-manager/internal/tui/confirm.go:256.2,256.28 1 0
github.com/AntoineGS/dot-manager/internal/tui/confirm.go:256.28,257.67 1 0
github.com/AntoineGS/dot-manager/internal/tui/confirm.go:257.67,258.34 1 0
github.com/AntoineGS/dot-manager/internal/tui/confirm.go:258.34,260.5 1 0
github.com/AntoineGS/dot-manager/internal/tui/confirm.go:261.4,261.46 1 0
github.com/AntoineGS/dot-manager/internal/tui/confirm.go:266.2,266.25 1 0
github.com/AntoineGS/dot-manager/internal/tui/confirm.go:266.25,267.62 1 0
github.com/AntoineGS/dot-manager/internal/tui/confirm.go:267.62,268.34 1 0
github.com/AntoineGS/dot-manager/internal/tui/confirm.go:268.34,278.5 2 0
github.com/AntoineGS/dot-manager/internal/tui/confirm.go:280.4,287.43 2 0
github.com/AntoineGS/dot-manager/internal/tui/confirm.go:291.2,291.12 1 0
github.com/AntoineGS/dot-manager/internal/tui/confirm.go:294.61,297.27 2 0
github.com/AntoineGS/dot-manager/internal/tui/confirm.go:297.27,299.3 1 0
github.com/AntoineGS/dot-manager/internal/tui/confirm.go:300.2,300.66 1 0
github.com/AntoineGS/dot-manager/internal/tui/confirm.go:303.68,305.47 1 0
github.com/AntoineGS/dot-manager/internal/tui/confirm.go:305.47,306.38 1 0
github.com/AntoineGS/dot-manager/internal/tui/confirm.go:306.38,308.4 1 0
github.com/AntoineGS/dot-manager/internal/tui/confirm.go:311.2,316.35 4 0
github.com/AntoineGS/dot-manager/internal/tui/confirm.go:316.35,317.15 1 0
github.com/AntoineGS/dot-manager/internal/tui/confirm.go:317.15,319.4 1 0
github.com/AntoineGS/dot-manager/internal/tui/confirm.go:322.3,323.58 2 0
github.com/AntoineGS/dot-manager/internal/tui/confirm.go:323.58,324.58 1 0
github.com/AntoineGS/dot-manager/internal/tui/confirm.go:324.58,326.5 1 0
github.com/AntoineGS/dot-manager/internal/tui/confirm.go:330.3,330.51 1 0
github.com/AntoineGS/dot-manager/internal/tui/confirm.go:330.51,332.4 1 0
github.com/AntoineGS/dot-manager/internal/tui/confirm.go:333.3,334.22 2 0
github.com/AntoineGS/dot-manager/internal/tui/confirm.go:337.2,337.14 1 0
github.com/AntoineGS/dot-manager/internal/tui/confirm.go:337.14,339.3 1 0
github.com/AntoineGS/dot-manager/internal/tui/confirm.go:342.2,342.19 1 0
github.com/AntoineGS/dot-manager/internal/tui/confirm.go:342.19,344.3 1 0
github.com/AntoineGS/dot-manager/internal/tui/confirm.go:347.2,348.54 2 0
github.com/AntoineGS/dot-manager/internal/tui/confirm.go:348.54,349.54 1 0
github.com/AntoineGS/dot-manager/internal/tui/confirm.go:349.54,351.4 1 0
github.com/AntoineGS/dot-manager/internal/tui/confirm.go:355.2,355.47 1 0
github.com/AntoineGS/dot-manager/internal/tui/confirm.go:355.47,356.38 1 0
github.com/AntoineGS/dot-manager/internal/tui/confirm.go:356.38,357.47 1 0
github.com/AntoineGS/dot-manager/internal/tui/confirm.go:357.47,359.5 1 0
github.com/AntoineGS/dot-manager/internal/tui/confirm.go:364.2,364.51 1 0
github.com/AntoineGS/dot-manager/internal/tui/confirm.go:364.51,366.3 1 0
github.com/AntoineGS/dot-manager/internal/tui/confirm.go:368.2,368.13 1 0
github.com/AntoineGS/dot-manager/internal/tui/confirm.go:368.13,370.3 1 0
github.com/AntoineGS/dot-manager/internal/tui/confirm.go:371.2,371.72 1 0
github.com/AntoineGS/dot-manager/internal/tui/confirm.go:374.83,376.51 1 0
github.com/AntoineGS/dot-manager/internal/tui/confirm.go:376.51,377.16 1 0
github.com/AntoineGS/dot-manager/internal/tui/confirm.go:377.16,378.52 1 0
github.com/AntoineGS/dot-manager/internal/tui/confirm.go:378.52,380.5 1 0
github.com/AntoineGS/dot-manager/internal/tui/confirm.go:385.2,385.51 1 0
github.com/AntoineGS/dot-manager/internal/tui/confirm.go:385.51,386.16 1 0
github.com/AntoineGS/dot-manager/internal/tui/confirm.go:386.16,387.52 1 0
github.com/AntoineGS/dot-manager/internal/tui/confirm.go:387.52,389.5 1 0
github.com/AntoineGS/dot-manager/internal/tui/confirm.go:393.2,398.29 5 0
github.com/AntoineGS/dot-manager/internal/tui/confirm.go:398.29,403.49 3 0
github.com/AntoineGS/dot-manager/internal/tui/confirm.go:403.49,404.39 1 0
github.com/AntoineGS/dot-manager/internal/tui/confirm.go:404.39,406.13 2 0
github.com/AntoineGS/dot-manager/internal/tui/confirm.go:410.3,414.30 3 0
github.com/AntoineGS/dot-manager/internal/tui/confirm.go:414.30,415.16 1 0
github.com/AntoineGS/dot-manager/internal/tui/confirm.go:415.16,417.13 2 0
github.com/AntoineGS/dot-manager/internal/tui/confirm.go:421.4,421.54 1 0
github.com/AntoineGS/dot-manager/internal/tui/confirm.go:421.54,423.60 1 0
github.com/AntoineGS/dot-manager/internal/tui/confirm.go:423.60,425.14 2 0
github.com/AntoineGS/dot-manager/internal/tui/confirm.go:427.5,427.46 1 0
github.com/AntoineGS/dot-manager/internal/tui/confirm.go:427.46,429.14 2 0
github.com/AntoineGS/dot-manager/internal/tui/confirm.go:432.4,433.20 2 0
github.com/AntoineGS/dot-manager/internal/tui/confirm.go:436.3,436.17 1 0
github.com/AntoineGS/dot-manager/internal/tui/confirm.go:436.17,438.12 2 0
github.com/AntoineGS/dot-manager/internal/tui/confirm.go:441.3,441.15 1 0
github.com/AntoineGS/dot-manager/internal/tui/confirm.go:441.15,443.12 2 0
github.com/AntoineGS/dot-manager/internal/tui/confirm.go:447.3,447.49 1 0
github.com/AntoineGS/dot-manager/internal/tui/confirm.go:447.49,448.39 1 0
github.com/AntoineGS/dot-manager/internal/tui/confirm.go:448.39,449.46 1 0
github.com/AntoineGS/dot-manager/internal/tui/confirm.go:449.46,451.14 2 0
github.com/AntoineGS/dot-manager/internal/tui/confirm.go:457.3,457.54 1 0
github.com/AntoineGS/dot-manager/internal/tui/confirm.go:457.54,459.12 2 0
github.com/AntoineGS/dot-manager/internal/tui/confirm.go:461.3,461.12 1 0
github.com/AntoineGS/dot-manager/internal/tui/confirm.go:464.2,464.19 1 0
github.com/AntoineGS/dot-manager/internal/tui/confirm.go:464.19,466.3 1 0
github.com/AntoineGS/dot-manager/internal/tui/confirm.go:468.2,468.14 1 0
github.com/AntoineGS/dot-manager/internal/tui/confirm.go:468.14,470.18 2 0
github.com/AntoineGS/dot-manager/internal/tui/confirm.go:470.18,472.4 1 0
github.com/AntoineGS/dot-manager/internal/tui/confirm.go:473.3,473.18 1 0
github.com/AntoineGS/dot-manager/internal/tui/confirm.go:473.18,475.4 1 0
github.com/AntoineGS/dot-manager/internal/tui/confirm.go:476.3,476.19 1 0
github.com/AntoineGS/dot-manager/internal/tui/confirm.go:479.2,480.17 2 0
github.com/AntoineGS/dot-manager/internal/tui/confirm.go:480.17,482.3 1 0
github.com/AntoineGS/dot-manager/internal/tui/confirm.go:483.2,483.17 1 0
github.com/AntoineGS/dot-manager/internal/tui/confirm.go:483.17,485.3 1 0
github.com/AntoineGS/dot-manager/internal/tui/confirm.go:486.2,486.18 1 0
github.com/AntoineGS/dot-manager/internal/tui/confirm.go:489.44,491.16 2 0
github.com/AntoineGS/dot-manager/internal/tui/confirm.go:491.16,493.3 1 0
github.com/AntoineGS/dot-manager/internal/tui/confirm.go:495.2,496.16 2 0
github.com/AntoineGS/dot-manager/internal/tui/confirm.go:496.16,498.3 1 0
github.com/AntoineGS/dot-manager/internal/tui/confirm.go:500.2,500.45 1 0
github.com/AntoineGS/dot-manager/internal/tui/form_application.go:23.42,71.2 20 0
github.com/AntoineGS/dot-manager/internal/tui/form_application.go:74.53,75.56 1 0
github.com/AntoineGS/dot-manager/internal/tui/form_application.go:75.56,77.3 1 0
github.com/AntoineGS/dot-manager/internal/tui/form_application.go:79.2,106.40 22 0
github.com/AntoineGS/dot-manager/internal/tui/form_application.go:106.40,107.31 1 0
github.com/AntoineGS/dot-manager/internal/tui/form_application.go:107.31,114.4 1 0
github.com/AntoineGS/dot-manager/internal/tui/form_application.go:115.3,115.31 1 0
github.com/AntoineGS/dot-manager/internal/tui/form_application.go:115.31,122.4 1 0
github.com/AntoineGS/dot-manager/internal/tui/form_application.go:126.2,127.57 2 0
github.com/AntoineGS/dot-manager/internal/tui/form_application.go:127.57,128.42 1 0
github.com/AntoineGS/dot-manager/internal/tui/form_application.go:128.42,130.4 1 0
github.com/AntoineGS/dot-manager/internal/tui/form_application.go:133.2,158.26 3 0
github.com/AntoineGS/dot-manager/internal/tui/form_application.go:162.64,163.30 1 0
github.com/AntoineGS/dot-manager/internal/tui/form_application.go:163.30,165.3 1 0
github.com/AntoineGS/dot-manager/internal/tui/form_application.go:167.2,167.38 1 0
github.com/AntoineGS/dot-manager/internal/tui/form_application.go:168.9,169.22 1 0
github.com/AntoineGS/dot-manager/internal/tui/form_application.go:170.9,171.29 1 0
github.com/AntoineGS/dot-manager/internal/tui/form_application.go:172.9,173.26 1 0
github.com/AntoineGS/dot-manager/internal/tui/form_application.go:174.9,175.25 1 0
github.com/AntoineGS/dot-manager/internal/tui/form_application.go:176.10,177.22 1 0
github.com/AntoineGS/dot-manager/internal/tui/form_application.go:182.75,183.30 1 0
github.com/AntoineGS/dot-manager/internal/tui/form_application.go:183.30,185.3 1 0
github.com/AntoineGS/dot-manager/internal/tui/form_application.go:188.2,188.36 1 0
github.com/AntoineGS/dot-manager/internal/tui/form_application.go:188.36,190.3 1 0
github.com/AntoineGS/dot-manager/internal/tui/form_application.go:193.2,193.38 1 0
github.com/AntoineGS/dot-manager/internal/tui/form_application.go:193.38,195.3 1 0
github.com/AntoineGS/dot-manager/internal/tui/form_application.go:198.2,198.71 1 0
github.com/AntoineGS/dot-manager/internal/tui/form_application.go:198.71,200.3 1 0
github.com/AntoineGS/dot-manager/internal/tui/form_application.go:203.2,203.53 1 0
github.com/AntoineGS/dot-manager/internal/tui/form_application.go:203.53,205.3 1 0
github.com/AntoineGS/dot-manager/internal/tui/form_application.go:208.2,208.52 1 0
github.com/AntoineGS/dot-manager/internal/tui/form_application.go:208.52,210.3 1 0
github.com/AntoineGS/dot-manager/internal/tui/form_application.go:212.2,212.22 1 0
github.com/AntoineGS/dot-manager/internal/tui/form_application.go:213.16,214.21 1 0
github.com/AntoineGS/dot-manager/internal/tui/form_application.go:216.18,221.16 4 0
github.com/AntoineGS/dot-manager/internal/tui/form_application.go:223.19,225.39 2 0
github.com/AntoineGS/dot-manager/internal/tui/form_application.go:225.39,227.4 1 0
github.com/AntoineGS/dot-manager/internal/tui/form_application.go:228.3,229.16 2 0
github.com/AntoineGS/dot-manager/internal/tui/form_application.go:231.17,233.39 2 0
github.com/AntoineGS/dot-manager/internal/tui/form_application.go:233.39,235.4 1 0
github.com/AntoineGS/dot-manager/internal/tui/form_application.go:236.3,237.16 2 0
github.com/AntoineGS/dot-manager/internal/tui/form_application.go:239.13,241.39 2 0
github.com/AntoineGS/dot-manager/internal/tui/form_application.go:241.39,243.4 1 0
github.com/AntoineGS/dot-manager/internal/tui/form_application.go:244.3,245.16 2 0
github.com/AntoineGS/dot-manager/internal/tui/form_application.go:247.19,249.39 2 0
github.com/AntoineGS/dot-manager/internal/tui/form_application.go:249.39,251.4 1 0
github.com/AntoineGS/dot-manager/internal/tui/form_application.go:252.3,253.16 2 0
github.com/AntoineGS/dot-manager/internal/tui/form_application.go:255.20,258.54 2 0
github.com/AntoineGS/dot-manager/internal/tui/form_application.go:258.54,261.4 2 0
github.com/AntoineGS/dot-manager/internal/tui/form_application.go:263.21,265.49 1 0
github.com/AntoineGS/dot-manager/internal/tui/form_application.go:265.49,268.4 2 0
github.com/AntoineGS/dot-manager/internal/tui/form_application.go:270.3,273.16 4 0
github.com/AntoineGS/dot-manager/internal/tui/form_application.go:277.2,279.15 2 0
github.com/AntoineGS/dot-manager/internal/tui/form_application.go:283.81,284.30 1 0
github.com/AntoineGS/dot-manager/internal/tui/form_application.go:284.30,286.3 1 0
github.com/AntoineGS/dot-manager/internal/tui/form_application.go:288.2,291.22 3 0
github.com/AntoineGS/dot-manager/internal/tui/form_application.go:292.16,293.21 1 0
github.com/AntoineGS/dot-manager/internal/tui/form_application.go:295.13,298.16 2 0
github.com/AntoineGS/dot-manager/internal/tui/form_application.go:300.22,304.16 3 0
github.com/AntoineGS/dot-manager/internal/tui/form_application.go:308.2,308.12 1 0
github.com/AntoineGS/dot-manager/internal/tui/form_application.go:309.20,310.77 1 0
github.com/AntoineGS/dot-manager/internal/tui/form_application.go:311.27,312.91 1 0
github.com/AntoineGS/dot-manager/internal/tui/form_application.go:316.2,318.15 2 0
github.com/AntoineGS/dot-manager/internal/tui/form_application.go:322.83,323.30 1 0
github.com/AntoineGS/dot-manager/internal/tui/form_application.go:323.30,325.3 1 0
github.com/AntoineGS/dot-manager/internal/tui/form_application.go:327.2,329.22 2 0
github.com/AntoineGS/dot-manager/internal/tui/form_application.go:330.16,331.21 1 0
github.com/AntoineGS/dot-manager/internal/tui/form_application.go:333.18,337.16 4 0
github.com/AntoineGS/dot-manager/internal/tui/form_application.go:339.17,340.43 1 0
github.com/AntoineGS/dot-manager/internal/tui/form_application.go:340.43,342.4 1 0
github.com/AntoineGS/dot-manager/internal/tui/form_application.go:342.9,346.4 2 0
github.com/AntoineGS/dot-manager/internal/tui/form_application.go:347.3,347.16 1 0
github.com/AntoineGS/dot-manager/internal/tui/form_application.go:349.19,350.51 1 0
github.com/AntoineGS/dot-manager/internal/tui/form_application.go:350.51,352.4 1 0
github.com/AntoineGS/dot-manager/internal/tui/form_application.go:352.9,355.40 2 0
github.com/AntoineGS/dot-manager/internal/tui/form_application.go:355.40,357.5 1 0
github.com/AntoineGS/dot-manager/internal/tui/form_application.go:358.4,359.34 2 0
github.com/AntoineGS/dot-manager/internal/tui/form_application.go:361.3,361.16 1 0
github.com/AntoineGS/dot-manager/internal/tui/form_application.go:363.13,365.39 2 0
github.com/AntoineGS/dot-manager/internal/tui/form_application.go:365.39,367.4 1 0
github.com/AntoineGS/dot-manager/internal/tui/form_application.go:368.3,370.16 3 0
github.com/AntoineGS/dot-manager/internal/tui/form_application.go:372.19,375.16 3 0
github.com/AntoineGS/dot-manager/internal/tui/form_application.go:377.25,379.108 1 0
github.com/AntoineGS/dot-manager/internal/tui/form_application.go:379.108,381.4 1 0
github.com/AntoineGS/dot-manager/internal/tui/form_application.go:382.3,386.68 3 0
github.com/AntoineGS/dot-manager/internal/tui/form_application.go:386.68,388.4 1 0
github.com/AntoineGS/dot-manager/internal/tui/form_application.go:390.3,394.16 5 0
github.com/AntoineGS/dot-manager/internal/tui/form_application.go:396.34,398.108 1 0
github.com/AntoineGS/dot-manager/internal/tui/form_application.go:398.108,400.4 1 0
github.com/AntoineGS/dot-manager/internal/tui/form_application.go:401.3,404.16 4 0
github.com/AntoineGS/dot-manager/internal/tui/form_application.go:406.21,408.49 1 0
github.com/AntoineGS/dot-manager/internal/tui/form_application.go:408.49,411.4 2 0
github.com/AntoineGS/dot-manager/internal/tui/form_application.go:412.3,415.16 4 0
github.com/AntoineGS/dot-manager/internal/tui/form_application.go:418.2,418.15 1 0
github.com/AntoineGS/dot-manager/internal/tui/form_application.go:422.83,423.30 1 0
github.com/AntoineGS/dot-manager/internal/tui/form_application.go:423.30,425.3 1 0
github.com/AntoineGS/dot-manager/internal/tui/form_application.go:427.2,429.22 2 0
github.com/AntoineGS/dot-manager/internal/tui/form_application.go:430.16,431.21 1 0
github.com/AntoineGS/dot-manager/internal/tui/form_application.go:433.13,438.16 4 0
github.com/AntoineGS/dot-manager/internal/tui/form_application.go:440.15,442.108 2 0
github.com/AntoineGS/dot-manager/internal/tui/form_application.go:442.108,446.4 3 0
github.com/AntoineGS/dot-manager/internal/tui/form_application.go:447.3,449.20 2 0
github.com/AntoineGS/dot-manager/internal/tui/form_application.go:449.20,452.4 2 0
github.com/AntoineGS/dot-manager/internal/tui/form_application.go:452.9,455.4 1 0
github.com/AntoineGS/dot-manager/internal/tui/form_application.go:457.3,459.16 3 0
github.com/AntoineGS/dot-manager/internal/tui/form_application.go:463.2,465.15 3 0
github.com/AntoineGS/dot-manager/internal/tui/form_application.go:469.82,470.30 1 0
github.com/AntoineGS/dot-manager/internal/tui/form_application.go:470.30,472.3 1 0
github.com/AntoineGS/dot-manager/internal/tui/form_application.go:474.2,476.22 2 0
github.com/AntoineGS/dot-manager/internal/tui/form_application.go:477.16,478.21 1 0
github.com/AntoineGS/dot-manager/internal/tui/form_application.go:480.18,484.16 4 0
github.com/AntoineGS/dot-manager/internal/tui/form_application.go:486.17,487.42 1 0
github.com/AntoineGS/dot-manager/internal/tui/form_application.go:487.42,489.4 1 0
github.com/AntoineGS/dot-manager/internal/tui/form_application.go:489.9,493.4 2 0
github.com/AntoineGS/dot-manager/internal/tui/form_application.go:494.3,494.16 1 0
github.com/AntoineGS/dot-manager/internal/tui/form_application.go:496.19,497.50 1 0
github.com/AntoineGS/dot-manager/internal/tui/form_application.go:497.50,499.4 1 0
github.com/AntoineGS/dot-manager/internal/tui/form_application.go:499.9,504.4 3 0
github.com/AntoineGS/dot-manager/internal/tui/form_application.go:505.3,505.16 1 0
github.com/AntoineGS/dot-manager/internal/tui/form_application.go:507.13,512.16 4 0
github.com/AntoineGS/dot-manager/internal/tui/form_application.go:514.19,518.16 3 0
github.com/AntoineGS/dot-manager/internal/tui/form_application.go:520.20,522.72 1 0
github.com/AntoineGS/dot-manager/internal/tui/form_application.go:522.72,529.4 6 0
github.com/AntoineGS/dot-manager/internal/tui/form_application.go:531.3,531.71 1 0
github.com/AntoineGS/dot-manager/internal/tui/form_application.go:531.71,539.33 7 0
github.com/AntoineGS/dot-manager/internal/tui/form_application.go:539.33,540.20 1 0
github.com/AntoineGS/dot-manager/internal/tui/form_application.go:540.20,542.11 2 0
github.com/AntoineGS/dot-manager/internal/tui/form_application.go:545.4,545.57 1 0
github.com/AntoineGS/dot-manager/internal/tui/form_application.go:547.3,547.16 1 0
github.com/AntoineGS/dot-manager/internal/tui/form_application.go:549.34,551.109 1 0
github.com/AntoineGS/dot-manager/internal/tui/form_application.go:551.109,558.112 2 0
github.com/AntoineGS/dot-manager/internal/tui/form_application.go:558.112,560.5 1 0
github.com/AntoineGS/dot-manager/internal/tui/form_application.go:562.3,563.16 2 0
github.com/AntoineGS/dot-manager/internal/tui/form_application.go:565.21,567.49 1 0
github.com/AntoineGS/dot-manager/internal/tui/form_application.go:567.49,570.4 2 0
github.com/AntoineGS/dot-manager/internal/tui/form_application.go:571.3,574.16 4 0
github.com/AntoineGS/dot-manager/internal/tui/form_application.go:577.2,577.15 1 0
github.com/AntoineGS/dot-manager/internal/tui/form_application.go:581.82,582.30 1 0
github.com/AntoineGS/dot-manager/internal/tui/form_application.go:582.30,584.3 1 0
github.com/AntoineGS/dot-manager/internal/tui/form_application.go:586.2,589.96 2 0
github.com/AntoineGS/dot-manager/internal/tui/form_application.go:589.96,590.23 1 0
github.com/AntoineGS/dot-manager/internal/tui/form_application.go:591.17,592.22 1 0
github.com/AntoineGS/dot-manager/internal/tui/form_application.go:593.14,598.17 4 0
github.com/AntoineGS/dot-manager/internal/tui/form_application.go:599.16,602.19 2 0
github.com/AntoineGS/dot-manager/internal/tui/form_application.go:602.19,604.5 1 0
github.com/AntoineGS/dot-manager/internal/tui/form_application.go:606.4,608.39 2 0
github.com/AntoineGS/dot-manager/internal/tui/form_application.go:608.39,610.123 1 0
github.com/AntoineGS/dot-manager/internal/tui/form_application.go:610.123,617.6 1 0
github.com/AntoineGS/dot-manager/internal/tui/form_application.go:618.5,619.46 2 0
github.com/AntoineGS/dot-manager/internal/tui/form_application.go:620.10,623.43 2 0
github.com/AntoineGS/dot-manager/internal/tui/form_application.go:623.43,625.6 1 0
github.com/AntoineGS/dot-manager/internal/tui/form_application.go:626.5,633.43 3 0
github.com/AntoineGS/dot-manager/internal/tui/form_application.go:635.4,637.17 3 0
github.com/AntoineGS/dot-manager/internal/tui/form_application.go:640.3,642.16 3 0
github.com/AntoineGS/dot-manager/internal/tui/form_application.go:646.2,646.22 1 0
github.com/AntoineGS/dot-manager/internal/tui/form_application.go:647.16,648.21 1 0
github.com/AntoineGS/dot-manager/internal/tui/form_application.go:650.13,658.16 7 0
github.com/AntoineGS/dot-manager/internal/tui/form_application.go:660.17,662.57 1 0
github.com/AntoineGS/dot-manager/internal/tui/form_application.go:662.57,664.4 1 0
github.com/AntoineGS/dot-manager/internal/tui/form_application.go:664.9,664.62 1 0
github.com/AntoineGS/dot-manager/internal/tui/form_application.go:664.62,666.4 1 0
github.com/AntoineGS/dot-manager/internal/tui/form_application.go:667.3,667.16 1 0
github.com/AntoineGS/dot-manager/internal/tui/form_application.go:669.19,671.56 1 0
github.com/AntoineGS/dot-manager/internal/tui/form_application.go:671.56,673.4 1 0
github.com/AntoineGS/dot-manager/internal/tui/form_application.go:673.9,673.62 1 0
github.com/AntoineGS/dot-manager/internal/tui/form_application.go:673.62,675.4 1 0
github.com/AntoineGS/dot-manager/internal/tui/form_application.go:676.3,676.16 1 0
github.com/AntoineGS/dot-manager/internal/tui/form_application.go:678.19,680.56 1 0
github.com/AntoineGS/dot-manager/internal/tui/form_application.go:680.56,682.4 1 0
github.com/AntoineGS/dot-manager/internal/tui/form_application.go:682.9,682.62 1 0
github.com/AntoineGS/dot-manager/internal/tui/form_application.go:682.62,683.45 1 0
github.com/AntoineGS/dot-manager/internal/tui/form_application.go:683.45,685.5 1 0
github.com/AntoineGS/dot-manager/internal/tui/form_application.go:687.3,687.16 1 0
github.com/AntoineGS/dot-manager/internal/tui/form_application.go:689.20,691.56 1 0
github.com/AntoineGS/dot-manager/internal/tui/form_application.go:691.56,693.4 1 0
github.com/AntoineGS/dot-manager/internal/tui/form_application.go:693.9,693.62 1 0
github.com/AntoineGS/dot-manager/internal/tui/form_application.go:693.62,694.61 1 0
github.com/AntoineGS/dot-manager/internal/tui/form_application.go:694.61,696.5 1 0
github.com/AntoineGS/dot-manager/internal/tui/form_application.go:698.3,698.16 1 0
github.com/AntoineGS/dot-manager/internal/tui/form_application.go:700.13,702.56 1 0
github.com/AntoineGS/dot-manager/internal/tui/form_application.go:702.56,704.4 1 0
github.com/AntoineGS/dot-manager/internal/tui/form_application.go:704.9,704.62 1 0
github.com/AntoineGS/dot-manager/internal/tui/form_application.go:704.62,707.38 2 0
github.com/AntoineGS/dot-manager/internal/tui/form_application.go:707.38,711.5 3 0
github.com/AntoineGS/dot-manager/internal/tui/form_application.go:712.9,712.64 1 0
github.com/AntoineGS/dot-manager/internal/tui/form_application.go:712.64,716.4 3 0
github.com/AntoineGS/dot-manager/internal/tui/form_application.go:717.3,717.16 1 0
github.com/AntoineGS/dot-manager/internal/tui/form_application.go:719.20,721.56 1 0
github.com/AntoineGS/dot-manager/internal/tui/form_application.go:721.56,723.4 1 0
github.com/AntoineGS/dot-manager/internal/tui/form_application.go:723.9,723.62 1 0
github.com/AntoineGS/dot-manager/internal/tui/form_application.go:723.62,726.38 2 0
github.com/AntoineGS/dot-manager/internal/tui/form_application.go:726.38,730.5 3 0
github.com/AntoineGS/dot-manager/internal/tui/form_application.go:731.9,731.64 1 0
github.com/AntoineGS/dot-manager/internal/tui/form_application.go:731.64,735.4 3 0
github.com/AntoineGS/dot-manager/internal/tui/form_application.go:736.3,736.16 1 0
github.com/AntoineGS/dot-manager/internal/tui/form_application.go:738.19,740.55 1 0
github.com/AntoineGS/dot-manager/internal/tui/form_application.go:740.55,742.4 1 0
github.com/AntoineGS/dot-manager/internal/tui/form_application.go:743.3,743.16 1 0
github.com/AntoineGS/dot-manager/internal/tui/form_application.go:746.2,746.15 1 0
github.com/AntoineGS/dot-manager/internal/tui/form_application.go:750.45,751.30 1 0
github.com/AntoineGS/dot-manager/internal/tui/form_application.go:751.30,753.3 1 0
github.com/AntoineGS/dot-manager/internal/tui/form_application.go:755.2,759.39 3 0
github.com/AntoineGS/dot-manager/internal/tui/form_application.go:759.39,763.3 3 0
github.com/AntoineGS/dot-manager/internal/tui/form_application.go:763.8,767.3 3 0
github.com/AntoineGS/dot-manager/internal/tui/form_application.go:768.2,772.24 3 0
github.com/AntoineGS/dot-manager/internal/tui/form_application.go:772.24,774.3 1 0
github.com/AntoineGS/dot-manager/internal/tui/form_application.go:775.2,780.31 4 0
github.com/AntoineGS/dot-manager/internal/tui/form_application.go:780.31,782.3 1 0
github.com/AntoineGS/dot-manager/internal/tui/form_application.go:783.2,788.28 4 0
github.com/AntoineGS/dot-manager/internal/tui/form_application.go:788.28,790.3 1 0
github.com/AntoineGS/dot-manager/internal/tui/form_application.go:791.2,803.27 5 0
github.com/AntoineGS/dot-manager/internal/tui/form_application.go:803.27,805.3 1 0
github.com/AntoineGS/dot-manager/internal/tui/form_application.go:806.2,822.33 4 0
github.com/AntoineGS/dot-manager/internal/tui/form_application.go:822.33,825.3 2 0
github.com/AntoineGS/dot-manager/internal/tui/form_application.go:828.2,830.37 2 0
github.com/AntoineGS/dot-manager/internal/tui/form_application.go:834.103,835.30 1 0
github.com/AntoineGS/dot-manager/internal/tui/form_application.go:835.30,837.3 1 0
github.com/AntoineGS/dot-manager/internal/tui/form_application.go:839.2,844.19 5 0
github.com/AntoineGS/dot-manager/internal/tui/form_application.go:845.20,846.38 1 0
github.com/AntoineGS/dot-manager/internal/tui/form_application.go:847.27,848.45 1 0
github.com/AntoineGS/dot-manager/internal/tui/form_application.go:849.10,850.21 1 0
github.com/AntoineGS/dot-manager/internal/tui/form_application.go:853.2,853.15 1 0
github.com/AntoineGS/dot-manager/internal/tui/form_application.go:853.15,855.3 1 0
github.com/AntoineGS/dot-manager/internal/tui/form_application.go:857.2,858.17 2 0
github.com/AntoineGS/dot-manager/internal/tui/form_application.go:858.17,860.3 1 0
github.com/AntoineGS/dot-manager/internal/tui/form_application.go:862.2,862.15 1 0
github.com/AntoineGS/dot-manager/internal/tui/form_application.go:862.15,864.3 1 0
github.com/AntoineGS/dot-manager/internal/tui/form_application.go:865.2,865.14 1 0
github.com/AntoineGS/dot-manager/internal/tui/form_application.go:869.51,870.30 1 0
github.com/AntoineGS/dot-manager/internal/tui/form_application.go:870.30,872.3 1 0
github.com/AntoineGS/dot-manager/internal/tui/form_application.go:874.2,876.38 2 0
github.com/AntoineGS/dot-manager/internal/tui/form_application.go:876.38,881.3 1 0
github.com/AntoineGS/dot-manager/internal/tui/form_application.go:883.2,883.71 1 0
github.com/AntoineGS/dot-manager/internal/tui/form_application.go:883.71,884.42 1 0
github.com/AntoineGS/dot-manager/internal/tui/form_application.go:885.23,891.5 1 0
github.com/AntoineGS/dot-manager/internal/tui/form_application.go:892.22,897.5 1 0
github.com/AntoineGS/dot-manager/internal/tui/form_application.go:898.24,899.44 1 0
github.com/AntoineGS/dot-manager/internal/tui/form_application.go:899.44,904.5 1 0
github.com/AntoineGS/dot-manager/internal/tui/form_application.go:905.4,908.5 1 0
github.com/AntoineGS/dot-manager/internal/tui/form_application.go:912.2,912.36 1 0
github.com/AntoineGS/dot-manager/internal/tui/form_application.go:912.36,917.3 1 0
github.com/AntoineGS/dot-manager/internal/tui/form_application.go:919.2,919.28 1 0
github.com/AntoineGS/dot-manager/internal/tui/form_application.go:919.28,921.108 1 0
github.com/AntoineGS/dot-manager/internal/tui/form_application.go:921.108,923.56 2 0
github.com/AntoineGS/dot-manager/internal/tui/form_application.go:923.56,930.5 1 0
github.com/AntoineGS/dot-manager/internal/tui/form_application.go:932.3,936.4 1 0
github.com/AntoineGS/dot-manager/internal/tui/form_application.go:939.2,939.27 1 0
github.com/AntoineGS/dot-manager/internal/tui/form_application.go:939.27,940.71 1 0
github.com/AntoineGS/dot-manager/internal/tui/form_application.go:940.71,947.4 1 0
github.com/AntoineGS/dot-manager/internal/tui/form_application.go:948.3,952.4 1 0
github.com/AntoineGS/dot-manager/internal/tui/form_application.go:956.2,960.3 1 0
github.com/AntoineGS/dot-manager/internal/tui/form_application.go:964.45,965.30 1 0
github.com/AntoineGS/dot-manager/internal/tui/form_application.go:965.30,967.3 1 0
github.com/AntoineGS/dot-manager/internal/tui/form_application.go:969.2,973.16 3 0
github.com/AntoineGS/dot-manager/internal/tui/form_application.go:973.16,975.3 1 0
github.com/AntoineGS/dot-manager/internal/tui/form_application.go:978.2,982.39 3 0
github.com/AntoineGS/dot-manager/internal/tui/form_application.go:982.39,984.3 1 0
github.com/AntoineGS/dot-manager/internal/tui/form_application.go:985.2,991.4 1 0
github.com/AntoineGS/dot-manager/internal/tui/form_application.go:995.46,996.30 1 0
github.com/AntoineGS/dot-manager/internal/tui/form_application.go:996.30,998.3 1 0
github.com/AntoineGS/dot-manager/internal/tui/form_application.go:1000.2,1004.12 4 0
github.com/AntoineGS/dot-manager/internal/tui/form_application.go:1005.20,1006.38 1 0
github.com/AntoineGS/dot-manager/internal/tui/form_application.go:1007.27,1008.45 1 0
github.com/AntoineGS/dot-manager/internal/tui/form_application.go:1013.49,1014.30 1 0
github.com/AntoineGS/dot-manager/internal/tui/form_application.go:1014.30,1016.3 1 0
github.com/AntoineGS/dot-manager/internal/tui/form_application.go:1018.2,1021.12 3 0
github.com/AntoineGS/dot-manager/internal/tui/form_application.go:1022.20,1025.82 3 0
github.com/AntoineGS/dot-manager/internal/tui/form_application.go:1026.27,1029.96 3 0
github.com/AntoineGS/dot-manager/internal/tui/form_application.go:1034.46,1035.30 1 0
github.com/AntoineGS/dot-manager/internal/tui/form_application.go:1035.30,1037.3 1 0
github.com/AntoineGS/dot-manager/internal/tui/form_application.go:1039.2,1040.12 2 0
github.com/AntoineGS/dot-manager/internal/tui/form_application.go:1041.20,1042.72 1 0
github.com/AntoineGS/dot-manager/internal/tui/form_application.go:1043.27,1044.79 1 0
github.com/AntoineGS/dot-manager/internal/tui/form_application.go:1047.2,1049.32 3 0
github.com/AntoineGS/dot-manager/internal/tui/form_shared.go:36.10,39.47 2 0
github.com/AntoineGS/dot-manager/internal/tui/form_shared.go:39.47,44.44 3 0
github.com/AntoineGS/dot-manager/internal/tui/form_shared.go:44.44,46.4 1 0
github.com/AntoineGS/dot-manager/internal/tui/form_shared.go:46.9,46.44 1 0
github.com/AntoineGS/dot-manager/internal/tui/form_shared.go:46.44,48.21 1 0
github.com/AntoineGS/dot-manager/internal/tui/form_shared.go:48.21,50.5 1 0
github.com/AntoineGS/dot-manager/internal/tui/form_shared.go:50.10,52.5 1 0
github.com/AntoineGS/dot-manager/internal/tui/form_shared.go:53.9,55.21 1 0
github.com/AntoineGS/dot-manager/internal/tui/form_shared.go:55.21,57.5 1 0
github.com/AntoineGS/dot-manager/internal/tui/form_shared.go:57.10,59.5 1 0
github.com/AntoineGS/dot-manager/internal/tui/form_shared.go:63.2,63.19 1 0
github.com/AntoineGS/dot-manager/internal/tui/form_shared.go:83.10,87.35 2 0
[...]
github.com/AntoineGS/dot-manager/internal/manager/manager.go:110.53,112.3 1 0
github.com/AntoineGS/dot-manager/internal/manager/manager.go:114.2,114.38 1 1
github.com/AntoineGS/dot-manager/internal/manager/manager.go:117.37,119.16 2 1
github.com/AntoineGS/dot-manager/internal/manager/manager.go:119.16,121.3 1 1
github.com/AntoineGS/dot-manager/internal/manager/manager.go:123.2,123.57 1 1
github.com/AntoineGS/dot-manager/internal/manager/manager.go:123.57,125.3 1 0
github.com/AntoineGS/dot-manager/internal/manager/manager.go:127.2,128.16 2 1
github.com/AntoineGS/dot-manager/internal/manager/manager.go:128.16,130.3 1 0
github.com/AntoineGS/dot-manager/internal/manager/manager.go:132.2,132.32 1 1
github.com/AntoineGS/dot-manager/internal/manager/manager.go:132.32,136.20 3 1
github.com/AntoineGS/dot-manager/internal/manager/manager.go:136.20,137.52 1 1
github.com/AntoineGS/dot-manager/internal/manager/manager.go:137.52,139.5 1 0
github.com/AntoineGS/dot-manager/internal/manager/manager.go:140.9,141.53 1 1
github.com/AntoineGS/dot-manager/internal/manager/manager.go:141.53,143.5 1 0
github.com/AntoineGS/dot-manager/internal/manager/manager.go:147.2,147.12 1 1
github.com/AntoineGS/dot-manager/internal/manager/manager.go:150.35,152.16 2 1
github.com/AntoineGS/dot-manager/internal/manager/manager.go:152.16,153.25 1 1
github.com/AntoineGS/dot-manager/internal/manager/manager.go:153.25,155.4 1 1
github.com/AntoineGS/dot-manager/internal/manager/manager.go:156.3,156.13 1 0
github.com/AntoineGS/dot-manager/internal/manager/manager.go:160.2,160.37 1 1
github.com/AntoineGS/dot-manager/internal/manager/manager.go:160.37,162.3 1 1
github.com/AntoineGS/dot-manager/internal/manager/manager.go:164.2,164.27 1 1
github.com/AntoineGS/dot-manager/internal/manager/restore.go:13.35,17.27 2 1
github.com/AntoineGS/dot-manager/internal/manager/restore.go:17.27,19.3 1 1
github.com/AntoineGS/dot-manager/internal/manager/restore.go:22.2,24.32 2 1
github.com/AntoineGS/dot-manager/internal/manager/restore.go:24.32,26.19 2 1
github.com/AntoineGS/dot-manager/internal/manager/restore.go:26.19,28.12 2 1
github.com/AntoineGS/dot-manager/internal/manager/restore.go:31.3,31.55 1 1
github.com/AntoineGS/dot-manager/internal/manager/restore.go:31.55,33.4 1 1
github.com/AntoineGS/dot-manager/internal/manager/restore.go:37.2,38.35 2 1
github.com/AntoineGS/dot-manager/internal/manager/restore.go:38.35,40.19 2 0
github.com/AntoineGS/dot-manager/internal/manager/restore.go:40.19,42.12 2 0
github.com/AntoineGS/dot-manager/internal/manager/restore.go:45.3,45.58 1 0
github.com/AntoineGS/dot-manager/internal/manager/restore.go:45.58,47.4 1 0
github.com/AntoineGS/dot-manager/internal/manager/restore.go:50.2,50.12 1 1
github.com/AntoineGS/dot-manager/internal/manager/restore.go:53.73,56.22 2 1
github.com/AntoineGS/dot-manager/internal/manager/restore.go:56.22,58.3 1 1
github.com/AntoineGS/dot-manager/internal/manager/restore.go:59.2,59.50 1 1
github.com/AntoineGS/dot-manager/internal/manager/restore.go:62.82,64.23 1 1
github.com/AntoineGS/dot-manager/internal/manager/restore.go:64.23,67.3 2 1
github.com/AntoineGS/dot-manager/internal/manager/restore.go:70.2,70.47 1 1
github.com/AntoineGS/dot-manager/internal/manager/restore.go:70.47,72.16 2 1
github.com/AntoineGS/dot-manager/internal/manager/restore.go:72.16,75.33 2 1
github.com/AntoineGS/dot-manager/internal/manager/restore.go:75.33,76.59 1 1
github.com/AntoineGS/dot-manager/internal/manager/restore.go:76.59,78.6 1 0
github.com/AntoineGS/dot-manager/internal/manager/restore.go:81.4,81.18 1 1
github.com/AntoineGS/dot-manager/internal/manager/restore.go:81.18,83.37 2 0
github.com/AntoineGS/dot-manager/internal/manager/restore.go:83.37,85.6 1 0
github.com/AntoineGS/dot-manager/internal/manager/restore.go:86.10,87.53 1 1
github.com/AntoineGS/dot-manager/internal/manager/restore.go:87.53,89.6 1 0
github.com/AntoineGS/dot-manager/internal/manager/restore.go:95.2,95.25 1 1
github.com/AntoineGS/dot-manager/internal/manager/restore.go:95.25,98.3 2 1
github.com/AntoineGS/dot-manager/internal/manager/restore.go:101.2,102.28 2 1
github.com/AntoineGS/dot-manager/internal/manager/restore.go:102.28,104.16 2 1
github.com/AntoineGS/dot-manager/internal/manager/restore.go:104.16,105.18 1 1
github.com/AntoineGS/dot-manager/internal/manager/restore.go:105.18,107.37 2 0
github.com/AntoineGS/dot-manager/internal/manager/restore.go:107.37,109.6 1 0
github.com/AntoineGS/dot-manager/internal/manager/restore.go:110.10,111.56 1 1
github.com/AntoineGS/dot-manager/internal/manager/restore.go:111.56,113.6 1 0
github.com/AntoineGS/dot-manager/internal/manager/restore.go:119.2,119.46 1 1
github.com/AntoineGS/dot-manager/internal/manager/restore.go:119.46,121.16 2 1
github.com/AntoineGS/dot-manager/internal/manager/restore.go:121.16,122.18 1 1
github.com/AntoineGS/dot-manager/internal/manager/restore.go:122.18,124.37 2 0
github.com/AntoineGS/dot-manager/internal/manager/restore.go:124.37,126.6 1 0
github.com/AntoineGS/dot-manager/internal/manager/restore.go:127.10,128.45 1 1
github.com/AntoineGS/dot-manager/internal/manager/restore.go:128.45,130.6 1 0
github.com/AntoineGS/dot-manager/internal/manager/restore.go:135.2,136.15 2 1
github.com/AntoineGS/dot-manager/internal/manager/restore.go:136.15,138.3 1 1
github.com/AntoineGS/dot-manager/internal/manager/restore.go:139.2,139.12 1 1
github.com/AntoineGS/dot-manager/internal/manager/restore.go:142.81,144.25 1 1
github.com/AntoineGS/dot-manager/internal/manager/restore.go:144.25,145.16 1 1
github.com/AntoineGS/dot-manager/internal/manager/restore.go:145.16,146.52 1 1
github.com/AntoineGS/dot-manager/internal/manager/restore.go:146.52,148.5 1 0
github.com/AntoineGS/dot-manager/internal/manager/restore.go:153.2,153.25 1 1
github.com/AntoineGS/dot-manager/internal/manager/restore.go:153.25,155.16 2 1
github.com/AntoineGS/dot-manager/internal/manager/restore.go:155.16,156.18 1 1
github.com/AntoineGS/dot-manager/internal/manager/restore.go:156.18,158.37 2 1
github.com/AntoineGS/dot-manager/internal/manager/restore.go:158.37,160.6 1 1
github.com/AntoineGS/dot-manager/internal/manager/restore.go:161.10,162.53 1 1
github.com/AntoineGS/dot-manager/internal/manager/restore.go:162.53,164.6 1 0
github.com/AntoineGS/dot-manager/internal/manager/restore.go:169.2,169.35 1 1
github.com/AntoineGS/dot-manager/internal/manager/restore.go:169.35,174.25 3 1
github.com/AntoineGS/dot-manager/internal/manager/restore.go:174.25,176.12 2 0
github.com/AntoineGS/dot-manager/internal/manager/restore.go:180.3,180.50 1 1
github.com/AntoineGS/dot-manager/internal/manager/restore.go:180.50,182.17 2 1
github.com/AntoineGS/dot-manager/internal/manager/restore.go:182.17,184.19 1 1
github.com/AntoineGS/dot-manager/internal/manager/restore.go:184.19,186.38 2 0
github.com/AntoineGS/dot-manager/internal/manager/restore.go:186.38,188.7 1 0
github.com/AntoineGS/dot-manager/internal/manager/restore.go:189.11,190.56 1 1
github.com/AntoineGS/dot-manager/internal/manager/restore.go:190.56,192.56 1 0
github.com/AntoineGS/dot-manager/internal/manager/restore.go:192.56,194.8 1 0
github.com/AntoineGS/dot-manager/internal/manager/restore.go:195.7,195.48 1 0
github.com/AntoineGS/dot-manager/internal/manager/restore.go:195.48,197.8 1 0
github.com/AntoineGS/dot-manager/internal/manager/restore.go:203.3,203.27 1 1
github.com/AntoineGS/dot-manager/internal/manager/restore.go:203.27,205.12 2 0
github.com/AntoineGS/dot-manager/internal/manager/restore.go:209.3,209.49 1 1
github.com/AntoineGS/dot-manager/internal/manager/restore.go:209.49,211.17 2 1
github.com/AntoineGS/dot-manager/internal/manager/restore.go:211.17,212.19 1 1
github.com/AntoineGS/dot-manager/internal/manager/restore.go:212.19,214.38 2 0
github.com/AntoineGS/dot-manager/internal/manager/restore.go:214.38,216.7 1 0
github.com/AntoineGS/dot-manager/internal/manager/restore.go:217.11,218.47 1 1
github.com/AntoineGS/dot-manager/internal/manager/restore.go:218.47,220.7 1 0
github.com/AntoineGS/dot-manager/internal/manager/restore.go:225.3,226.16 2 1
github.com/AntoineGS/dot-manager/internal/manager/restore.go:226.16,227.70 1 1
github.com/AntoineGS/dot-manager/internal/manager/restore.go:227.70,229.5 1 0
github.com/AntoineGS/dot-manager/internal/manager/restore.go:233.2,233.12 1 1
github.com/AntoineGS/dot-manager/internal/manager/restore.go:236.63,238.43 1 1
github.com/AntoineGS/dot-manager/internal/manager/restore.go:238.43,239.25 1 0
github.com/AntoineGS/dot-manager/internal/manager/restore.go:239.25,241.4 1 0
github.com/AntoineGS/dot-manager/internal/manager/restore.go:242.3,242.72 1 0
github.com/AntoineGS/dot-manager/internal/manager/restore.go:245.2,245.31 1 1
github.com/AntoineGS/dot-manager/internal/manager/restore.go:245.31,248.17 2 0
github.com/AntoineGS/dot-manager/internal/manager/restore.go:248.17,250.4 1 0
github.com/AntoineGS/dot-manager/internal/manager/restore.go:252.3,252.19 1 0
github.com/AntoineGS/dot-manager/internal/manager/restore.go:252.19,256.4 2 0
github.com/AntoineGS/dot-manager/internal/manager/restore.go:258.3,259.19 2 0
github.com/AntoineGS/dot-manager/internal/manager/restore.go:262.2,262.13 1 1
github.com/AntoineGS/dot-manager/internal/manager/restore.go:262.13,265.3 2 0
github.com/AntoineGS/dot-manager/internal/manager/restore.go:266.2,266.35 1 1
github.com/AntoineGS/dot-manager/internal/manager/restore.go:270.76,271.24 1 1
github.com/AntoineGS/dot-manager/internal/manager/restore.go:271.24,274.25 2 1
github.com/AntoineGS/dot-manager/internal/manager/restore.go:274.25,276.17 2 0
github.com/AntoineGS/dot-manager/internal/manager/restore.go:276.17,278.19 2 0
github.com/AntoineGS/dot-manager/internal/manager/restore.go:278.19,280.6 1 0
github.com/AntoineGS/dot-manager/internal/manager/restore.go:280.11,282.6 1 0
github.com/AntoineGS/dot-manager/internal/manager/restore.go:283.5,285.37 3 0
github.com/AntoineGS/dot-manager/internal/manager/restore.go:285.37,287.6 1 0
github.com/AntoineGS/dot-manager/internal/manager/restore.go:288.5,288.54 1 0
github.com/AntoineGS/dot-manager/internal/manager/restore.go:290.4,290.14 1 0
github.com/AntoineGS/dot-manager/internal/manager/restore.go:293.3,294.13 2 1
github.com/AntoineGS/dot-manager/internal/manager/restore.go:298.2,299.15 2 1
github.com/AntoineGS/dot-manager/internal/manager/restore.go:299.15,301.29 2 0
github.com/AntoineGS/dot-manager/internal/manager/restore.go:301.29,302.18 1 0
github.com/AntoineGS/dot-manager/internal/manager/restore.go:302.18,304.42 2 0
github.com/AntoineGS/dot-manager/internal/manager/restore.go:304.42,306.6 1 0
github.com/AntoineGS/dot-manager/internal/manager/restore.go:307.10,308.56 1 0
github.com/AntoineGS/dot-manager/internal/manager/restore.go:308.56,310.6 1 0
github.com/AntoineGS/dot-manager/internal/manager/restore.go:314.3,315.25 2 0
github.com/AntoineGS/dot-manager/internal/manager/restore.go:315.25,317.4 1 0
github.com/AntoineGS/dot-manager/internal/manager/restore.go:318.3,321.17 3 0
github.com/AntoineGS/dot-manager/internal/manager/restore.go:321.17,323.4 1 0
github.com/AntoineGS/dot-manager/internal/manager/restore.go:323.9,325.4 1 0
github.com/AntoineGS/dot-manager/internal/manager/restore.go:326.3,328.35 3 0
github.com/AntoineGS/dot-manager/internal/manager/restore.go:328.35,330.4 1 0
github.com/AntoineGS/dot-manager/internal/manager/restore.go:331.3,331.51 1 0
github.com/AntoineGS/dot-manager/internal/manager/restore.go:334.2,334.12 1 1
github.com/AntoineGS/dot-manager/internal/manager/restore.go:337.37,340.27 2 1
github.com/AntoineGS/dot-manager/internal/manager/restore.go:340.27,343.40 2 1
github.com/AntoineGS/dot-manager/internal/manager/restore.go:343.40,345.20 2 1
github.com/AntoineGS/dot-manager/internal/manager/restore.go:345.20,347.13 2 0
github.com/AntoineGS/dot-manager/internal/manager/restore.go:350.4,350.27 1 1
github.com/AntoineGS/dot-manager/internal/manager/restore.go:350.27,351.73 1 1
github.com/AntoineGS/dot-manager/internal/manager/restore.go:351.73,353.6 1 0
github.com/AntoineGS/dot-manager/internal/manager/restore.go:354.10,354.31 1 0
github.com/AntoineGS/dot-manager/internal/manager/restore.go:354.31,355.76 1 0
github.com/AntoineGS/dot-manager/internal/manager/restore.go:355.76,357.6 1 0
github.com/AntoineGS/dot-manager/internal/manager/restore.go:362.2,362.12 1 1
github.com/AntoineGS/dot-manager/internal/manager/restore.go:365.98,368.25 2 1
github.com/AntoineGS/dot-manager/internal/manager/restore.go:368.25,370.3 1 1
github.com/AntoineGS/dot-manager/internal/manager/restore.go:371.2,371.70 1 0
github.com/AntoineGS/dot-manager/internal/manager/restore.go:374.112,376.23 1 1
github.com/AntoineGS/dot-manager/internal/manager/restore.go:376.23,379.3 2 0
github.com/AntoineGS/dot-manager/internal/manager/restore.go:381.2,381.47 1 1
github.com/AntoineGS/dot-manager/internal/manager/restore.go:381.47,383.16 2 0
github.com/AntoineGS/dot-manager/internal/manager/restore.go:383.16,385.33 2 0
github.com/AntoineGS/dot-manager/internal/manager/restore.go:385.33,386.59 1 0
github.com/AntoineGS/dot-manager/internal/manager/restore.go:386.59,388.6 1 0
github.com/AntoineGS/dot-manager/internal/manager/restore.go:390.4,390.21 1 0
github.com/AntoineGS/dot-manager/internal/manager/restore.go:390.21,392.37 2 0
github.com/AntoineGS/dot-manager/internal/manager/restore.go:392.37,394.6 1 0
github.com/AntoineGS/dot-manager/internal/manager/restore.go:395.10,396.53 1 0
github.com/AntoineGS/dot-manager/internal/manager/restore.go:396.53,398.6 1 0
github.com/AntoineGS/dot-manager/internal/manager/restore.go:403.2,403.25 1 1
github.com/AntoineGS/dot-manager/internal/manager/restore.go:403.25,406.3 2 0
github.com/AntoineGS/dot-manager/internal/manager/restore.go:408.2,409.28 2 1
github.com/AntoineGS/dot-manager/internal/manager/restore.go:409.28,411.16 2 1
github.com/AntoineGS/dot-manager/internal/manager/restore.go:411.16,412.21 1 1
github.com/AntoineGS/dot-manager/internal/manager/restore.go:412.21,414.37 2 0
github.com/AntoineGS/dot-manager/internal/manager/restore.go:414.37,416.6 1 0
github.com/AntoineGS/dot-manager/internal/manager/restore.go:417.10,418.56 1 1
github.com/AntoineGS/dot-manager/internal/manager/restore.go:418.56,420.6 1 0
github.com/AntoineGS/dot-manager/internal/manager/restore.go:425.2,425.46 1 1
github.com/AntoineGS/dot-manager/internal/manager/restore.go:425.46,427.16 2 0
github.com/AntoineGS/dot-manager/internal/manager/restore.go:427.16,428.21 1 0
github.com/AntoineGS/dot-manager/internal/manager/restore.go:428.21,430.37 2 0
github.com/AntoineGS/dot-manager/internal/manager/restore.go:430.37,432.6 1 0
github.com/AntoineGS/dot-manager/internal/manager/restore.go:433.10,434.45 1 0
github.com/AntoineGS/dot-manager/internal/manager/restore.go:434.45,436.6 1 0
github.com/AntoineGS/dot-manager/internal/manager/restore.go:441.2,442.15 2 1
github.com/AntoineGS/dot-manager/internal/manager/restore.go:442.15,444.3 1 1
github.com/AntoineGS/dot-manager/internal/manager/restore.go:445.2,445.12 1 0
github.com/AntoineGS/dot-manager/internal/manager/restore.go:448.111,450.25 1 0
github.com/AntoineGS/dot-manager/internal/manager/restore.go:450.25,451.16 1 0
github.com/AntoineGS/dot-manager/internal/manager/restore.go:451.16,452.52 1 0
github.com/AntoineGS/dot-manager/internal/manager/restore.go:452.52,454.5 1 0
github.com/AntoineGS/dot-manager/internal/manager/restore.go:458.2,458.25 1 0
github.com/AntoineGS/dot-manager/internal/manager/restore.go:458.25,460.16 2 0
github.com/AntoineGS/dot-manager/internal/manager/restore.go:460.16,461.21 1 0
github.com/AntoineGS/dot-manager/internal/manager/restore.go:461.21,463.37 2 0
github.com/AntoineGS/dot-manager/internal/manager/restore.go:463.37,465.6 1 0
github.com/AntoineGS/dot-manager/internal/manager/restore.go:466.10,467.53 1 0
github.com/AntoineGS/dot-manager/internal/manager/restore.go:467.53,469.6 1 0
github.com/AntoineGS/dot-manager/internal/manager/restore.go:474.2,474.38 1 0
github.com/AntoineGS/dot-manager/internal/manager/restore.go:474.38,478.25 3 0
github.com/AntoineGS/dot-manager/internal/manager/restore.go:478.25,480.12 2 0
github.com/AntoineGS/dot-manager/internal/manager/restore.go:483.3,483.50 1 0
github.com/AntoineGS/dot-manager/internal/manager/restore.go:483.50,485.17 2 0
github.com/AntoineGS/dot-manager/internal/manager/restore.go:485.17,486.22 1 0
github.com/AntoineGS/dot-manager/internal/manager/restore.go:486.22,488.38 2 0
github.com/AntoineGS/dot-manager/internal/manager/restore.go:488.38,490.7 1 0
github.com/AntoineGS/dot-manager/internal/manager/restore.go:491.11,492.56 1 0
github.com/AntoineGS/dot-manager/internal/manager/restore.go:492.56,493.56 1 0
github.com/AntoineGS/dot-manager/internal/manager/restore.go:493.56,495.8 1 0
github.com/AntoineGS/dot-manager/internal/manager/restore.go:496.7,496.48 1 0
github.com/AntoineGS/dot-manager/internal/manager/restore.go:496.48,498.8 1 0
github.com/AntoineGS/dot-manager/internal/manager/restore.go:504.3,504.27 1 0
github.com/AntoineGS/dot-manager/internal/manager/restore.go:504.27,506.12 2 0
github.com/AntoineGS/dot-manager/internal/manager/restore.go:509.3,509.49 1 0
github.com/AntoineGS/dot-manager/internal/manager/restore.go:509.49,511.17 2 0
github.com/AntoineGS/dot-manager/internal/manager/restore.go:511.17,512.22 1 0
github.com/AntoineGS/dot-manager/internal/manager/restore.go:512.22,514.38 2 0
github.com/AntoineGS/dot-manager/internal/manager/restore.go:514.38,516.7 1 0
github.com/AntoineGS/dot-manager/internal/manager/restore.go:517.11,518.47 1 0
github.com/AntoineGS/dot-manager/internal/manager/restore.go:518.47,520.7 1 0
github.com/AntoineGS/dot-manager/internal/manager/restore.go:525.3,526.16 2 0
github.com/AntoineGS/dot-manager/internal/manager/restore.go:526.16,527.73 1 0
github.com/AntoineGS/dot-manager/internal/manager/restore.go:527.73,529.5 1 0
github.com/AntoineGS/dot-manager/internal/manager/restore.go:533.2,533.12 1 0
github.com/AntoineGS/dot-manager/internal/manager/restore.go:536.101,538.24 1 0
github.com/AntoineGS/dot-manager/internal/manager/restore.go:538.24,540.25 2 0
github.com/AntoineGS/dot-manager/internal/manager/restore.go:540.25,542.17 2 0
github.com/AntoineGS/dot-manager/internal/manager/restore.go:542.17,544.22 2 0
github.com/AntoineGS/dot-manager/internal/manager/restore.go:544.22,546.6 1 0
github.com/AntoineGS/dot-manager/internal/manager/restore.go:546.11,548.6 1 0
github.com/AntoineGS/dot-manager/internal/manager/restore.go:549.5,551.37 3 0
github.com/AntoineGS/dot-manager/internal/manager/restore.go:551.37,553.6 1 0
github.com/AntoineGS/dot-manager/internal/manager/restore.go:554.5,554.69 1 0
github.com/AntoineGS/dot-manager/internal/manager/restore.go:556.4,556.14 1 0
github.com/AntoineGS/dot-manager/internal/manager/restore.go:558.3,559.13 2 0
github.com/AntoineGS/dot-manager/internal/manager/restore.go:562.2,563.15 2 0
github.com/AntoineGS/dot-manager/internal/manager/restore.go:563.15,565.29 2 0
github.com/AntoineGS/dot-manager/internal/manager/restore.go:565.29,566.21 1 0
github.com/AntoineGS/dot-manager/internal/manager/restore.go:566.21,568.42 2 0
github.com/AntoineGS/dot-manager/internal/manager/restore.go:568.42,570.6 1 0
github.com/AntoineGS/dot-manager/internal/manager/restore.go:571.10,572.56 1 0
github.com/AntoineGS/dot-manager/internal/manager/restore.go:572.56,574.6 1 0
github.com/AntoineGS/dot-manager/internal/manager/restore.go:578.3,579.28 2 0
github.com/AntoineGS/dot-manager/internal/manager/restore.go:579.28,581.4 1 0
github.com/AntoineGS/dot-manager/internal/manager/restore.go:582.3,585.20 3 0
github.com/AntoineGS/dot-manager/internal/manager/restore.go:585.20,587.4 1 0
github.com/AntoineGS/dot-manager/internal/manager/restore.go:587.9,589.4 1 0
github.com/AntoineGS/dot-manager/internal/manager/restore.go:590.3,592.35 3 0
github.com/AntoineGS/dot-manager/internal/manager/restore.go:592.35,594.4 1 0
github.com/AntoineGS/dot-manager/internal/manager/restore.go:595.3,595.66 1 0
github.com/AntoineGS/dot-manager/internal/manager/restore.go:598.2,598.12 1 0
